[rospy.client][INFO] 2020-09-04 17:59:36,685: init_node, name[/base/cube_base_driver/base_controller_spawner], pid[28243]
[xmlrpc][INFO] 2020-09-04 17:59:36,685: XML-RPC server binding to 0.0.0.0:0
[xmlrpc][INFO] 2020-09-04 17:59:36,685: Started XML-RPC server [http://cuboid0009:42103/]
[rospy.init][INFO] 2020-09-04 17:59:36,686: ROS Slave URI: [http://cuboid0009:42103/]
[rospy.impl.masterslave][INFO] 2020-09-04 17:59:36,686: _ready: http://cuboid0009:42103/
[rospy.registration][INFO] 2020-09-04 17:59:36,686: Registering with master node http://localhost:11311
[xmlrpc][INFO] 2020-09-04 17:59:36,687: xml rpc node: starting XML-RPC server
[rospy.init][INFO] 2020-09-04 17:59:36,786: registered with master
[rospy.rosout][INFO] 2020-09-04 17:59:36,786: initializing /rosout core topic
[rospy.rosout][INFO] 2020-09-04 17:59:36,788: connected to core topic /rosout
[rospy.simtime][INFO] 2020-09-04 17:59:36,789: /use_sim_time is not set, will not subscribe to simulated time [/clock] topic
[rosout][INFO] 2020-09-04 17:59:36,792: Controller Spawner: Waiting for service controller_manager/load_controller
[rosout][INFO] 2020-09-04 17:59:36,793: Controller Spawner: Waiting for service controller_manager/switch_controller
[rosout][INFO] 2020-09-04 17:59:36,794: Controller Spawner: Waiting for service controller_manager/unload_controller
[rosout][INFO] 2020-09-04 17:59:36,795: Loading controller: diff_drive_controller
[rosout][INFO] 2020-09-04 17:59:36,848: Loading controller: joint_state_controller
[rosout][INFO] 2020-09-04 17:59:36,858: Controller Spawner: Loaded controllers: diff_drive_controller, joint_state_controller
[rosout][INFO] 2020-09-04 17:59:36,868: Started controllers: diff_drive_controller, joint_state_controller
[rospy.internal][INFO] 2020-09-04 17:59:37,087: topic[/rosout] adding connection to [/rosout], count 0
[rospy.core][INFO] 2020-09-04 18:25:52,526: signal_shutdown [signal-2]
[rosout][INFO] 2020-09-04 18:25:52,526: Shutting down spawner. Stopping and unloading controllers...
[rosout][INFO] 2020-09-04 18:25:52,526: Stopping all controllers...
[rosout][WARNING] 2020-09-04 18:25:52,528: Controller Spawner error while taking down controllers: unable to contact master
[rospy.registration][WARNING] 2020-09-04 18:25:52,529: cannot unregister with master due to network issues
[rospy.internal][INFO] 2020-09-04 18:25:52,529: topic[/rosout] removing connection to /rosout
[rospy.impl.masterslave][INFO] 2020-09-04 18:25:52,529: signal-2
[rospy.core][INFO] 2020-09-04 18:25:52,651: signal_shutdown [atexit]
