[rospy.client][INFO] 2020-09-04 17:59:46,039: init_node, name[/diagnostic_rplidar_head_topic], pid[30769]
[xmlrpc][INFO] 2020-09-04 17:59:46,039: XML-RPC server binding to 0.0.0.0:0
[xmlrpc][INFO] 2020-09-04 17:59:46,039: Started XML-RPC server [http://cuboid0009:40681/]
[rospy.init][INFO] 2020-09-04 17:59:46,040: ROS Slave URI: [http://cuboid0009:40681/]
[rospy.impl.masterslave][INFO] 2020-09-04 17:59:46,040: _ready: http://cuboid0009:40681/
[rospy.registration][INFO] 2020-09-04 17:59:46,040: Registering with master node http://localhost:11311
[xmlrpc][INFO] 2020-09-04 17:59:46,040: xml rpc node: starting XML-RPC server
[rospy.init][INFO] 2020-09-04 17:59:46,140: registered with master
[rospy.rosout][INFO] 2020-09-04 17:59:46,140: initializing /rosout core topic
[rospy.rosout][INFO] 2020-09-04 17:59:46,142: connected to core topic /rosout
[rospy.simtime][INFO] 2020-09-04 17:59:46,143: /use_sim_time is not set, will not subscribe to simulated time [/clock] topic
[rospy.internal][INFO] 2020-09-04 17:59:46,155: topic[/head_scan] adding connection to [http://cuboid0009:34525/], count 0
[rospy.internal][INFO] 2020-09-04 17:59:46,439: topic[/rosout] adding connection to [/rosout], count 0
[rospy.internal][INFO] 2020-09-04 17:59:46,439: topic[/diagnostics] adding connection to [/diag_agg], count 0
[rospy.core][INFO] 2020-09-04 18:25:52,533: signal_shutdown [signal-2]
[rospy.registration][WARNING] 2020-09-04 18:25:52,534: cannot unregister with master due to network issues
[rospy.internal][INFO] 2020-09-04 18:25:52,534: topic[/diagnostics] removing connection to /diag_agg
[rospy.internal][INFO] 2020-09-04 18:25:52,534: topic[/rosout] removing connection to /rosout
[rospy.internal][INFO] 2020-09-04 18:25:52,534: topic[/head_scan] removing connection to http://cuboid0009:34525/
[rospy.impl.masterslave][INFO] 2020-09-04 18:25:52,534: signal-2
[rospy.core][INFO] 2020-09-04 18:25:52,646: signal_shutdown [atexit]
