[rospy.client][INFO] 2020-09-04 17:59:32,493: init_node, name[/diagnostic_vesc_right_topic], pid[27872]
[xmlrpc][INFO] 2020-09-04 17:59:32,494: XML-RPC server binding to 0.0.0.0:0
[xmlrpc][INFO] 2020-09-04 17:59:32,494: Started XML-RPC server [http://cuboid0009:43547/]
[rospy.init][INFO] 2020-09-04 17:59:32,494: ROS Slave URI: [http://cuboid0009:43547/]
[rospy.impl.masterslave][INFO] 2020-09-04 17:59:32,494: _ready: http://cuboid0009:43547/
[rospy.registration][INFO] 2020-09-04 17:59:32,495: Registering with master node http://localhost:11311
[xmlrpc][INFO] 2020-09-04 17:59:32,495: xml rpc node: starting XML-RPC server
[rospy.init][INFO] 2020-09-04 17:59:32,595: registered with master
[rospy.rosout][INFO] 2020-09-04 17:59:32,595: initializing /rosout core topic
[rospy.rosout][INFO] 2020-09-04 17:59:32,597: connected to core topic /rosout
[rospy.simtime][INFO] 2020-09-04 17:59:32,598: /use_sim_time is not set, will not subscribe to simulated time [/clock] topic
[rospy.internal][INFO] 2020-09-04 17:59:32,872: topic[/rosout] adding connection to [/rosout], count 0
[rospy.internal][INFO] 2020-09-04 17:59:32,873: topic[/diagnostics] adding connection to [/diag_agg], count 0
[rospy.internal][INFO] 2020-09-04 17:59:35,527: topic[/base/wheel_right/sensors/core] adding connection to [http://cuboid0009:35275/], count 0
[rospy.core][INFO] 2020-09-04 18:25:52,525: signal_shutdown [signal-2]
[rospy.registration][WARNING] 2020-09-04 18:25:52,527: cannot unregister with master due to network issues
[rospy.internal][INFO] 2020-09-04 18:25:52,527: topic[/diagnostics] removing connection to /diag_agg
[rospy.internal][INFO] 2020-09-04 18:25:52,527: topic[/rosout] removing connection to /rosout
[rospy.internal][INFO] 2020-09-04 18:25:52,528: topic[/base/wheel_right/sensors/core] removing connection to http://cuboid0009:35275/
[rospy.impl.masterslave][INFO] 2020-09-04 18:25:52,528: signal-2
[rospy.core][INFO] 2020-09-04 18:25:52,700: signal_shutdown [atexit]
