[rospy.client][INFO] 2020-09-04 17:59:59,499: init_node, name[/diagnostic_map_scan_front], pid[2159]
[xmlrpc][INFO] 2020-09-04 17:59:59,499: XML-RPC server binding to 0.0.0.0:0
[xmlrpc][INFO] 2020-09-04 17:59:59,500: Started XML-RPC server [http://cuboid0009:44969/]
[rospy.init][INFO] 2020-09-04 17:59:59,500: ROS Slave URI: [http://cuboid0009:44969/]
[rospy.impl.masterslave][INFO] 2020-09-04 17:59:59,500: _ready: http://cuboid0009:44969/
[rospy.registration][INFO] 2020-09-04 17:59:59,502: Registering with master node http://localhost:11311
[xmlrpc][INFO] 2020-09-04 17:59:59,502: xml rpc node: starting XML-RPC server
[rospy.init][INFO] 2020-09-04 17:59:59,600: registered with master
[rospy.rosout][INFO] 2020-09-04 17:59:59,601: initializing /rosout core topic
[rospy.rosout][INFO] 2020-09-04 17:59:59,602: connected to core topic /rosout
[rospy.simtime][INFO] 2020-09-04 17:59:59,603: /use_sim_time is not set, will not subscribe to simulated time [/clock] topic
[rospy.internal][INFO] 2020-09-04 17:59:59,617: topic[/map_scan_front] adding connection to [http://cuboid0009:40185/], count 0
[rospy.internal][INFO] 2020-09-04 17:59:59,795: topic[/rosout] adding connection to [/rosout], count 0
[rospy.internal][INFO] 2020-09-04 17:59:59,894: topic[/diagnostics] adding connection to [/diag_agg], count 0
[rospy.core][INFO] 2020-09-04 18:25:52,520: signal_shutdown [signal-2]
[rospy.registration][WARNING] 2020-09-04 18:25:52,546: cannot unregister with master due to network issues
[rospy.internal][INFO] 2020-09-04 18:25:52,546: topic[/diagnostics] removing connection to /diag_agg
[rospy.internal][INFO] 2020-09-04 18:25:52,547: topic[/rosout] removing connection to /rosout
[rospy.internal][INFO] 2020-09-04 18:25:52,547: topic[/map_scan_front] removing connection to http://cuboid0009:40185/
[rospy.impl.masterslave][INFO] 2020-09-04 18:25:52,547: signal-2
[rospy.core][INFO] 2020-09-04 18:25:53,162: signal_shutdown [signal-2]
[rospy.core][INFO] 2020-09-04 18:25:53,162: signal_shutdown [atexit]
