[rospy.client][INFO] 2020-09-04 17:59:33,535: init_node, name[/diagnostic_vesc_left_topic], pid[27924]
[xmlrpc][INFO] 2020-09-04 17:59:33,535: XML-RPC server binding to 0.0.0.0:0
[xmlrpc][INFO] 2020-09-04 17:59:33,535: Started XML-RPC server [http://cuboid0009:38473/]
[rospy.init][INFO] 2020-09-04 17:59:33,536: ROS Slave URI: [http://cuboid0009:38473/]
[rospy.impl.masterslave][INFO] 2020-09-04 17:59:33,536: _ready: http://cuboid0009:38473/
[rospy.registration][INFO] 2020-09-04 17:59:33,536: Registering with master node http://localhost:11311
[xmlrpc][INFO] 2020-09-04 17:59:33,536: xml rpc node: starting XML-RPC server
[rospy.init][INFO] 2020-09-04 17:59:33,636: registered with master
[rospy.rosout][INFO] 2020-09-04 17:59:33,636: initializing /rosout core topic
[rospy.rosout][INFO] 2020-09-04 17:59:33,638: connected to core topic /rosout
[rospy.simtime][INFO] 2020-09-04 17:59:33,639: /use_sim_time is not set, will not subscribe to simulated time [/clock] topic
[rospy.internal][INFO] 2020-09-04 17:59:33,776: topic[/rosout] adding connection to [/rosout], count 0
[rospy.internal][INFO] 2020-09-04 17:59:33,876: topic[/diagnostics] adding connection to [/diag_agg], count 0
[rospy.internal][INFO] 2020-09-04 17:59:34,516: topic[/base/wheel_left/sensors/core] adding connection to [http://cuboid0009:43297/], count 0
[rospy.core][INFO] 2020-09-04 18:25:52,530: signal_shutdown [signal-2]
[rospy.registration][WARNING] 2020-09-04 18:25:52,532: cannot unregister with master due to network issues
[rospy.internal][INFO] 2020-09-04 18:25:52,532: topic[/diagnostics] removing connection to /diag_agg
[rospy.internal][INFO] 2020-09-04 18:25:52,532: topic[/rosout] removing connection to /rosout
[rospy.internal][INFO] 2020-09-04 18:25:52,532: topic[/base/wheel_left/sensors/core] removing connection to http://cuboid0009:43297/
[rospy.impl.masterslave][INFO] 2020-09-04 18:25:52,532: signal-2
[rospy.core][INFO] 2020-09-04 18:25:52,706: signal_shutdown [atexit]
