[INFO] [1599711613.242775]: api:report/robot/uploadMileage/
[INFO] [1599711613.243191]: robot_serial_no:Cuboid0009
[INFO] [1599711623.266447]: 1.01949699477e-13
[INFO] [1599711623.266835]: [start] obtain token
[INFO] [1599711623.267075]: username: 3ETmYh7UGzHDPhJP
[INFO] [1599711623.267280]: password: 1Fc**********
[INFO] [1599711623.959411]: [successed] obtain token
[INFO] [1599711633.294348]: 1.01949699477e-13
[INFO] [1599711643.262357]: 0.100751252353
[INFO] [1599711653.266451]: 0.00194727170093
[INFO] [1599711663.262338]: 0.000432152674198
[INFO] [1599711673.302327]: -0.0708119178306
[INFO] [1599711683.278369]: 0.0614753437887
[INFO] [1599711693.266370]: -0.00137322236658
[INFO] [1599711703.261101]: 0.903675460999
[INFO] [1599711713.282348]: 2.99882587232
[INFO] [1599711723.282463]: 2.97784337169
[INFO] [1599711733.266439]: 2.97160306387
[INFO] [1599711743.270386]: 2.98618021468
[INFO] [1599711753.274331]: 2.57086223674
[INFO] [1599711763.266427]: 1.56134864145
[INFO] [1599711773.261444]: -0.00582177214425
[INFO] [1599711783.261334]: -0.00152870992636
[INFO] [1599711793.278391]: 2.54556389365
[INFO] [1599711803.262392]: 2.99178732047
[INFO] [1599711813.261221]: 2.99276481196
[INFO] [1599711823.261372]: 2.27311655469
[INFO] [1599711833.266403]: 2.73025843059
[INFO] [1599711855.389388]: 1.792894126
[INFO] [1599711858.461747]: 2.11959219924
[INFO] [1599711921.580095]: -0.00384326980275
[INFO] [1599712041.718225]: 0.0579503613096
[INFO] [1599712041.718551]: [start] obtain token
[INFO] [1599712041.718816]: username: 3ETmYh7UGzHDPhJP
[INFO] [1599712041.719059]: password: 1Fc**********
[INFO] [1599712161.852363]: 1.6580477396
[INFO] [1599712161.852689]: [start] obtain token
[INFO] [1599712161.852969]: username: 3ETmYh7UGzHDPhJP
[INFO] [1599712161.853176]: password: 1Fc**********
[INFO] [1599712281.986455]: 2.98534366861
[INFO] [1599712281.986789]: [start] obtain token
[INFO] [1599712281.987006]: username: 3ETmYh7UGzHDPhJP
[INFO] [1599712281.987266]: password: 1Fc**********
[INFO] [1599712402.117331]: 2.98794314871
[INFO] [1599712402.117624]: [start] obtain token
[INFO] [1599712402.117865]: username: 3ETmYh7UGzHDPhJP
[INFO] [1599712402.118163]: password: 1Fc**********
[INFO] [1599712522.256281]: 2.99291135278
[INFO] [1599712522.256649]: [start] obtain token
[INFO] [1599712522.256926]: username: 3ETmYh7UGzHDPhJP
[INFO] [1599712522.257210]: password: 1Fc**********
[INFO] [1599712642.389634]: 2.61542099565
[INFO] [1599712642.389981]: [start] obtain token
[INFO] [1599712642.390318]: username: 3ETmYh7UGzHDPhJP
[INFO] [1599712642.390554]: password: 1Fc**********
[INFO] [1599712762.523143]: 0.766908155466
[INFO] [1599712762.523486]: [start] obtain token
[INFO] [1599712762.523772]: username: 3ETmYh7UGzHDPhJP
[INFO] [1599712762.524021]: password: 1Fc**********
[INFO] [1599712882.657860]: 0.642483234128
[INFO] [1599712882.658273]: [start] obtain token
[INFO] [1599712882.658608]: username: 3ETmYh7UGzHDPhJP
[INFO] [1599712882.658881]: password: 1Fc**********
[INFO] [1599713002.792167]: 2.76607620079
[INFO] [1599713002.792539]: [start] obtain token
[INFO] [1599713002.792825]: username: 3ETmYh7UGzHDPhJP
[INFO] [1599713002.793186]: password: 1Fc**********
[INFO] [1599713122.924655]: -0.360413259395
[INFO] [1599713122.924940]: [start] obtain token
[INFO] [1599713122.925155]: username: 3ETmYh7UGzHDPhJP
[INFO] [1599713122.925342]: password: 1Fc**********
[INFO] [1599713243.062916]: 2.73598461261
[INFO] [1599713243.063218]: [start] obtain token
[INFO] [1599713243.063470]: username: 3ETmYh7UGzHDPhJP
[INFO] [1599713243.063735]: password: 1Fc**********
[INFO] [1599713363.221596]: 2.7258845981
[INFO] [1599713363.222219]: [start] obtain token
[INFO] [1599713363.222477]: username: 3ETmYh7UGzHDPhJP
[INFO] [1599713363.222705]: password: 1Fc**********
[INFO] [1599713483.358197]: 0.661034030451
[INFO] [1599713483.358566]: [start] obtain token
[INFO] [1599713483.358846]: username: 3ETmYh7UGzHDPhJP
[INFO] [1599713483.359118]: password: 1Fc**********
[INFO] [1599713603.488707]: 0.107434910475
[INFO] [1599713603.488989]: [start] obtain token
[INFO] [1599713603.489227]: username: 3ETmYh7UGzHDPhJP
[INFO] [1599713603.489929]: password: 1Fc**********
shutdown request: user request
