[0m[ INFO] [1599705820.951971151]: Initializing nodelet with 8 worker threads.[0m
[0m[ INFO] [1599705821.435924112]: Reconfigure request : 0.500000 1.000000 0.100000 1.000000 6.000000[0m
[33m[ WARN] [1599706831.602490279]: Velocity Smoother : input got inactive leaving us a non-zero target velocity (-0.1, 0), zeroing...[velocity_smoother][0m
[33m[ WARN] [1599706917.852489977]: Velocity Smoother : input got inactive leaving us a non-zero target velocity (0.1, 0.5), zeroing...[velocity_smoother][0m
[33m[ WARN] [1599706918.052463097]: Velocity Smoother : input got inactive leaving us a non-zero target velocity (0.1, 0.5), zeroing...[velocity_smoother][0m
[33m[ WARN] [1599706989.702466339]: Velocity Smoother : input got inactive leaving us a non-zero target velocity (0.1, 0.5), zeroing...[velocity_smoother][0m
[33m[ WARN] [1599706989.902462878]: Velocity Smoother : input got inactive leaving us a non-zero target velocity (0.1, 0.5), zeroing...[velocity_smoother][0m
[33m[ WARN] [1599706990.102468534]: Velocity Smoother : input got inactive leaving us a non-zero target velocity (0.1, 0.5), zeroing...[velocity_smoother][0m
[33m[ WARN] [1599707214.052464917]: Velocity Smoother : input got inactive leaving us a non-zero target velocity (-0.1, 0), zeroing...[velocity_smoother][0m
[33m[ WARN] [1599707232.852434995]: Velocity Smoother : input got inactive leaving us a non-zero target velocity (-0.1, 0), zeroing...[velocity_smoother][0m
[33m[ WARN] [1599707243.652462433]: Velocity Smoother : input got inactive leaving us a non-zero target velocity (0.1, 0.5), zeroing...[velocity_smoother][0m
[33m[ WARN] [1599707243.852511756]: Velocity Smoother : input got inactive leaving us a non-zero target velocity (0.1, 0.5), zeroing...[velocity_smoother][0m
[33m[ WARN] [1599707334.552484819]: Velocity Smoother : input got inactive leaving us a non-zero target velocity (-0.1, 0), zeroing...[velocity_smoother][0m
[33m[ WARN] [1599707496.802517274]: Velocity Smoother : input got inactive leaving us a non-zero target velocity (0.1, 0.5), zeroing...[velocity_smoother][0m
[33m[ WARN] [1599707497.002549593]: Velocity Smoother : input got inactive leaving us a non-zero target velocity (0.1, 0.5), zeroing...[velocity_smoother][0m
[33m[ WARN] [1599707525.102497938]: Velocity Smoother : input got inactive leaving us a non-zero target velocity (0, 0.6), zeroing...[velocity_smoother][0m
[33m[ WARN] [1599707527.752463383]: Velocity Smoother : input got inactive leaving us a non-zero target velocity (0.1, -0.5), zeroing...[velocity_smoother][0m
[33m[ WARN] [1599707527.952476949]: Velocity Smoother : input got inactive leaving us a non-zero target velocity (0.1, -0.5), zeroing...[velocity_smoother][0m
[33m[ WARN] [1599707793.852462311]: Velocity Smoother : input got inactive leaving us a non-zero target velocity (0.1, 0.5), zeroing...[velocity_smoother][0m
[33m[ WARN] [1599707794.052471768]: Velocity Smoother : input got inactive leaving us a non-zero target velocity (0.1, 0.5), zeroing...[velocity_smoother][0m
[33m[ WARN] [1599707796.552474611]: Velocity Smoother : input got inactive leaving us a non-zero target velocity (0, -0.6), zeroing...[velocity_smoother][0m
[33m[ WARN] [1599707874.052462855]: Velocity Smoother : input got inactive leaving us a non-zero target velocity (-0.1, 0), zeroing...[velocity_smoother][0m
[33m[ WARN] [1599707882.602461163]: Velocity Smoother : input got inactive leaving us a non-zero target velocity (-0.1, 0), zeroing...[velocity_smoother][0m
[33m[ WARN] [1599707993.802499202]: Velocity Smoother : input got inactive leaving us a non-zero target velocity (0, -0.6), zeroing...[velocity_smoother][0m
[33m[ WARN] [1599707998.352463816]: Velocity Smoother : input got inactive leaving us a non-zero target velocity (0.1, -0.5), zeroing...[velocity_smoother][0m
[33m[ WARN] [1599707998.552468045]: Velocity Smoother : input got inactive leaving us a non-zero target velocity (0.1, -0.5), zeroing...[velocity_smoother][0m
[33m[ WARN] [1599708151.402478830]: Velocity Smoother : input got inactive leaving us a non-zero target velocity (-0.1, 0), zeroing...[velocity_smoother][0m
[33m[ WARN] [1599708297.502466817]: Velocity Smoother : input got inactive leaving us a non-zero target velocity (0.1, -0.5), zeroing...[velocity_smoother][0m
[33m[ WARN] [1599708297.702457443]: Velocity Smoother : input got inactive leaving us a non-zero target velocity (0.1, -0.5), zeroing...[velocity_smoother][0m
[33m[ WARN] [1599708297.902462205]: Velocity Smoother : input got inactive leaving us a non-zero target velocity (0.1, -0.5), zeroing...[velocity_smoother][0m
[33m[ WARN] [1599708300.102463817]: Velocity Smoother : input got inactive leaving us a non-zero target velocity (0, 0.6), zeroing...[velocity_smoother][0m
[33m[ WARN] [1599708300.302486729]: Velocity Smoother : input got inactive leaving us a non-zero target velocity (0, 0.6), zeroing...[velocity_smoother][0m
[33m[ WARN] [1599708360.302495793]: Velocity Smoother : input got inactive leaving us a non-zero target velocity (0.1, -0.5), zeroing...[velocity_smoother][0m
[33m[ WARN] [1599708360.502666982]: Velocity Smoother : input got inactive leaving us a non-zero target velocity (0.1, -0.5), zeroing...[velocity_smoother][0m
[33m[ WARN] [1599708360.702473031]: Velocity Smoother : input got inactive leaving us a non-zero target velocity (0.1, -0.5), zeroing...[velocity_smoother][0m
[33m[ WARN] [1599708520.052472699]: Velocity Smoother : input got inactive leaving us a non-zero target velocity (0.1, 0.5), zeroing...[velocity_smoother][0m
[33m[ WARN] [1599708520.252474594]: Velocity Smoother : input got inactive leaving us a non-zero target velocity (0.1, 0.5), zeroing...[velocity_smoother][0m
[33m[ WARN] [1599708522.652481051]: Velocity Smoother : input got inactive leaving us a non-zero target velocity (0, -0.6), zeroing...[velocity_smoother][0m
[33m[ WARN] [1599708522.852473398]: Velocity Smoother : input got inactive leaving us a non-zero target velocity (0, -0.6), zeroing...[velocity_smoother][0m
[33m[ WARN] [1599708852.052475832]: Velocity Smoother : input got inactive leaving us a non-zero target velocity (0.1, -0.5), zeroing...[velocity_smoother][0m
[33m[ WARN] [1599708852.252491840]: Velocity Smoother : input got inactive leaving us a non-zero target velocity (0.1, -0.5), zeroing...[velocity_smoother][0m
[33m[ WARN] [1599708874.552466482]: Velocity Smoother : input got inactive leaving us a non-zero target velocity (0.1, 0.5), zeroing...[velocity_smoother][0m
[33m[ WARN] [1599708874.752479220]: Velocity Smoother : input got inactive leaving us a non-zero target velocity (0.1, 0.5), zeroing...[velocity_smoother][0m
[33m[ WARN] [1599709044.652476189]: Velocity Smoother : input got inactive leaving us a non-zero target velocity (0.1, 0.5), zeroing...[velocity_smoother][0m
[33m[ WARN] [1599709044.852424843]: Velocity Smoother : input got inactive leaving us a non-zero target velocity (0.1, 0.5), zeroing...[velocity_smoother][0m
[33m[ WARN] [1599709169.052496553]: Velocity Smoother : input got inactive leaving us a non-zero target velocity (-0.1, 0), zeroing...[velocity_smoother][0m
[33m[ WARN] [1599709180.352469879]: Velocity Smoother : input got inactive leaving us a non-zero target velocity (0, -0.6), zeroing...[velocity_smoother][0m
[33m[ WARN] [1599709219.702468475]: Velocity Smoother : input got inactive leaving us a non-zero target velocity (0.1, 0.5), zeroing...[velocity_smoother][0m
[33m[ WARN] [1599709219.902469602]: Velocity Smoother : input got inactive leaving us a non-zero target velocity (0.1, 0.5), zeroing...[velocity_smoother][0m
[33m[ WARN] [1599709222.452481344]: Velocity Smoother : input got inactive leaving us a non-zero target velocity (0, 0.6), zeroing...[velocity_smoother][0m
[33m[ WARN] [1599709222.652457820]: Velocity Smoother : input got inactive leaving us a non-zero target velocity (0, 0.6), zeroing...[velocity_smoother][0m
[33m[ WARN] [1599709300.502459456]: Velocity Smoother : input got inactive leaving us a non-zero target velocity (0, -0.3), zeroing...[velocity_smoother][0m
[33m[ WARN] [1599709303.902466013]: Velocity Smoother : input got inactive leaving us a non-zero target velocity (0, -0.3), zeroing...[velocity_smoother][0m
[33m[ WARN] [1599709307.652483679]: Velocity Smoother : input got inactive leaving us a non-zero target velocity (0.2, 0), zeroing...[velocity_smoother][0m
[33m[ WARN] [1599709312.402483879]: Velocity Smoother : input got inactive leaving us a non-zero target velocity (0, 0.3), zeroing...[velocity_smoother][0m
[33m[ WARN] [1599711676.052495558]: Velocity Smoother : input got inactive leaving us a non-zero target velocity (0.1, 0.5), zeroing...[velocity_smoother][0m
[33m[ WARN] [1599711676.252464439]: Velocity Smoother : input got inactive leaving us a non-zero target velocity (0.1, 0.5), zeroing...[velocity_smoother][0m
[33m[ WARN] [1599711972.052474465]: Velocity Smoother : input got inactive leaving us a non-zero target velocity (0.1, -0.5), zeroing...[velocity_smoother][0m
[33m[ WARN] [1599711972.252470760]: Velocity Smoother : input got inactive leaving us a non-zero target velocity (0.1, -0.5), zeroing...[velocity_smoother][0m
[33m[ WARN] [1599712034.652461753]: Velocity Smoother : input got inactive leaving us a non-zero target velocity (0.1, 0.5), zeroing...[velocity_smoother][0m
[33m[ WARN] [1599712034.852465469]: Velocity Smoother : input got inactive leaving us a non-zero target velocity (0.1, 0.5), zeroing...[velocity_smoother][0m
[33m[ WARN] [1599712280.302459555]: Velocity Smoother : input got inactive leaving us a non-zero target velocity (0.1, 0.5), zeroing...[velocity_smoother][0m
[33m[ WARN] [1599712280.502472093]: Velocity Smoother : input got inactive leaving us a non-zero target velocity (0.1, 0.5), zeroing...[velocity_smoother][0m
[33m[ WARN] [1599712280.702459575]: Velocity Smoother : input got inactive leaving us a non-zero target velocity (0.1, 0.5), zeroing...[velocity_smoother][0m
[33m[ WARN] [1599712282.902466898]: Velocity Smoother : input got inactive leaving us a non-zero target velocity (0, -0.6), zeroing...[velocity_smoother][0m
[33m[ WARN] [1599712283.102464903]: Velocity Smoother : input got inactive leaving us a non-zero target velocity (0, -0.6), zeroing...[velocity_smoother][0m
[33m[ WARN] [1599712458.102549328]: Velocity Smoother : input got inactive leaving us a non-zero target velocity (-0.1, 0), zeroing...[velocity_smoother][0m
[33m[ WARN] [1599712551.802481989]: Velocity Smoother : input got inactive leaving us a non-zero target velocity (-0.1, 0), zeroing...[velocity_smoother][0m
[33m[ WARN] [1599712646.852461541]: Velocity Smoother : input got inactive leaving us a non-zero target velocity (0.1, -0.5), zeroing...[velocity_smoother][0m
[33m[ WARN] [1599712647.052455756]: Velocity Smoother : input got inactive leaving us a non-zero target velocity (0.1, -0.5), zeroing...[velocity_smoother][0m
[33m[ WARN] [1599712880.502428831]: Velocity Smoother : input got inactive leaving us a non-zero target velocity (0.1, -0.5), zeroing...[velocity_smoother][0m
[33m[ WARN] [1599712880.702465243]: Velocity Smoother : input got inactive leaving us a non-zero target velocity (0.1, -0.5), zeroing...[velocity_smoother][0m
[33m[ WARN] [1599712916.002472002]: Velocity Smoother : input got inactive leaving us a non-zero target velocity (0.1, -0.5), zeroing...[velocity_smoother][0m
[33m[ WARN] [1599712916.202521661]: Velocity Smoother : input got inactive leaving us a non-zero target velocity (0.1, -0.5), zeroing...[velocity_smoother][0m
[33m[ WARN] [1599712918.852523253]: Velocity Smoother : input got inactive leaving us a non-zero target velocity (0, -0.6), zeroing...[velocity_smoother][0m
[33m[ WARN] [1599713046.652467719]: Velocity Smoother : input got inactive leaving us a non-zero target velocity (0.1, 0.5), zeroing...[velocity_smoother][0m
[33m[ WARN] [1599713046.852497755]: Velocity Smoother : input got inactive leaving us a non-zero target velocity (0.1, 0.5), zeroing...[velocity_smoother][0m
[33m[ WARN] [1599713101.902464785]: Velocity Smoother : input got inactive leaving us a non-zero target veloci