[0m[ INFO] [1598923115.840539962]: to link... 192.168.13.104:2112[0m
[0m[ INFO] [1598923115.841444676]: Connect Success[0m
[0m[ INFO] [1598923115.899062787]: LIM_CODE_HBACK[0m
[0m[ INFO] [1598923156.466737259]: LIM_CODE_HBACK[0m
[0m[ INFO] [1598923167.746914842]: unknown code![0m
[0m[ INFO] [1598923167.806927337]: unknown code![0m
[0m[ INFO] [1598923169.006618945]: unknown code![0m
[0m[ INFO] [1598923169.066617479]: unknown code![0m
[0m[ INFO] [1598923175.965370068]: unknown code![0m
[0m[ INFO] [1598923176.024763188]: unknown code![0m
[0m[ INFO] [1598923176.444588599]: unknown code![0m
[0m[ INFO] [1598923176.504815333]: unknown code![0m
[0m[ INFO] [1598923176.624707160]: unknown code![0m
[0m[ INFO] [1598923177.284585894]: unknown code![0m
[0m[ INFO] [1598923180.883589794]: unknown code![0m
[0m[ INFO] [1598923180.943524407]: unknown code![0m
[0m[ INFO] [1598923183.283050553]: unknown code![0m
[0m[ INFO] [1598923183.342996372]: unknown code![0m
[0m[ INFO] [1598923188.142103641]: unknown code![0m
[0m[ INFO] [1598923188.202032081]: unknown code![0m
[0m[ INFO] [1598923190.421602995]: unknown code![0m
[0m[ INFO] [1598923190.481756599]: unknown code![0m
[0m[ INFO] [1598923191.981277317]: unknown code![0m
[0m[ INFO] [1598923192.041347217]: unknown code![0m
[0m[ INFO] [1598923192.041637504]: unknown code![0m
[0m[ INFO] [1598923193.361054679]: unknown code![0m
[0m[ INFO] [1598923194.920921347]: unknown code![0m
[0m[ INFO] [1598923194.980753134]: unknown code![0m
[0m[ INFO] [1598923196.000595831]: unknown code![0m
[0m[ INFO] [1598923196.050688517]: LIM_CODE_HBACK[0m
[0m[ INFO] [1598923197.070439452]: unknown code![0m
[0m[ INFO] [1598923198.990111830]: unknown code![0m
[0m[ INFO] [1598923200.189973644]: unknown code![0m
[0m[ INFO] [1598923201.629718286]: unknown code![0m
[0m[ INFO] [1598923201.689713869]: unknown code![0m
[0m[ INFO] [1598923202.289591977]: unknown code![0m
[0m[ INFO] [1598923202.349671520]: unknown code![0m
[0m[ INFO] [1598923202.349852636]: unknown code![0m
[0m[ INFO] [1598923202.409559598]: unknown code![0m
[0m[ INFO] [1598923202.889542472]: unknown code![0m
[0m[ INFO] [1598923202.889874527]: unknown code![0m
[0m[ INFO] [1598923202.949627621]: unknown code![0m
[0m[ INFO] [1598923202.949854805]: unknown code![0m
[0m[ INFO] [1598923205.769253709]: unknown code![0m
[0m[ INFO] [1598923205.829110146]: unknown code![0m
[0m[ INFO] [1598923209.428584077]: unknown code![0m
[0m[ INFO] [1598923209.488627912]: unknown code![0m
[0m[ INFO] [1598923211.288364126]: unknown code![0m
[0m[ INFO] [1598923211.348378732]: unknown code![0m
[0m[ INFO] [1598923230.246162643]: unknown code![0m
[0m[ INFO] [1598923230.306100902]: unknown code![0m
[0m[ INFO] [1598923230.546107743]: unknown code![0m
[0m[ INFO] [1598923230.906088594]: unknown code![0m
[0m[ INFO] [1598923231.265996877]: unknown code![0m
[0m[ INFO] [1598923231.326059580]: unknown code![0m
[0m[ INFO] [1598923235.515751345]: LIM_CODE_HBACK[0m
[0m[ INFO] [1598923250.094266248]: unknown code![0m
[0m[ INFO] [1598923250.154200660]: unknown code![0m
[0m[ INFO] [1598923252.554039723]: unknown code![0m
[0m[ INFO] [1598923252.554188228]: unknown code![0m
[0m[ INFO] [1598923252.673997675]: unknown code![0m
[0m[ INFO] [1598923253.873932618]: unknown code![0m
[0m[ INFO] [1598923254.413806801]: unknown code![0m
[0m[ INFO] [1598923254.473886130]: unknown code![0m
[0m[ INFO] [1598923257.173618418]: unknown code![0m
[0m[ INFO] [1598923257.173778604]: unknown code![0m
[0m[ INFO] [1598923257.233693435]: unknown code![0m
[0m[ INFO] [1598923257.233877945]: unknown code![0m
[0m[ INFO] [1598923257.238790800]: unknown code![0m
[0m[ INFO] [1598923257.293601363]: unknown code![0m
[0m[ INFO] [1598923257.713544297]: unknown code![0m
[0m[ INFO] [1598923257.773513113]: unknown code![0m
[0m[ INFO] [1598923266.472838140]: unknown code![0m
[0m[ INFO] [1598923266.532843858]: unknown code![0m
[0m[ INFO] [1598923267.492782520]: unknown code![0m
[0m[ INFO] [1598923267.792770190]: unknown code![0m
[0m[ INFO] [1598923268.092695138]: unknown code![0m
[0m[ INFO] [1598923268.212736733]: unknown code![0m
[0m[ INFO] [1598923268.272703977]: unknown code![0m
[0m[ INFO] [1598923268.452616613]: unknown code![0m
[0m[ INFO] [1598923268.513083115]: unknown code![0m
[0m[ INFO] [1598923268.522881945]: unknown code![0m
[0m[ INFO] [1598923268.562634358]: Packetless[0m
[0m[ INFO] [1598923268.572872963]: unknown code![0m
[0m[ INFO] [1598923268.573145484]: unknown code![0m
[0m[ INFO] [1598923268.752760767]: unknown code![0m
[0m[ INFO] [1598923268.932759139]: unknown code![0m
[0m[ INFO] [1598923268.992588934]: unknown code![0m
[0m[ INFO] [1598923269.712542634]: unknown code![0m
[0m[ INFO] [1598923270.432496637]: unknown code![0m
[0m[ INFO] [1598923270.612470958]: unknown code![0m
[0m[ INFO] [1598923270.852517292]: unknown code![0m
[0m[ INFO] [1598923270.852721223]: unknown code![0m
[0m[ INFO] [1598923271.452383309]: unknown code![0m
[0m[ INFO] [1598923271.512580794]: unknown code![0m
[0m[ INFO] [1598923271.632449756]: unknown code![0m
[0m[ INFO] [1598923271.752363569]: unknown code![0m
[0m[ INFO] [1598923271.992363507]: unknown code![0m
[0m[ INFO] [1598923272.232381726]: unknown code![0m
[0m[ INFO] [1598923272.232552406]: unknown code![0m
[0m[ INFO] [1598923273.072265997]: unknown code![0m
[0m[ INFO] [1598923273.132310269]: unknown code![0m
[0m[ INFO] [1598923274.202294175]: LIM_CODE_HBACK[0m
[0m[ INFO] [1598923275.282126182]: unknown code![0m
[0m[ INFO] [1598923275.342116361]: unknown code![0m
[0m[ INFO] [1598923275.822036758]: unknown code![0m
[0m[ INFO] [1598923276.242006789]: unknown code![0m
[0m[ INFO] [1598923277.201973448]: unknown code![0m
[0m[ INFO] [1598923277.262018723]: unknown code![0m
[0m[ INFO] [1598923277.801906355]: unknown code![0m
[0m[ INFO] [1598923277.861943574]: unknown code![0m
[0m[ INFO] [1598923278.461833311]: unknown code![0m
[0m[ INFO] [1598923278.521913777]: unknown code![0m
[0m[ INFO] [1598923278.581994827]: unknown code![0m
[0m[ INFO] [1598923279.601747342]: unknown code![0m
[0m[ INFO] [1598923280.681693035]: unknown code![0m
[0m[ INFO] [1598923281.101889749]: unknown code![0m
[0m[ INFO] [1598923285.061329862]: unknown code![0m
[0m[ INFO] [1598923285.121392934]: unknown code![0m
[0m[ INFO] [1598923287.941097770]: unknown code![0m
[0m[ INFO] [1598923288.001095658]: unknown code![0m
[0m[ INFO] [1598923288.241051131]: unknown code![0m
[0m[ INFO] [1598923288.301195463]: unknown code![0m
[0m[ INFO] [1598923289.081113193]: unknown code![0m
[0m[ INFO] [1598923289.141080672]: unknown code![0m
[0m[ INFO] [1598923311.582831871]: unknown code![0m
[0m[ INFO] [1598923311.642699322]: unknown code![0m
[0m[ INFO] [1598923313.733086952]: LIM_CODE_HBACK[0m
[0m[ INFO] [1598923322.853849188]: unknown code![0m
[0m[ INFO] [1598923322.913948151]: unknown code![0m
[0m[ INFO] [1598923322.914086962]: unknown code![0m
[0m[ INFO] [1598923322.973842246]: unknown code![0m
[0m[ INFO] [1598923323.393876869]: unknown code![0m
[0m[ INFO] [1598923323.453892520]: unknown code![0m
[0m[ INFO] [1598923325.734105192]: unknown code![0m
[0m[ INFO] [1598923325.794117150]: unknown code![0m
[0m[ INFO] [1598923327.354261000]: unknown code![0m
[0m[ INFO] [1598923327.414297619]: unknown code![0m
[0m[ INFO] [1598923327.414513246]: unknown code![0m
[0m[ INFO] [1598923327.834284563]: unknown code![0m
[0m[ INFO] [1598923328.134303524]: unknown code![0m
[0m[ INFO] [1598923328.254302161]: unknown code![0m
[0m[ INFO] [1598923328.374366665]: unknown code![0m
[0m[ INFO] [1598923328.374500433]: unknown code![0m
[0m[ INFO] [1598923328.614318575]: unknown code![0m
[0m[ INFO] [1598923328.734367797]: unknown code![0m
[0m[ INFO] [1598923328.734703154]: unknown code![0m
[0m[ INFO] [1598923328.794348977]: unknown code![0m
[0m[ INFO] [1598923328.854572020]: unknown code![0m
[0m[ INFO] [1598923328.854738592]: unknown code![0m
[0m[ INFO] [1598923338.335010939]: unknown code![0m
[0m[ INFO] [1598923338.395075421]: unknown code![0m
[0m[ INFO] [1598923338.875014392]: unknown code![0m
[0m[ INFO] [1598923338.935049495]: unknown code![0m
[0m[ INFO] [1598923339.295086630]: unknown code![0m
[0m[ INFO] [1598923339.475001197]: unknown code![0m
[0m[ INFO] [1598923349.795583767]: unknown code![0m
[0m[ INFO] [1598923349.855611120]: unknown code![0m
[0m[ INFO] [1598923350.455743968]: unknown code![0m
[0m[ INFO] [1598923350.455906518]: unknown code![0m
[0m[ INFO] [1598923352.965843646]: LIM_CODE_HBACK[0m
[0m[ INFO] [1598923353.445716024]: unknown code![0m
[0m[ INFO] [1598923353.505765490]: unknown code![0m
[0m[ INFO] [1598923355.845834201]: unknown code![0m
[0m[ INFO] [1598923355.846000284]: unknown code![0m
[0m[ INFO] [1598923355.965786099]: unknown code![0m
[0m[ INFO] [1598923356.265876058]: unknown code![0m
[0m[ INFO] [1598923356.325815525]: unknown code![0m
[0m[ INFO] [1598923356.385864151]: unknown code![0m
[0m[ INFO] [1598923367.966216802]: unknown code![0m
[0m[ INFO] [1598923367.966362871]: unknown code![0m
[0m[ INFO] [1598923369.826300896]: unknown code![0m
[0m[ INFO] [1598923370.066268116]: unknown code![0m
[0m[ INFO] [1598923370.486210502]: unknown code![0m
[0m[ INFO] [1598923370.546270887]: unknown code![0m
[0m[ INFO] [1598923384.466338250]: unknown code![0m
[0m[ INFO] [1598923384.526443247]: unknown code![0m
[0m[ INFO] [1598923384.526810472]: unknown code![0m
[0m[ INFO] [1598923384.586401476]: unknown code![0m
[0m[ INFO] [1598923384.586556766]: unknown code![0m
[0m[ INFO] [1598923386.566370860]: unknown code![0m
[0m[ INFO] [1598923388.306388287]: unknown code![0m
[0m[ INFO] [1598923388.366424609]: unknown code![0m
[0m[ INFO] [1598923392.206413004]: unknown code![0m
[0m[ INFO] [1598923392.206747940]: unknown code![0m
[0m[ INFO] [1598923392.436699815]: LIM_CODE_HBACK[0m
[0m[ INFO] [1598923394.896463502]: unknown code![0m
[0m[ INFO] [1598923394.956447486]: unknown code![0m
[0m[ INFO] [1598923394.956720944]: unknown code![0m
[0m[ INFO] [1598923395.016452217]: unknown code![0m
[0m[ INFO] [1598923395.016711525]: unknown code![0m
[0m[ INFO] [1598923395.316425754]: unknown code![0m
[0m[ INFO] [1598923395.376425784]: unknown code![0m
[0m[ INFO] [1598923395.436431116]: unknown code![0m
[0m[ INFO] [1598923395.436592124]: unknown code![0m
[0m[ INFO] [1598923395.496446432]: unknown code![0m
[0m[ INFO] [1598923396.036427973]: unknown code![0m
[0m[ INFO] [1598923396.216365483]: unknown code![0m
[0m[ INFO] [1598923396.276406804]: unknown code![0m
[0m[ INFO] [1598923396.936384826]: unknown code![0m
[0m[ INFO] [1598923398.316379137]: unknown code![0m
[0m[ INFO] [1598923398.976367134]: unknown code![0m
[0m[ INFO] [1598923399.096384603]: unknown code![0m
[0m[ INFO] [1598923399.156440144]: unknown code![0m
[0m[ INFO] [1598923408.816330123]: unknown code![0m
[0m[ INFO] [1598923408.816475943]: unknown code![0m
[0m[ INFO] [1598923410.916461154]: unknown code![0m
[0m[ INFO] [1598923410.916742894]: unknown code![0m
[0m[ INFO] [1598923410.976378168]: unknown code![0m
[0m[ INFO] [1598923410.976542133]: unknown code![0m
[0m[ INFO] [1598923410.981474954]: unknown code![0m
[0m[ INFO] [1598923412.536245508]: unknown code![0m
[0m[ INFO] [1598923412.596311566]: unknown code![0m
[0m[ INFO] [1598923412.716298407]: unknown code![0m
[0m[ INFO] [1598923413.616252925]: unknown code![0m
[0m[ INFO] [1598923413.676229628]: unknown code![0m
[0m[ INFO] [1598923415.416205566]: unknown code![0m
[0m[ INFO] [1598923415.476238840]: unknown code![0m
[0m[ INFO] [1598923416.496243178]: unknown code![0m
[0m[ INFO] [1598923417.456258013]: unknown code![0m
[0m[ INFO] [1598923419.496401995]: unknown code![0m
[0m[ INFO] [1598923419.916136186]: unknown code![0m
[0m[ INFO] [1598923421.896180998]: unknown code![0m
[0m[ INFO] [1598923421.956140646]: unknown code![0m
[0m[ INFO] [1598923422.136365098]: unknown code![0m
[0m[ INFO] [1598923422.136628450]: unknown code![0m
[0m[ INFO] [1598923422.196150239]: unknown code![0m
[0m[ INFO] [1598923422.196421601]: unknown code![0m
[0m[ INFO] [1598923422.676088246]: unknown code![0m
[0m[ INFO] [1598923422.736128190]: unknown code![0m
[0m[ INFO] [1598923426.036077710]: unknown code![0m
[0m[ INFO] [1598923426.036357903]: unknown code![0m
[0m[ INFO] [1598923429.635975217]: unknown code![0m
[0m[ INFO] [1598923429.695996144]: unknown code![0m
[0m[ INFO] [1598923431.006039418]: LIM_CODE_HBACK[0m
[0m[ INFO] [1598923431.665917369]: unknown code![0m
[0m[ INFO] [1598923431.726022443]: unknown code![0m
[0m[ INFO] [1598923448.225507159]: unknown code![0m
[0m[ INFO] [1598923448.285537587]: unknown code![0m
[0m[ INFO] [1598923448.585591772]: unknown code![0m
[0m[ INFO] [1598923448.945515281]: unknown code![0m
[0m[ INFO] [1598923449.365491330]: unknown code![0m
[0m[ INFO] [1598923449.365827469]: unknown code![0m
[0m[ INFO] [1598923468.204937314]: unknown code![0m
[0m[ INFO] [1598923468.205207877]: unknown code![0m
[0m[ INFO] [1598923470.484819437]: unknown code![0m
[0m[ INFO] [1598923470.544879392]: unknown code![0m
[0m[ INFO] [1598923470.604888136]: unknown code![0m
[0m[ INFO] [1598923470.605200805]: unknown code![0m
[0m[ INFO] [1598923470.664873389]: unknown code![0m
[0m[ INFO] [1598923470.724924602]: unknown code![0m
[0m[ INFO] [1598923470.725038547]: unknown code![0m
[0m[ INFO] [1598923470.774963631]: LIM_CODE_HBACK[0m
[0m[ INFO] [1598923472.154815521]: unknown code![0m
[0m[ INFO] [1598923477.854676263]: unknown code![0m
[0m[ INFO] [1598923477.914609343]: unknown code![0m
[0m[ INFO] [1598923481.214495482]: unknown code![0m
[0m[ INFO] [1598923481.214764652]: unknown code![0m
[0m[ INFO] [1598923481.274544850]: unknown code![0m
[0m[ INFO] [1598923481.274839583]: unknown code![0m
[0m[ INFO] [1598923481.574526048]: unknown code![0m
[0m[ INFO] [1598923482.594434056]: unknown code![0m
[0m[ INFO] [1598923482.834477049]: unknown code![0m
[0m[ INFO] [1598923483.134430589]: unknown code![0m
[0m[ INFO] [1598923485.594307621]: unknown code![0m
[0m[ INFO] [1598923485.654303247]: unknown code![0m
[0m[ INFO] [1598923486.014301669]: unknown code![0m
[0m[ INFO] [1598923486.074332556]: unknown code![0m
[0m[ INFO] [1598923486.194390898]: unknown code![0m
[0m[ INFO] [1598923486.254277279]: unknown code![0m
[0m[ INFO] [1598923486.734276002]: unknown code![0m
[0m[ INFO] [1598923486.794291501]: unknown code![0m
[0m[ INFO] [1598923488.414247365]: unknown code![0m
[0m[ INFO] [1598923488.534244874]: unknown code![0m
[0m[ INFO] [1598923489.134264465]: unknown code![0m
[0m[ INFO] [1598923490.874124034]: unknown code![0m
[0m[ INFO] [1598923492.974243888]: unknown code![0m
[0m[ INFO] [1598923492.974578849]: unknown code![0m
[0m[ INFO] [1598923493.454042511]: unknown code![0m
[0m[ INFO] [1598923493.514104840]: unknown code![0m
[0m[ INFO] [1598923494.234058342]: unknown code![0m
[0m[ INFO] [1598923494.294047837]: unknown code![0m
[0m[ INFO] [1598923495.194005675]: unknown code![0m
[0m[ INFO] [1598923495.253980362]: unknown code![0m
[0m[ INFO] [1598923495.313990913]: unknown code![0m
[0m[ INFO] [1598923496.154019664]: unknown code![0m
[0m[ INFO] [1598923497.413932020]: unknown code![0m
[0m[ INFO] [1598923497.473888486]: unknown code![0m
[0m[ INFO] [1598923497.833891018]: unknown code![0m
[0m[ INFO] [1598923497.834101082]: unknown code![0m
[0m[ INFO] [1598923497.893961642]: unknown code![0m
[0m[ INFO] [1598923499.873766690]: unknown code![0m
[0m[ INFO] [1598923502.393723545]: unknown code![0m
[0m[ INFO] [1598923502.453673870]: unknown code![0m
[0m[ INFO] [1598923504.673623504]: unknown code![0m
[0m[ INFO] [1598923504.733618276]: unknown code![0m
[0m[ INFO] [1598923505.033666535]: unknown code![0m
[0m[ INFO] [1598923505.093587997]: unknown code![0m
[0m[ INFO] [1598923505.873552797]: unknown code![0m
[0m[ INFO] [1598923505.933593603]: unknown code![0m
[0m[ INFO] [1598923509.343782150]: LIM_CODE_HBACK[0m
[0m[ INFO] [1598923528.182746181]: unknown code![0m
[0m[ INFO] [1598923528.242692886]: unknown code![0m
[33m[ WARN] [1598923541.079018637]: Shutdown request received.[0m
[33m[ WARN] [1598923541.079036540]: Reason given for shutdown: [user request][0m
