[0m[ INFO] [1598923113.454201767]: to link... 192.168.13.103:2112[0m
[0m[ INFO] [1598923113.455076851]: Connect Success[0m
[0m[ INFO] [1598923113.546458328]: LIM_CODE_HBACK[0m
[0m[ INFO] [1598923154.060017411]: LIM_CODE_HBACK[0m
[0m[ INFO] [1598923182.318137536]: unknown code![0m
[0m[ INFO] [1598923182.378051112]: unknown code![0m
[0m[ INFO] [1598923183.337864728]: unknown code![0m
[0m[ INFO] [1598923183.997823984]: unknown code![0m
[0m[ INFO] [1598923192.576622605]: unknown code![0m
[0m[ INFO] [1598923192.576935687]: unknown code![0m
[0m[ INFO] [1598923192.636730200]: unknown code![0m
[0m[ INFO] [1598923192.756733139]: unknown code![0m
[0m[ INFO] [1598923194.246463158]: LIM_CODE_HBACK[0m
[0m[ INFO] [1598923195.446285614]: unknown code![0m
[0m[ INFO] [1598923195.446444219]: unknown code![0m
[0m[ INFO] [1598923195.566272395]: unknown code![0m
[0m[ INFO] [1598923195.566455750]: unknown code![0m
[0m[ INFO] [1598923195.626215798]: unknown code![0m
[0m[ INFO] [1598923196.106173698]: unknown code![0m
[0m[ INFO] [1598923197.366030238]: unknown code![0m
[0m[ INFO] [1598923197.426096753]: unknown code![0m
[0m[ INFO] [1598923200.365859899]: unknown code![0m
[0m[ INFO] [1598923200.425787049]: unknown code![0m
[0m[ INFO] [1598923200.425954089]: unknown code![0m
[0m[ INFO] [1598923200.485937813]: unknown code![0m
[0m[ INFO] [1598923200.486255553]: unknown code![0m
[0m[ INFO] [1598923200.491051155]: unknown code![0m
[0m[ INFO] [1598923230.243619934]: unknown code![0m
[0m[ INFO] [1598923230.303660680]: unknown code![0m
[0m[ INFO] [1598923231.503571930]: unknown code![0m
[0m[ INFO] [1598923231.563699146]: unknown code![0m
[0m[ INFO] [1598923233.953653648]: LIM_CODE_HBACK[0m
[0m[ INFO] [1598923240.493186821]: unknown code![0m
[0m[ INFO] [1598923240.553231981]: unknown code![0m
[0m[ INFO] [1598923241.873090550]: unknown code![0m
[0m[ INFO] [1598923241.933178874]: unknown code![0m
[0m[ INFO] [1598923246.673072431]: unknown code![0m
[0m[ INFO] [1598923246.673407562]: unknown code![0m
[0m[ INFO] [1598923246.732954238]: unknown code![0m
[0m[ INFO] [1598923246.792920509]: unknown code![0m
[0m[ INFO] [1598923248.112875702]: unknown code![0m
[0m[ INFO] [1598923248.592888876]: unknown code![0m
[0m[ INFO] [1598923249.012809656]: unknown code![0m
[0m[ INFO] [1598923249.492974041]: unknown code![0m
[0m[ INFO] [1598923249.493328505]: unknown code![0m
[0m[ INFO] [1598923249.552813077]: unknown code![0m
[0m[ INFO] [1598923249.612879831]: unknown code![0m
[0m[ INFO] [1598923249.613295317]: unknown code![0m
[0m[ INFO] [1598923249.912821716]: unknown code![0m
[0m[ INFO] [1598923249.973184030]: unknown code![0m
[0m[ INFO] [1598923250.032804894]: unknown code![0m
[0m[ INFO] [1598923251.412750635]: unknown code![0m
[0m[ INFO] [1598923255.913427197]: unknown code![0m
[0m[ INFO] [1598923255.972700609]: unknown code![0m
[0m[ INFO] [1598923256.032899987]: unknown code![0m
[0m[ INFO] [1598923256.033047564]: unknown code![0m
[0m[ INFO] [1598923256.692690534]: unknown code![0m
[0m[ INFO] [1598923256.752601947]: unknown code![0m
[0m[ INFO] [1598923257.172590978]: unknown code![0m
[0m[ INFO] [1598923257.292576817]: unknown code![0m
[0m[ INFO] [1598923257.352595714]: unknown code![0m
[0m[ INFO] [1598923257.412594192]: unknown code![0m
[0m[ INFO] [1598923257.412786586]: unknown code![0m
[0m[ INFO] [1598923257.472623228]: unknown code![0m
[0m[ INFO] [1598923257.472802843]: unknown code![0m
[0m[ INFO] [1598923257.652692111]: unknown code![0m
[0m[ INFO] [1598923257.772564307]: unknown code![0m
[0m[ INFO] [1598923258.012565285]: unknown code![0m
[0m[ INFO] [1598923258.072586136]: unknown code![0m
[0m[ INFO] [1598923258.132535462]: unknown code![0m
[0m[ INFO] [1598923258.312553842]: unknown code![0m
[0m[ INFO] [1598923258.492577551]: unknown code![0m
[0m[ INFO] [1598923258.552759947]: unknown code![0m
[0m[ INFO] [1598923258.612564652]: unknown code![0m
[0m[ INFO] [1598923259.512499377]: unknown code![0m
[0m[ INFO] [1598923259.572552455]: unknown code![0m
[0m[ INFO] [1598923259.692549769]: unknown code![0m
[0m[ INFO] [1598923259.752517254]: unknown code![0m
[0m[ INFO] [1598923259.872712884]: unknown code![0m
[0m[ INFO] [1598923259.932563753]: unknown code![0m
[0m[ INFO] [1598923260.172515456]: unknown code![0m
[0m[ INFO] [1598923260.232530683]: unknown code![0m
[0m[ INFO] [1598923263.412540204]: unknown code![0m
[0m[ INFO] [1598923263.412711717]: unknown code![0m
[0m[ INFO] [1598923263.417649649]: unknown code![0m
[0m[ INFO] [1598923263.472422842]: unknown code![0m
[0m[ INFO] [1598923266.652333267]: unknown code![0m
[0m[ INFO] [1598923266.712404905]: unknown code![0m
[0m[ INFO] [1598923267.012352974]: unknown code![0m
[0m[ INFO] [1598923267.072367621]: unknown code![0m
[0m[ INFO] [1598923267.192319213]: unknown code![0m
[0m[ INFO] [1598923267.432289648]: unknown code![0m
[0m[ INFO] [1598923268.032262660]: unknown code![0m
[0m[ INFO] [1598923268.092296068]: unknown code![0m
[0m[ INFO] [1598923268.272262236]: unknown code![0m
[0m[ INFO] [1598923268.332342125]: unknown code![0m
[0m[ INFO] [1598923268.512450495]: unknown code![0m
[0m[ INFO] [1598923268.572294660]: unknown code![0m
[0m[ INFO] [1598923268.752759397]: unknown code![0m
[0m[ INFO] [1598923268.790872698]: Packetless[0m
[0m[ INFO] [1598923268.812261002]: unknown code![0m
[0m[ INFO] [1598923269.592263707]: unknown code![0m
[0m[ INFO] [1598923269.652232608]: unknown code![0m
[0m[ INFO] [1598923270.912287920]: unknown code![0m
[0m[ INFO] [1598923271.152182693]: unknown code![0m
[0m[ INFO] [1598923271.452190560]: unknown code![0m
[0m[ INFO] [1598923271.512242917]: unknown code![0m
[0m[ INFO] [1598923271.562322653]: LIM_CODE_HBACK[0m
[0m[ INFO] [1598923271.682172156]: unknown code![0m
[0m[ INFO] [1598923271.922198864]: unknown code![0m
[0m[ INFO] [1598923271.982143564]: unknown code![0m
[0m[ INFO] [1598923272.042299294]: unknown code![0m
[0m[ INFO] [1598923272.162188739]: unknown code![0m
[0m[ INFO] [1598923272.222251533]: unknown code![0m
[0m[ INFO] [1598923272.222403088]: unknown code![0m
[0m[ INFO] [1598923272.227347873]: unknown code![0m
[0m[ INFO] [1598923272.402193334]: unknown code![0m
[0m[ INFO] [1598923272.462253117]: unknown code![0m
[0m[ INFO] [1598923273.302497123]: unknown code![0m
[0m[ INFO] [1598923273.482124578]: unknown code![0m
[0m[ INFO] [1598923274.442103467]: unknown code![0m
[0m[ INFO] [1598923274.502275561]: unknown code![0m
[0m[ INFO] [1598923275.822225117]: unknown code![0m
[0m[ INFO] [1598923275.882178441]: unknown code![0m
[0m[ INFO] [1598923275.882309337]: unknown code![0m
[0m[ INFO] [1598923275.942131750]: unknown code![0m
[0m[ INFO] [1598923275.942278957]: unknown code![0m
[0m[ INFO] [1598923276.062028943]: unknown code![0m
[0m[ INFO] [1598923276.242126226]: unknown code![0m
[0m[ INFO] [1598923276.302097153]: unknown code![0m
[0m[ INFO] [1598923276.302256403]: unknown code![0m
[0m[ INFO] [1598923276.362100193]: unknown code![0m
[0m[ INFO] [1598923276.422039499]: unknown code![0m
[0m[ INFO] [1598923276.482149502]: unknown code![0m
[0m[ INFO] [1598923276.602118372]: unknown code![0m
[0m[ INFO] [1598923276.962091603]: unknown code![0m
[0m[ INFO] [1598923277.382054421]: unknown code![0m
[0m[ INFO] [1598923277.442046620]: unknown code![0m
[0m[ INFO] [1598923277.682025629]: unknown code![0m
[0m[ INFO] [1598923277.802084583]: unknown code![0m
[0m[ INFO] [1598923277.802419744]: unknown code![0m
[0m[ INFO] [1598923278.642031214]: unknown code![0m
[0m[ INFO] [1598923282.661983673]: unknown code![0m
[0m[ INFO] [1598923282.721900902]: unknown code![0m
[0m[ INFO] [1598923289.081835059]: unknown code![0m
[0m[ INFO] [1598923289.141971879]: unknown code![0m
[0m[ INFO] [1598923289.142165771]: unknown code![0m
[0m[ INFO] [1598923289.147169719]: unknown code![0m
[0m[ INFO] [1598923289.171154228]: unknown code![0m
[0m[ INFO] [1598923289.212300613]: Packetless[0m
[0m[ INFO] [1598923290.641727597]: unknown code![0m
[0m[ INFO] [1598923293.821701920]: unknown code![0m
[0m[ INFO] [1598923293.881757478]: unknown code![0m
[0m[ INFO] [1598923295.561682454]: unknown code![0m
[0m[ INFO] [1598923295.621685458]: unknown code![0m
[0m[ INFO] [1598923305.583585729]: unknown code![0m
[0m[ INFO] [1598923305.643616971]: unknown code![0m
[0m[ INFO] [1598923307.563992317]: unknown code![0m
[0m[ INFO] [1598923307.564298199]: unknown code![0m
[0m[ INFO] [1598923307.624013383]: unknown code![0m
[0m[ INFO] [1598923307.624288050]: unknown code![0m
[0m[ INFO] [1598923309.894550913]: LIM_CODE_HBACK[0m
[0m[ INFO] [1598923309.954349817]: unknown code![0m
[0m[ INFO] [1598923310.674586201]: unknown code![0m
[0m[ INFO] [1598923323.876572386]: unknown code![0m
[0m[ INFO] [1598923323.936761729]: unknown code![0m
[0m[ INFO] [1598923325.256783801]: unknown code![0m
[0m[ INFO] [1598923325.316868279]: unknown code![0m
[0m[ INFO] [1598923327.237060750]: unknown code![0m
[0m[ INFO] [1598923327.297200457]: unknown code![0m
[0m[ INFO] [1598923327.357119502]: unknown code![0m
[0m[ INFO] [1598923327.417201985]: unknown code![0m
[0m[ INFO] [1598923327.417501576]: unknown code![0m
[0m[ INFO] [1598923327.477186387]: unknown code![0m
[0m[ INFO] [1598923327.537167647]: unknown code![0m
[0m[ INFO] [1598923327.597258284]: unknown code![0m
[0m[ INFO] [1598923340.378759329]: unknown code![0m
[0m[ INFO] [1598923340.438709687]: unknown code![0m
[0m[ INFO] [1598923344.699283235]: unknown code![0m
[0m[ INFO] [1598923344.759205042]: unknown code![0m
[0m[ INFO] [1598923349.609808825]: LIM_CODE_HBACK[0m
[0m[ INFO] [1598923350.989889223]: unknown code![0m
[0m[ INFO] [1598923351.049872812]: unknown code![0m
[0m[ INFO] [1598923351.050186754]: unknown code![0m
[0m[ INFO] [1598923351.109864176]: unknown code![0m
[0m[ INFO] [1598923351.169821142]: unknown code![0m
[0m[ INFO] [1598923351.229866559]: unknown code![0m
[0m[ INFO] [1598923351.349928182]: unknown code![0m
[0m[ INFO] [1598923351.469856107]: unknown code![0m
[0m[ INFO] [1598923351.529882100]: unknown code![0m
[0m[ INFO] [1598923351.829878862]: unknown code![0m
[0m[ INFO] [1598923351.889963558]: unknown code![0m
[0m[ INFO] [1598923351.950081287]: unknown code![0m
[0m[ INFO] [1598923352.069936257]: unknown code![0m
[0m[ INFO] [1598923352.190044018]: unknown code![0m
[0m[ INFO] [1598923352.190261464]: unknown code![0m
[0m[ INFO] [1598923352.249977394]: unknown code![0m
[0m[ INFO] [1598923352.309962172]: unknown code![0m
[0m[ INFO] [1598923352.310130898]: unknown code![0m
[0m[ INFO] [1598923352.429933503]: unknown code![0m
[0m[ INFO] [1598923352.490036974]: unknown code![0m
[0m[ INFO] [1598923352.610026230]: unknown code![0m
[0m[ INFO] [1598923352.669977330]: unknown code![0m
[0m[ INFO] [1598923352.730053895]: unknown code![0m
[0m[ INFO] [1598923352.970154259]: unknown code![0m
[0m[ INFO] [1598923358.190467408]: unknown code![0m
[0m[ INFO] [1598923358.250497991]: unknown code![0m
[0m[ INFO] [1598923361.670761575]: unknown code![0m
[0m[ INFO] [1598923361.730873886]: unknown code![0m
[0m[ INFO] [1598923368.932332362]: unknown code![0m
[0m[ INFO] [1598923368.932714825]: unknown code![0m
[0m[ INFO] [1598923368.937557236]: unknown code![0m
[0m[ INFO] [1598923368.991405099]: unknown code![0m
[0m[ INFO] [1598923368.991583051]: unknown code![0m
[0m[ INFO] [1598923369.051333307]: unknown code![0m
[0m[ INFO] [1598923369.171437531]: unknown code![0m
[0m[ INFO] [1598923369.891445678]: unknown code![0m
[0m[ INFO] [1598923370.071409811]: unknown code![0m
[0m[ INFO] [1598923370.131547522]: unknown code![0m
[0m[ INFO] [1598923370.251521518]: unknown code![0m
[0m[ INFO] [1598923370.491499338]: unknown code![0m
[0m[ INFO] [1598923370.911520252]: unknown code![0m
[0m[ INFO] [1598923370.971534220]: unknown code![0m
[0m[ INFO] [1598923371.511562073]: unknown code![0m
[0m[ INFO] [1598923371.571586546]: unknown code![0m
[0m[ INFO] [1598923371.931680856]: unknown code![0m
[0m[ INFO] [1598923371.931831589]: unknown code![0m
[0m[ INFO] [1598923374.391870927]: unknown code![0m
[0m[ INFO] [1598923374.451810968]: unknown code![0m
[0m[ INFO] [1598923376.911961962]: unknown code![0m
[0m[ INFO] [1598923376.971988951]: unknown code![0m
[0m[ INFO] [1598923376.972294003]: unknown code![0m
[0m[ INFO] [1598923377.032076653]: unknown code![0m
[0m[ INFO] [1598923377.331997590]: unknown code![0m
[0m[ INFO] [1598923377.391922362]: unknown code![0m
[0m[ INFO] [1598923378.172002068]: unknown code![0m
[0m[ INFO] [1598923378.232021939]: unknown code![0m
[0m[ INFO] [1598923380.872206412]: unknown code![0m
[0m[ INFO] [1598923380.932275759]: unknown code![0m
[0m[ INFO] [1598923380.932418658]: unknown code![0m
[0m[ INFO] [1598923380.992407555]: unknown code![0m
[0m[ INFO] [1598923380.992700665]: unknown code![0m
[0m[ INFO] [1598923381.052192199]: unknown code![0m
[0m[ INFO] [1598923381.532224922]: unknown code![0m
[0m[ INFO] [1598923381.592245571]: unknown code![0m
[0m[ INFO] [1598923382.792281914]: unknown code![0m
[0m[ INFO] [1598923383.092340605]: unknown code![0m
[0m[ INFO] [1598923383.152325265]: unknown code![0m
[0m[ INFO] [1598923383.512348986]: unknown code![0m
[0m[ INFO] [1598923383.632550402]: unknown code![0m
[0m[ INFO] [1598923383.632857472]: unknown code![0m
[0m[ INFO] [1598923383.692399197]: unknown code![0m
[0m[ INFO] [1598923383.752390492]: unknown code![0m
[0m[ INFO] [1598923383.872381528]: unknown code![0m
[0m[ INFO] [1598923383.872733804]: unknown code![0m
[0m[ INFO] [1598923383.932526481]: unknown code![0m
[0m[ INFO] [1598923383.932685900]: unknown code![0m
[0m[ INFO] [1598923383.992381245]: unknown code![0m
[0m[ INFO] [1598923384.052392447]: unknown code![0m
[0m[ INFO] [1598923386.572744961]: unknown code![0m
[0m[ INFO] [1598923386.632537936]: unknown code![0m
[0m[ INFO] [1598923386.862770259]: LIM_CODE_HBACK[0m
[0m[ INFO] [1598923388.542650050]: unknown code![0m
[0m[ INFO] [1598923388.662646555]: unknown code![0m
[0m[ INFO] [1598923388.903071526]: unknown code![0m
[0m[ INFO] [1598923388.962780309]: unknown code![0m
[0m[ INFO] [1598923389.742781951]: unknown code![0m
[0m[ INFO] [1598923389.802782841]: unknown code![0m
[0m[ INFO] [1598923389.802992050]: unknown code![0m
[0m[ INFO] [1598923390.702824676]: unknown code![0m
[0m[ INFO] [1598923391.842882630]: unknown code![0m
[0m[ INFO] [1598923391.902970071]: unknown code![0m
[0m[ INFO] [1598923398.383160783]: unknown code![0m
[0m[ INFO] [1598923398.443205075]: unknown code![0m
[0m[ INFO] [1598923401.203355391]: unknown code![0m
[0m[ INFO] [1598923401.263340186]: unknown code![0m
[0m[ INFO] [1598923403.483476472]: unknown code![0m
[0m[ INFO] [1598923403.543574198]: unknown code![0m
[0m[ INFO] [1598923404.143449080]: unknown code![0m
[0m[ INFO] [1598923404.563554301]: unknown code![0m
[0m[ INFO] [1598923413.203903592]: unknown code![0m
[0m[ INFO] [1598923413.204176613]: unknown code![0m
[0m[ INFO] [1598923415.783973655]: unknown code![0m
[0m[ INFO] [1598923415.844025777]: unknown code![0m
[0m[ INFO] [1598923417.764062248]: unknown code![0m
[0m[ INFO] [1598923417.824101816]: unknown code![0m
[0m[ INFO] [1598923420.284160571]: unknown code![0m
[0m[ INFO] [1598923420.344245715]: unknown code![0m
[0m[ INFO] [1598923420.404173911]: unknown code![0m
[0m[ INFO] [1598923420.464259502]: unknown code![0m
[0m[ INFO] [1598923420.464581380]: unknown code![0m
[0m[ INFO] [1598923420.524287480]: unknown code![0m
[0m[ INFO] [1598923420.524409776]: unknown code![0m
[0m[ INFO] [1598923421.004286158]: unknown code![0m
[0m[ INFO] [1598923425.974557520]: LIM_CODE_HBACK[0m
[0m[ INFO] [1598923448.415075977]: unknown code![0m
[0m[ INFO] [1598923448.475103478]: unknown code![0m
[0m[ INFO] [1598923449.615105160]: unknown code![0m
[0m[ INFO] [1598923449.675162245]: unknown code![0m
[0m[ INFO] [1598923458.615383833]: unknown code![0m
[0m[ INFO] [1598923458.675338091]: unknown code![0m
[0m[ INFO] [1598923459.815419913]: unknown code![0m
[0m[ INFO] [1598923459.875468597]: unknown code![0m
[0m[ INFO] [1598923459.875619249]: unknown code![0m
[0m[ INFO] [1598923459.935480189]: unknown code![0m
[0m[ INFO] [1598923465.985692370]: LIM_CODE_HBACK[0m
[0m[ INFO] [1598923465.985900320]: unknown code![0m
[0m[ INFO] [1598923466.045523382]: unknown code![0m
[0m[ INFO] [1598923466.525565741]: unknown code![0m
[0m[ INFO] [1598923466.585574317]: unknown code![0m
[0m[ INFO] [1598923466.885579291]: unknown code![0m
[0m[ INFO] [1598923467.545624953]: unknown code![0m
[0m[ INFO] [1598923467.725676748]: unknown code![0m
[0m[ INFO] [1598923467.845610990]: unknown code![0m
[0m[ INFO] [1598923468.325584924]: unknown code![0m
[0m[ INFO] [1598923469.585607999]: unknown code![0m
[0m[ INFO] [1598923482.485870204]: unknown code![0m
[0m[ INFO] [1598923482.545935999]: unknown code![0m
[0m[ INFO] [1598923482.905962373]: unknown code![0m
[0m[ INFO] [1598923482.966102270]: unknown code![0m
[0m[ INFO] [1598923483.085907079]: unknown code![0m
[0m[ INFO] [1598923483.145942226]: unknown code![0m
[0m[ INFO] [1598923483.626196097]: unknown code![0m
[0m[ INFO] [1598923483.685985596]: unknown code![0m
[0m[ INFO] [1598923483.985934450]: unknown code![0m
[0m[ INFO] [1598923484.285972505]: unknown code![0m
[0m[ INFO] [1598923484.645958550]: unknown code![0m
[0m[ INFO] [1598923485.425971960]: unknown code![0m
[0m[ INFO] [1598923485.666006948]: unknown code![0m
[0m[ INFO] [1598923485.845998099]: unknown code![0m
[0m[ INFO] [1598923485.846162096]: unknown code![0m
[0m[ INFO] [1598923485.906068730]: unknown code![0m
[0m[ INFO] [1598923485.906225731]: unknown code![0m
[0m[ INFO] [1598923485.965953037]: unknown code![0m
[0m[ INFO] [1598923491.366045231]: unknown code![0m
[0m[ INFO] [1598923491.426138765]: unknown code![0m
[0m[ INFO] [1598923491.426295596]: unknown code![0m
[0m[ INFO] [1598923491.486076505]: unknown code![0m
[0m[ INFO] [1598923491.666130050]: unknown code![0m
[0m[ INFO] [1598923491.726149803]: unknown code![0m
[0m[ INFO] [1598923491.786154904]: unknown code![0m
[0m[ INFO] [1598923491.846062645]: unknown code![0m
[0m[ INFO] [1598923491.966139043]: unknown code![0m
[0m[ INFO] [1598923491.966472651]: unknown code![0m
[0m[ INFO] [1598923492.326170360]: unknown code![0m
[0m[ INFO] [1598923492.386260560]: unknown code![0m
[0m[ INFO] [1598923492.566070956]: unknown code![0m
[0m[ INFO] [1598923493.106089008]: unknown code![0m
[0m[ INFO] [1598923493.226124117]: unknown code![0m
[0m[ INFO] [1598923493.226297837]: unknown code![0m
[0m[ INFO] [1598923493.346086058]: unknown code![0m
[0m[ INFO] [1598923494.126152188]: unknown code![0m
[0m[ INFO] [1598923498.926209602]: unknown code![0m
[0m[ INFO] [1598923498.986234545]: unknown code![0m
[0m[ INFO] [1598923499.046223560]: unknown code![0m
[0m[ INFO] [1598923499.106215221]: unknown code![0m
[0m[ INFO] [1598923499.226242972]: unknown code![0m
[0m[ INFO] [1598923499.226522620]: unknown code![0m
[0m[ INFO] [1598923504.376405407]: LIM_CODE_HBACK[0m
[0m[ INFO] [1598923505.456287563]: unknown code![0m
[0m[ INFO] [1598923505.516496641]: unknown code![0m
[0m[ INFO] [1598923507.196347507]: unknown code![0m
[0m[ INFO] [1598923507.256387941]: unknown code![0m
[0m[ INFO] [1598923510.856393547]: unknown code![0m
[0m[ INFO] [1598923510.916475239]: unknown code![0m
[0m[ INFO] [1598923512.716507506]: unknown code![0m
[0m[ INFO] [1598923512.716809747]: unknown code![0m
[0m[ INFO] [1598923522.796698910]: unknown code![0m
[0m[ INFO] [1598923522.856731974]: unknown code![0m
[0m[ INFO] [1598923522.856944276]: unknown code![0m
[0m[ INFO] [1598923522.916674375]: unknown code![0m
[0m[ INFO] [1598923522.916805249]: unknown code![0m
[0m[ INFO] [1598923522.976631551]: unknown code![0m
[0m[ INFO] [1598923523.036606385]: unknown code![0m
[0m[ INFO] [1598923524.716752674]: unknown code![0m
[0m[ INFO] [1598923527.176741212]: unknown code![0m
[0m[ INFO] [1598923527.236709498]: unknown code![0m
[33m[ WARN] [1598923541.078559836]: Shutdown request received.[0m
[33m[ WARN] [1598923541.078580549]: Reason given for shutdown: [user request][0m
