[rospy.client][INFO] 2020-09-01 10:18:35,408: init_node, name[/diagnostic_map_scan_front], pid[20402]
[xmlrpc][INFO] 2020-09-01 10:18:35,409: XML-RPC server binding to 0.0.0.0:0
[xmlrpc][INFO] 2020-09-01 10:18:35,409: Started XML-RPC server [http://cuboid:40579/]
[rospy.init][INFO] 2020-09-01 10:18:35,409: ROS Slave URI: [http://cuboid:40579/]
[rospy.impl.masterslave][INFO] 2020-09-01 10:18:35,409: _ready: http://cuboid:40579/
[xmlrpc][INFO] 2020-09-01 10:18:35,410: xml rpc node: starting XML-RPC server
[rospy.registration][INFO] 2020-09-01 10:18:35,410: Registering with master node http://localhost:11311
[rospy.init][INFO] 2020-09-01 10:18:35,509: registered with master
[rospy.rosout][INFO] 2020-09-01 10:18:35,510: initializing /rosout core topic
[rospy.rosout][INFO] 2020-09-01 10:18:35,511: connected to core topic /rosout
[rospy.simtime][INFO] 2020-09-01 10:18:35,512: /use_sim_time is not set, will not subscribe to simulated time [/clock] topic
[rospy.internal][INFO] 2020-09-01 10:18:35,575: topic[/map_scan_front] adding connection to [http://cuboid:46071/], count 0
[rospy.internal][INFO] 2020-09-01 10:18:35,726: topic[/rosout] adding connection to [/rosout], count 0
[rospy.internal][INFO] 2020-09-01 10:18:35,727: topic[/diagnostics] adding connection to [/diag_agg], count 0
[rospy.internal][INFO] 2020-09-01 10:25:41,706: topic[/diagnostics] removing connection to /diag_agg
[rospy.impl.masterslave][INFO] 2020-09-01 10:25:42,254: external shutdown request from [/rosnode]: user request
[rospy.core][INFO] 2020-09-01 10:25:42,258: signal_shutdown [external shutdown request from [/rosnode]: [user request]]
[rospy.internal][INFO] 2020-09-01 10:25:42,260: topic[/rosout] removing connection to /rosout
[rospy.internal][INFO] 2020-09-01 10:25:42,261: topic[/map_scan_front] removing connection to http://cuboid:46071/
[rospy.core][INFO] 2020-09-01 10:25:42,377: signal_shutdown [atexit]
