[rospy.client][INFO] 2020-09-01 10:18:18,894: init_node, name[/diagnostic_battery], pid[16209]
[xmlrpc][INFO] 2020-09-01 10:18:18,895: XML-RPC server binding to 0.0.0.0:0
[xmlrpc][INFO] 2020-09-01 10:18:18,895: Started XML-RPC server [http://cuboid:39969/]
[rospy.init][INFO] 2020-09-01 10:18:18,895: ROS Slave URI: [http://cuboid:39969/]
[rospy.impl.masterslave][INFO] 2020-09-01 10:18:18,895: _ready: http://cuboid:39969/
[xmlrpc][INFO] 2020-09-01 10:18:18,895: xml rpc node: starting XML-RPC server
[rospy.registration][INFO] 2020-09-01 10:18:18,896: Registering with master node http://localhost:11311
[rospy.init][INFO] 2020-09-01 10:18:18,996: registered with master
[rospy.rosout][INFO] 2020-09-01 10:18:18,996: initializing /rosout core topic
[rospy.rosout][INFO] 2020-09-01 10:18:18,998: connected to core topic /rosout
[rospy.simtime][INFO] 2020-09-01 10:18:18,999: /use_sim_time is not set, will not subscribe to simulated time [/clock] topic
[rospy.internal][INFO] 2020-09-01 10:18:19,011: topic[/battery_remaining] adding connection to [http://cuboid:41997/], count 0
[rospy.internal][INFO] 2020-09-01 10:18:19,268: topic[/rosout] adding connection to [/rosout], count 0
[rospy.internal][INFO] 2020-09-01 10:18:19,269: topic[/diagnostics] adding connection to [/diag_agg], count 0
[rospy.internal][ERROR] 2020-09-01 10:25:41,332: Unable to initiate TCP/IP socket to cuboid:44311 (http://cuboid:41997/): Traceback (most recent call last):
  File "/opt/ros/kinetic/lib/python2.7/dist-packages/rospy/impl/tcpros_base.py", line 557, in connect
    self.read_header()
  File "/opt/ros/kinetic/lib/python2.7/dist-packages/rospy/impl/tcpros_base.py", line 650, in read_header
    self._validate_header(read_ros_handshake_header(sock, self.read_buff, self.protocol.buff_size))
  File "/opt/ros/kinetic/lib/python2.7/dist-packages/rospy/impl/tcpros_base.py", line 593, in _validate_header
    raise TransportInitError("remote error reported: %s"%header['error'])
TransportInitError: remote error reported: node shutting down

[rospy.impl.masterslave][INFO] 2020-09-01 10:25:41,475: external shutdown request from [/rosnode]: user request
[rospy.core][INFO] 2020-09-01 10:25:41,475: signal_shutdown [external shutdown request from [/rosnode]: [user request]]
[rospy.internal][INFO] 2020-09-01 10:25:41,486: topic[/diagnostics] removing connection to /diag_agg
[rospy.internal][INFO] 2020-09-01 10:25:41,486: topic[/rosout] removing connection to /rosout
[rospy.internal][INFO] 2020-09-01 10:25:41,487: topic[/battery_remaining] removing connection to http://cuboid:41997/
[rospy.core][INFO] 2020-09-01 10:25:41,660: signal_shutdown [atexit]
