[rospy.client][INFO] 2020-09-01 10:18:09,343: init_node, name[/diagnostic_vesc_left_topic], pid[14638]
[xmlrpc][INFO] 2020-09-01 10:18:09,343: XML-RPC server binding to 0.0.0.0:0
[xmlrpc][INFO] 2020-09-01 10:18:09,344: Started XML-RPC server [http://cuboid:34305/]
[rospy.init][INFO] 2020-09-01 10:18:09,344: ROS Slave URI: [http://cuboid:34305/]
[rospy.impl.masterslave][INFO] 2020-09-01 10:18:09,344: _ready: http://cuboid:34305/
[xmlrpc][INFO] 2020-09-01 10:18:09,345: xml rpc node: starting XML-RPC server
[rospy.registration][INFO] 2020-09-01 10:18:09,345: Registering with master node http://localhost:11311
[rospy.init][INFO] 2020-09-01 10:18:09,445: registered with master
[rospy.rosout][INFO] 2020-09-01 10:18:09,445: initializing /rosout core topic
[rospy.rosout][INFO] 2020-09-01 10:18:09,447: connected to core topic /rosout
[rospy.simtime][INFO] 2020-09-01 10:18:09,448: /use_sim_time is not set, will not subscribe to simulated time [/clock] topic
[rospy.internal][INFO] 2020-09-01 10:18:09,731: topic[/rosout] adding connection to [/rosout], count 0
[rospy.internal][INFO] 2020-09-01 10:18:09,732: topic[/diagnostics] adding connection to [/diag_agg], count 0
[rospy.internal][INFO] 2020-09-01 10:18:10,376: topic[/base/wheel_left/sensors/core] adding connection to [http://cuboid:35791/], count 0
[rospy.internal][WARNING] 2020-09-01 10:25:41,447: Unknown error initiating TCP/IP socket to cuboid:58443 (http://cuboid:35791/): Traceback (most recent call last):
  File "/opt/ros/kinetic/lib/python2.7/dist-packages/rospy/impl/tcpros_base.py", line 557, in connect
    self.read_header()
  File "/opt/ros/kinetic/lib/python2.7/dist-packages/rospy/impl/tcpros_base.py", line 650, in read_header
    self._validate_header(read_ros_handshake_header(sock, self.read_buff, self.protocol.buff_size))
  File "/opt/ros/kinetic/lib/python2.7/dist-packages/rosgraph/network.py", line 362, in read_ros_handshake_header
    d = sock.recv(buff_size)
error: [Errno 104] Connection reset by peer

[rospy.internal][INFO] 2020-09-01 10:25:41,447: topic[/base/wheel_left/sensors/core] removing connection to http://cuboid:35791/
[rospy.internal][INFO] 2020-09-01 10:25:42,107: topic[/diagnostics] removing connection to /diag_agg
[rospy.impl.masterslave][INFO] 2020-09-01 10:25:43,476: external shutdown request from [/rosnode]: user request
[rospy.core][INFO] 2020-09-01 10:25:43,476: signal_shutdown [external shutdown request from [/rosnode]: [user request]]
[rospy.internal][INFO] 2020-09-01 10:25:43,479: topic[/rosout] removing connection to /rosout
[rospy.core][INFO] 2020-09-01 10:25:43,644: signal_shutdown [atexit]
