[rospy.client][INFO] 2020-09-01 10:18:33,026: init_node, name[/diagnostic_kinect], pid[19791]
[xmlrpc][INFO] 2020-09-01 10:18:33,027: XML-RPC server binding to 0.0.0.0:0
[xmlrpc][INFO] 2020-09-01 10:18:33,027: Started XML-RPC server [http://cuboid:42785/]
[rospy.init][INFO] 2020-09-01 10:18:33,027: ROS Slave URI: [http://cuboid:42785/]
[rospy.impl.masterslave][INFO] 2020-09-01 10:18:33,027: _ready: http://cuboid:42785/
[xmlrpc][INFO] 2020-09-01 10:18:33,028: xml rpc node: starting XML-RPC server
[rospy.registration][INFO] 2020-09-01 10:18:33,028: Registering with master node http://localhost:11311
[rospy.init][INFO] 2020-09-01 10:18:33,128: registered with master
[rospy.rosout][INFO] 2020-09-01 10:18:33,128: initializing /rosout core topic
[rospy.rosout][INFO] 2020-09-01 10:18:33,131: connected to core topic /rosout
[rospy.simtime][INFO] 2020-09-01 10:18:33,132: /use_sim_time is not set, will not subscribe to simulated time [/clock] topic
[rospy.internal][INFO] 2020-09-01 10:18:33,143: topic[/camera/sd/image_color] adding connection to [http://cuboid:33467/], count 0
[rospy.internal][INFO] 2020-09-01 10:18:33,315: topic[/rosout] adding connection to [/rosout], count 0
[rospy.internal][INFO] 2020-09-01 10:18:33,417: topic[/diagnostics] adding connection to [/diag_agg], count 0
[rospy.internal][INFO] 2020-09-01 10:25:41,864: topic[/diagnostics] removing connection to /diag_agg
[rospy.impl.masterslave][INFO] 2020-09-01 10:25:42,085: external shutdown request from [/rosnode]: user request
[rospy.core][INFO] 2020-09-01 10:25:42,085: signal_shutdown [external shutdown request from [/rosnode]: [user request]]
[rospy.internal][INFO] 2020-09-01 10:25:42,088: topic[/rosout] removing connection to /rosout
[rospy.internal][INFO] 2020-09-01 10:25:42,088: topic[/camera/sd/image_color] removing connection to http://cuboid:33467/
[rospy.core][INFO] 2020-09-01 10:25:42,253: signal_shutdown [atexit]
