[rospy.client][INFO] 2020-09-01 10:18:06,344: init_node, name[/joystick_relay], pid[14317]
[xmlrpc][INFO] 2020-09-01 10:18:06,344: XML-RPC server binding to 0.0.0.0:0
[xmlrpc][INFO] 2020-09-01 10:18:06,345: Started XML-RPC server [http://cuboid:40999/]
[rospy.init][INFO] 2020-09-01 10:18:06,345: ROS Slave URI: [http://cuboid:40999/]
[rospy.impl.masterslave][INFO] 2020-09-01 10:18:06,345: _ready: http://cuboid:40999/
[xmlrpc][INFO] 2020-09-01 10:18:06,345: xml rpc node: starting XML-RPC server
[rospy.registration][INFO] 2020-09-01 10:18:06,345: Registering with master node http://localhost:11311
[rospy.init][INFO] 2020-09-01 10:18:06,445: registered with master
[rospy.rosout][INFO] 2020-09-01 10:18:06,445: initializing /rosout core topic
[rospy.rosout][INFO] 2020-09-01 10:18:06,447: connected to core topic /rosout
[rospy.simtime][INFO] 2020-09-01 10:18:06,448: /use_sim_time is not set, will not subscribe to simulated time [/clock] topic
[rospy.internal][INFO] 2020-09-01 10:18:06,720: topic[/rosout] adding connection to [/rosout], count 0
[rospy.internal][INFO] 2020-09-01 10:18:06,722: topic[/joy_vel] adding connection to [/twist_mux], count 0
[rospy.internal][INFO] 2020-09-01 10:18:06,722: topic[/joy_priority] adding connection to [/twist_mux], count 0
[rospy.impl.masterslave][INFO] 2020-09-01 10:25:44,037: external shutdown request from [/rosnode]: user request
[rospy.core][INFO] 2020-09-01 10:25:44,037: signal_shutdown [external shutdown request from [/rosnode]: [user request]]
[rospy.internal][INFO] 2020-09-01 10:25:44,048: topic[/joy_priority] removing connection to /twist_mux
[rospy.internal][INFO] 2020-09-01 10:25:44,048: topic[/joy_vel] removing connection to /twist_mux
[rospy.internal][INFO] 2020-09-01 10:25:44,048: topic[/rosout] removing connection to /rosout
[rospy.core][INFO] 2020-09-01 10:25:44,403: signal_shutdown [atexit]
