[INFO] [1598923168.410099]: api:report/robot/uploadMileage/
[INFO] [1598923168.410384]: robot_serial_no:Cuboid0009
[INFO] [1598923178.469145]: 2.88770081755
[INFO] [1598923178.469626]: [start] obtain token
[INFO] [1598923178.469988]: username: 3ETmYh7UGzHDPhJP
[INFO] [1598923178.470291]: password: 1Fc**********
[INFO] [1598923179.209930]: [successed] obtain token
[INFO] [1598923188.477060]: 2.99435527949
[INFO] [1598923198.468998]: 2.983366712
[INFO] [1598923208.485117]: 2.99224513909
[INFO] [1598923218.465162]: 1.84578782073
[INFO] [1598923228.509229]: 0.000273492332784
[INFO] [1598923238.493008]: 0.513526926798
[INFO] [1598923248.465103]: 2.99537358806
[INFO] [1598923258.489203]: 2.20634264621
[INFO] [1598923268.489054]: -0.174310260075
[INFO] [1598923278.468999]: 0.861266097541
[INFO] [1598923288.517443]: 2.98599987943
[INFO] [1598923298.497198]: 2.97872633999
[INFO] [1598923308.525282]: 2.20895818024
[INFO] [1598923318.501741]: 0.00233554421532
[INFO] [1598923328.496990]: 0.223601099443
[INFO] [1598923338.517442]: 2.91651823558
[INFO] [1598923348.565191]: 2.19926072712
[INFO] [1598923358.549240]: 2.99289302528
[INFO] [1598923368.569099]: 1.4292265306
[INFO] [1598923378.609072]: -0.000912630541477
[INFO] [1598923388.569306]: 1.79421209354
[INFO] [1598923398.593140]: 2.98672148865
[INFO] [1598923408.585110]: 2.98732765205
[INFO] [1598923418.597022]: 2.98841881379
[INFO] [1598923428.565119]: 2.98591827787
[INFO] [1598923438.601208]: 1.86465283167
[INFO] [1598923448.585181]: -0.000538798094878
[INFO] [1598923458.573045]: 1.10671742455
[INFO] [1598923468.565105]: 2.98550112266
[INFO] [1598923478.605098]: 0.639279370247
[INFO] [1598923488.605227]: 0.00066815473961
[INFO] [1598923488.605691]: [start] obtain token
[INFO] [1598923488.606027]: username: 3ETmYh7UGzHDPhJP
[INFO] [1598923488.606257]: password: 1Fc**********
[INFO] [1598923488.882937]: [successed] obtain token
[INFO] [1598923498.613144]: 2.63746781735
[INFO] [1598923508.621120]: 2.94050377607
[INFO] [1598923518.649124]: 2.98966091033
[INFO] [1598923528.621043]: 1.23570807816
shutdown request: user request
