[0m[ INFO] [1599700527.194720264]: to link... 192.168.13.103:2112[0m
[0m[ INFO] [1599700527.195200960]: Connect Success[0m
[0m[ INFO] [1599700527.293107910]: LIM_CODE_HBACK[0m
[0m[ INFO] [1599700530.773080342]: unknown code![0m
[0m[ INFO] [1599700530.833145577]: unknown code![0m
[0m[ INFO] [1599700530.833443693]: unknown code![0m
[0m[ INFO] [1599700530.893126634]: unknown code![0m
[0m[ INFO] [1599700530.893286802]: unknown code![0m
[0m[ INFO] [1599700530.953128965]: unknown code![0m
[0m[ INFO] [1599700531.013126417]: unknown code![0m
[0m[ INFO] [1599700531.253107013]: unknown code![0m
[0m[ INFO] [1599700532.453097789]: unknown code![0m
[0m[ INFO] [1599700532.573125525]: unknown code![0m
[0m[ INFO] [1599700559.453941050]: unknown code![0m
[0m[ INFO] [1599700559.513958274]: unknown code![0m
[0m[ INFO] [1599700559.813972746]: unknown code![0m
[0m[ INFO] [1599700559.873920599]: unknown code![0m
[0m[ INFO] [1599700559.994093790]: unknown code![0m
[0m[ INFO] [1599700560.054039004]: unknown code![0m
[0m[ INFO] [1599700565.094101376]: unknown code![0m
[0m[ INFO] [1599700565.154101213]: unknown code![0m
[0m[ INFO] [1599700565.274284770]: unknown code![0m
[0m[ INFO] [1599700565.574154077]: unknown code![0m
[0m[ INFO] [1599700565.634138494]: unknown code![0m
[0m[ INFO] [1599700565.874152326]: unknown code![0m
[0m[ INFO] [1599700566.174111030]: unknown code![0m
[0m[ INFO] [1599700566.234138531]: unknown code![0m
[0m[ INFO] [1599700567.004234166]: LIM_CODE_HBACK[0m
[0m[ INFO] [1599700567.544276750]: unknown code![0m
[0m[ INFO] [1599700567.664206394]: unknown code![0m
[0m[ INFO] [1599700567.904220846]: unknown code![0m
[0m[ INFO] [1599700568.084210698]: unknown code![0m
[0m[ INFO] [1599700568.624176975]: unknown code![0m
[0m[ INFO] [1599700570.364263117]: unknown code![0m
[0m[ INFO] [1599700570.424269243]: unknown code![0m
[0m[ INFO] [1599700571.264277151]: unknown code![0m
[0m[ INFO] [1599700572.344489628]: unknown code![0m
[0m[ INFO] [1599700585.484742204]: unknown code![0m
[0m[ INFO] [1599700585.485067157]: unknown code![0m
[0m[ INFO] [1599700585.544734332]: unknown code![0m
[0m[ INFO] [1599700585.724750973]: unknown code![0m
[0m[ INFO] [1599700585.725047599]: unknown code![0m
[0m[ INFO] [1599700587.344738193]: unknown code![0m
[0m[ INFO] [1599700604.985349606]: unknown code![0m
[0m[ INFO] [1599700605.045324965]: unknown code![0m
[0m[ INFO] [1599700605.045502178]: unknown code![0m
[0m[ INFO] [1599700605.285291612]: unknown code![0m
[0m[ INFO] [1599700605.345354549]: unknown code![0m
[0m[ INFO] [1599700605.525290609]: unknown code![0m
[0m[ INFO] [1599700605.825277927]: unknown code![0m
[0m[ INFO] [1599700606.605322870]: unknown code![0m
[0m[ INFO] [1599700606.715411571]: LIM_CODE_HBACK[0m
[0m[ INFO] [1599700631.256101537]: unknown code![0m
[0m[ INFO] [1599700631.316077109]: unknown code![0m
[0m[ INFO] [1599700631.376137051]: unknown code![0m
[0m[ INFO] [1599700631.436155049]: unknown code![0m
[0m[ INFO] [1599700631.856119109]: unknown code![0m
[0m[ INFO] [1599700631.916067301]: unknown code![0m
[0m[ INFO] [1599700632.696099089]: unknown code![0m
[0m[ INFO] [1599700632.936111810]: unknown code![0m
[0m[ INFO] [1599700633.296095781]: unknown code![0m
[0m[ INFO] [1599700633.416112258]: unknown code![0m
[0m[ INFO] [1599700633.536154327]: unknown code![0m
[0m[ INFO] [1599700634.436148689]: unknown code![0m
[0m[ INFO] [1599700634.796181674]: unknown code![0m
[0m[ INFO] [1599700635.396197335]: unknown code![0m
[0m[ INFO] [1599700635.456341162]: unknown code![0m
[0m[ INFO] [1599700635.516207552]: unknown code![0m
[0m[ INFO] [1599700637.256263096]: unknown code![0m
[0m[ INFO] [1599700637.436448318]: unknown code![0m
[0m[ INFO] [1599700646.606586779]: LIM_CODE_HBACK[0m
[0m[ INFO] [1599700659.086922812]: LIM_CODE_ALARM[0m
[0m[ INFO] [1599700660.467074644]: LIM_CODE_DISALARM[0m
[0m[ INFO] [1599700687.097862624]: LIM_CODE_HBACK[0m
[0m[ INFO] [1599700688.537796046]: unknown code![0m
[0m[ INFO] [1599700688.597835495]: unknown code![0m
[0m[ INFO] [1599700688.897780784]: unknown code![0m
[0m[ INFO] [1599700688.957827691]: unknown code![0m
[0m[ INFO] [1599700693.337900425]: unknown code![0m
[0m[ INFO] [1599700693.397940945]: unknown code![0m
[0m[ INFO] [1599700693.877994228]: unknown code![0m
[0m[ INFO] [1599700693.937950662]: unknown code![0m
[0m[ INFO] [1599700693.938117367]: unknown code![0m
[0m[ INFO] [1599700694.178026967]: unknown code![0m
[0m[ INFO] [1599700694.178147311]: unknown code![0m
[0m[ INFO] [1599700694.477983879]: unknown code![0m
[0m[ INFO] [1599700694.537953577]: unknown code![0m
[0m[ INFO] [1599700694.837963398]: unknown code![0m
[0m[ INFO] [1599700694.898020835]: unknown code![0m
[0m[ INFO] [1599700694.958079200]: unknown code![0m
[0m[ INFO] [1599700694.958176682]: unknown code![0m
[0m[ INFO] [1599700695.018058357]: unknown code![0m
[0m[ INFO] [1599700696.097971087]: unknown code![0m
[0m[ INFO] [1599700696.158052610]: unknown code![0m
[0m[ INFO] [1599700696.158317658]: unknown code![0m
[0m[ INFO] [1599700698.198027588]: unknown code![0m
[0m[ INFO] [1599700698.678086904]: unknown code![0m
[0m[ INFO] [1599700698.738123738]: unknown code![0m
[0m[ INFO] [1599700699.518153431]: unknown code![0m
[0m[ INFO] [1599700699.578143241]: unknown code![0m
[0m[ INFO] [1599700702.218200356]: unknown code![0m
[0m[ INFO] [1599700702.278202791]: unknown code![0m
[0m[ INFO] [1599700704.138265763]: unknown code![0m
[0m[ INFO] [1599700704.738269393]: unknown code![0m
[0m[ INFO] [1599700706.118339540]: unknown code![0m
[0m[ INFO] [1599700706.178304663]: unknown code![0m
[0m[ INFO] [1599700707.318377183]: unknown code![0m
[0m[ INFO] [1599700707.318553346]: unknown code![0m
[0m[ INFO] [1599700712.478496177]: unknown code![0m
[0m[ INFO] [1599700712.538582382]: unknown code![0m
[0m[ INFO] [1599700712.538845544]: unknown code![0m
[0m[ INFO] [1599700712.598496511]: unknown code![0m
[0m[ INFO] [1599700712.838483880]: unknown code![0m
[0m[ INFO] [1599700713.018547107]: unknown code![0m
[0m[ INFO] [1599700725.969121483]: LIM_CODE_HBACK[0m
[0m[ INFO] [1599700750.569770439]: unknown code![0m
[0m[ INFO] [1599700750.629782374]: unknown code![0m
[0m[ INFO] [1599700750.749682078]: unknown code![0m
[0m[ INFO] [1599700750.809697469]: LIM_CODE_ALARM[0m
[0m[ INFO] [1599700750.869622608]: unknown code![0m
[0m[ INFO] [1599700752.549812363]: unknown code![0m
[0m[ INFO] [1599700753.509737419]: unknown code![0m
[0m[ INFO] [1599700753.569839540]: unknown code![0m
[0m[ INFO] [1599700753.569989590]: LIM_CODE_DISALARM[0m
[0m[ INFO] [1599700756.629813641]: unknown code![0m
[0m[ INFO] [1599700756.689837579]: unknown code![0m
[0m[ INFO] [1599700757.230019067]: unknown code![0m
[0m[ INFO] [1599700757.230356279]: unknown code![0m
[0m[ INFO] [1599700757.289858847]: unknown code![0m
[0m[ INFO] [1599700759.269888049]: unknown code![0m
[0m[ INFO] [1599700760.589955390]: unknown code![0m
[0m[ INFO] [1599700760.649974544]: unknown code![0m
[0m[ INFO] [1599700761.729947177]: unknown code![0m
[0m[ INFO] [1599700762.689996762]: unknown code![0m
[0m[ INFO] [1599700765.680302031]: LIM_CODE_HBACK[0m
[0m[ INFO] [1599700767.480112285]: unknown code![0m
[0m[ INFO] [1599700767.540232558]: unknown code![0m
[0m[ INFO] [1599700767.540410481]: unknown code![0m
[0m[ INFO] [1599700767.600138299]: unknown code![0m
[0m[ INFO] [1599700768.560314524]: unknown code![0m
[0m[ INFO] [1599700768.620218549]: unknown code![0m
[0m[ INFO] [1599700768.860166293]: unknown code![0m
[0m[ INFO] [1599700768.920197765]: unknown code![0m
[0m[ INFO] [1599700769.220350037]: unknown code![0m
[0m[ INFO] [1599700769.280216486]: unknown code![0m
[0m[ INFO] [1599700769.580205590]: unknown code![0m
[0m[ INFO] [1599700769.700206563]: unknown code![0m
[0m[ INFO] [1599700769.760252228]: unknown code![0m
[0m[ INFO] [1599700770.720266061]: unknown code![0m
[0m[ INFO] [1599700770.960243903]: unknown code![0m
[0m[ INFO] [1599700771.020339781]: unknown code![0m
[0m[ INFO] [1599700771.020480917]: unknown code![0m
[0m[ INFO] [1599700771.140282612]: unknown code![0m
[0m[ INFO] [1599700771.200463841]: unknown code![0m
[0m[ INFO] [1599700771.440313926]: unknown code![0m
[0m[ INFO] [1599700771.440493214]: unknown code![0m
[0m[ INFO] [1599700771.560286612]: unknown code![0m
[0m[ INFO] [1599700771.680305003]: unknown code![0m
[0m[ INFO] [1599700771.680607000]: unknown code![0m
[0m[ INFO] [1599700771.800360676]: unknown code![0m
[0m[ INFO] [1599700771.800508314]: unknown code![0m
[0m[ INFO] [1599700771.860315753]: unknown code![0m
[0m[ INFO] [1599700771.920322970]: unknown code![0m
[0m[ INFO] [1599700772.220357287]: unknown code![0m
[0m[ INFO] [1599700772.280267991]: unknown code![0m
[0m[ INFO] [1599700772.460285902]: unknown code![0m
[0m[ INFO] [1599700772.580319597]: unknown code![0m
[0m[ INFO] [1599700772.700273805]: unknown code![0m
[0m[ INFO] [1599700772.820291925]: unknown code![0m
[0m[ INFO] [1599700773.000358431]: unknown code![0m
[0m[ INFO] [1599700773.060320960]: unknown code![0m
[0m[ INFO] [1599700773.240362172]: unknown code![0m
[0m[ INFO] [1599700775.040349961]: unknown code![0m
[0m[ INFO] [1599700775.760405229]: unknown code![0m
[33m[ WARN] [1599700781.484295373]: Shutdown request received.[0m
[33m[ WARN] [1599700781.484315120]: Reason given for shutdown: [user request][0m
