[rospy.client][INFO] 2020-09-10 10:15:28,505: init_node, name[/rotate_in_place], pid[10550]
[xmlrpc][INFO] 2020-09-10 10:15:28,505: XML-RPC server binding to 0.0.0.0:0
[xmlrpc][INFO] 2020-09-10 10:15:28,506: Started XML-RPC server [http://cuboid0009:38535/]
[rospy.init][INFO] 2020-09-10 10:15:28,506: ROS Slave URI: [http://cuboid0009:38535/]
[rospy.impl.masterslave][INFO] 2020-09-10 10:15:28,506: _ready: http://cuboid0009:38535/
[xmlrpc][INFO] 2020-09-10 10:15:28,506: xml rpc node: starting XML-RPC server
[rospy.registration][INFO] 2020-09-10 10:15:28,507: Registering with master node http://localhost:11311
[rospy.init][INFO] 2020-09-10 10:15:28,606: registered with master
[rospy.rosout][INFO] 2020-09-10 10:15:28,607: initializing /rosout core topic
[rospy.rosout][INFO] 2020-09-10 10:15:28,608: connected to core topic /rosout
[rospy.simtime][INFO] 2020-09-10 10:15:28,609: /use_sim_time is not set, will not subscribe to simulated time [/clock] topic
[rosout][INFO] 2020-09-10 10:15:28,614: Init robot_pose subscriber
[rosout][INFO] 2020-09-10 10:15:28,616: Init global path subscriber
[rosout][INFO] 2020-09-10 10:15:28,617: Init local costmap subscriber
[rosout][INFO] 2020-09-10 10:15:28,620: Init move_base result subscriber
[rosout][INFO] 2020-09-10 10:15:28,623: Init move_base feedback subscriber
[rosout][INFO] 2020-09-10 10:15:28,625: [RotateInPlace] Init publisher and subscriber
[rospy.internal][INFO] 2020-09-10 10:15:28,626: topic[/robot_pose] adding connection to [http://cuboid0009:32899/], count 0
[rospy.internal][INFO] 2020-09-10 10:15:28,852: topic[/rosout] adding connection to [/rosout], count 0
[rospy.internal][INFO] 2020-09-10 10:15:28,853: topic[/rotate_vel] adding connection to [/twist_mux], count 0
[rospy.internal][INFO] 2020-09-10 10:15:33,595: topic[/move_base/NavfnROS/plan] adding connection to [http://cuboid0009:44827/], count 0
[rospy.internal][INFO] 2020-09-10 10:15:34,209: topic[/move_base/local_costmap/costmap_updates] adding connection to [http://cuboid0009:44827/], count 0
[rospy.internal][INFO] 2020-09-10 10:15:34,524: topic[/move_base/result] adding connection to [http://cuboid0009:44827/], count 0
[rospy.internal][INFO] 2020-09-10 10:15:34,525: topic[/move_base/feedback] adding connection to [http://cuboid0009:44827/], count 0
[rospy.core][INFO] 2020-09-10 10:19:39,846: signal_shutdown [signal-2]
[rospy.internal][INFO] 2020-09-10 10:19:39,853: topic[/rosout] removing connection to /rosout
[rospy.internal][INFO] 2020-09-10 10:19:39,853: topic[/rotate_vel] removing connection to /twist_mux
[rospy.internal][INFO] 2020-09-10 10:19:39,854: topic[/move_base/NavfnROS/plan] removing connection to http://cuboid0009:44827/
[rospy.internal][INFO] 2020-09-10 10:19:39,854: topic[/move_base/result] removing connection to http://cuboid0009:44827/
[rospy.internal][INFO] 2020-09-10 10:19:39,854: topic[/move_base/feedback] removing connection to http://cuboid0009:44827/
[rospy.internal][INFO] 2020-09-10 10:19:39,855: topic[/robot_pose] removing connection to http://cuboid0009:32899/
[rospy.internal][INFO] 2020-09-10 10:19:39,855: topic[/move_base/local_costmap/costmap_updates] removing connection to http://cuboid0009:44827/
[rospy.impl.masterslave][INFO] 2020-09-10 10:19:39,855: signal-2
[rospy.core][INFO] 2020-09-10 10:19:39,987: signal_shutdown [atexit]
