[rospy.client][INFO] 2020-09-10 10:15:57,062: init_node, name[/round_goals], pid[18721]
[xmlrpc][INFO] 2020-09-10 10:15:57,062: XML-RPC server binding to 0.0.0.0:0
[xmlrpc][INFO] 2020-09-10 10:15:57,063: Started XML-RPC server [http://cuboid0009:34535/]
[rospy.init][INFO] 2020-09-10 10:15:57,063: ROS Slave URI: [http://cuboid0009:34535/]
[rospy.impl.masterslave][INFO] 2020-09-10 10:15:57,063: _ready: http://cuboid0009:34535/
[xmlrpc][INFO] 2020-09-10 10:15:57,063: xml rpc node: starting XML-RPC server
[rospy.registration][INFO] 2020-09-10 10:15:57,064: Registering with master node http://localhost:11311
[rospy.init][INFO] 2020-09-10 10:15:57,163: registered with master
[rospy.rosout][INFO] 2020-09-10 10:15:57,164: initializing /rosout core topic
[rospy.rosout][INFO] 2020-09-10 10:15:57,166: connected to core topic /rosout
[rospy.simtime][INFO] 2020-09-10 10:15:57,167: /use_sim_time is not set, will not subscribe to simulated time [/clock] topic
[rospy.internal][INFO] 2020-09-10 10:15:57,179: topic[/robot_pose] adding connection to [http://cuboid0009:32899/], count 0
[rospy.internal][INFO] 2020-09-10 10:15:57,200: topic[/move_base/status] adding connection to [http://cuboid0009:44827/], count 0
[rospy.internal][INFO] 2020-09-10 10:15:57,204: topic[/move_base/feedback] adding connection to [http://cuboid0009:44827/], count 0
[rospy.internal][INFO] 2020-09-10 10:15:57,210: topic[/move_base/result] adding connection to [http://cuboid0009:44827/], count 0
[rospy.internal][INFO] 2020-09-10 10:15:57,335: topic[/move_base/goal] adding connection to [/move_base], count 0
[rospy.internal][INFO] 2020-09-10 10:15:57,436: topic[/move_base/cancel] adding connection to [/move_base], count 0
[rospy.internal][INFO] 2020-09-10 10:15:57,442: topic[/rosout] adding connection to [/rosout], count 0
[rosout][INFO] 2020-09-10 10:15:57,442: [start] obtain token
[rosout][INFO] 2020-09-10 10:15:57,443: username: 3ETmYh7UGzHDPhJP
[rosout][INFO] 2020-09-10 10:15:57,443: password: 1Fc**********
[rosout][ERROR] 2020-09-10 10:17:57,563: Failed to postrequest because of URLError:timed out
[rosout][ERROR] 2020-09-10 10:17:57,563: [failed] obtain token
[rospy.core][INFO] 2020-09-10 10:17:57,564: signal_shutdown [atexit]
[rospy.internal][INFO] 2020-09-10 10:17:57,577: topic[/move_base/goal] removing connection to /move_base
[rospy.internal][INFO] 2020-09-10 10:17:57,578: topic[/move_base/cancel] removing connection to /move_base
[rospy.internal][INFO] 2020-09-10 10:17:57,578: topic[/rosout] removing connection to /rosout
[rospy.internal][INFO] 2020-09-10 10:17:57,578: topic[/move_base/status] removing connection to http://cuboid0009:44827/
[rospy.internal][INFO] 2020-09-10 10:17:57,579: topic[/move_base/feedback] removing connection to http://cuboid0009:44827/
[rospy.internal][INFO] 2020-09-10 10:17:57,579: topic[/robot_pose] removing connection to http://cuboid0009:32899/
[rospy.internal][INFO] 2020-09-10 10:17:57,579: topic[/move_base/result] removing connection to http://cuboid0009:44827/
[rospy.impl.masterslave][INFO] 2020-09-10 10:17:57,580: atexit
