[0m[ INFO] [1599700908.694108346]: to link... 192.168.13.103:2112[0m
[0m[ INFO] [1599700908.694649729]: Connect Success[0m
[0m[ INFO] [1599700908.784526943]: LIM_CODE_HBACK[0m
[0m[ INFO] [1599700917.064862001]: unknown code![0m
[0m[ INFO] [1599700917.065015323]: unknown code![0m
[0m[ INFO] [1599700918.204691203]: unknown code![0m
[0m[ INFO] [1599700919.104683979]: unknown code![0m
[0m[ INFO] [1599700920.064721004]: unknown code![0m
[0m[ INFO] [1599700920.125070736]: unknown code![0m
[0m[ INFO] [1599700924.144846073]: unknown code![0m
[0m[ INFO] [1599700924.204856019]: unknown code![0m
[0m[ INFO] [1599700924.565002172]: unknown code![0m
[0m[ INFO] [1599700924.745344554]: unknown code![0m
[0m[ INFO] [1599700926.124971310]: unknown code![0m
[0m[ INFO] [1599700937.405271001]: unknown code![0m
[0m[ INFO] [1599700937.405543279]: unknown code![0m
[0m[ INFO] [1599700937.645245626]: unknown code![0m
[0m[ INFO] [1599700939.085318136]: unknown code![0m
[0m[ INFO] [1599700939.085542819]: unknown code![0m
[0m[ INFO] [1599700939.265343416]: unknown code![0m
[0m[ INFO] [1599700945.145499873]: unknown code![0m
[0m[ INFO] [1599700945.205500921]: unknown code![0m
[0m[ INFO] [1599700945.265450329]: unknown code![0m
[0m[ INFO] [1599700945.325519115]: unknown code![0m
[0m[ INFO] [1599700945.385460410]: unknown code![0m
[0m[ INFO] [1599700945.445687770]: unknown code![0m
[0m[ INFO] [1599700946.285629249]: unknown code![0m
[0m[ INFO] [1599700946.465575106]: unknown code![0m
[0m[ INFO] [1599700946.585576972]: unknown code![0m
[0m[ INFO] [1599700946.825512564]: unknown code![0m
[0m[ INFO] [1599700947.005546073]: unknown code![0m
[0m[ INFO] [1599700947.065499826]: unknown code![0m
[0m[ INFO] [1599700947.185518977]: unknown code![0m
[0m[ INFO] [1599700947.775659166]: LIM_CODE_HBACK[0m
[0m[ INFO] [1599700947.835563655]: unknown code![0m
[0m[ INFO] [1599700948.675655342]: unknown code![0m
[0m[ INFO] [1599700948.735723710]: unknown code![0m
[0m[ INFO] [1599700948.855790032]: unknown code![0m
[0m[ INFO] [1599700948.855937773]: unknown code![0m
[0m[ INFO] [1599700948.915746277]: unknown code![0m
[0m[ INFO] [1599700948.916011167]: unknown code![0m
[0m[ INFO] [1599700948.920885828]: unknown code![0m
[0m[ INFO] [1599700949.035596503]: unknown code![0m
[0m[ INFO] [1599700949.095594220]: unknown code![0m
[0m[ INFO] [1599700949.155639742]: unknown code![0m
[0m[ INFO] [1599700952.215732307]: unknown code![0m
[0m[ INFO] [1599700952.335735010]: unknown code![0m
[0m[ INFO] [1599700952.635711331]: unknown code![0m
[0m[ INFO] [1599700958.995922209]: unknown code![0m
[0m[ INFO] [1599700959.055905047]: unknown code![0m
[0m[ INFO] [1599700960.555981723]: unknown code![0m
[0m[ INFO] [1599700960.556351058]: unknown code![0m
[0m[ INFO] [1599700960.675995462]: unknown code![0m
[0m[ INFO] [1599700960.676141209]: unknown code![0m
[0m[ INFO] [1599700961.575957794]: unknown code![0m
[0m[ INFO] [1599700961.635959186]: unknown code![0m
[0m[ INFO] [1599700961.936110391]: unknown code![0m
[0m[ INFO] [1599700962.176055410]: unknown code![0m
[0m[ INFO] [1599700962.235985487]: unknown code![0m
[0m[ INFO] [1599700962.416080345]: unknown code![0m
[0m[ INFO] [1599700962.896015383]: unknown code![0m
[0m[ INFO] [1599700962.956117209]: unknown code![0m
[0m[ INFO] [1599700963.256024199]: unknown code![0m
[0m[ INFO] [1599700963.316345287]: unknown code![0m
[0m[ INFO] [1599700963.316605300]: unknown code![0m
[0m[ INFO] [1599700963.376208462]: unknown code![0m
[0m[ INFO] [1599700966.676415974]: unknown code![0m
[0m[ INFO] [1599700966.676593607]: unknown code![0m
[0m[ INFO] [1599700966.796132703]: unknown code![0m
[0m[ INFO] [1599700966.856167836]: unknown code![0m
[0m[ INFO] [1599700966.976161895]: unknown code![0m
[0m[ INFO] [1599700967.036217238]: unknown code![0m
[0m[ INFO] [1599700967.036347916]: unknown code![0m
[0m[ INFO] [1599700967.216148836]: unknown code![0m
[0m[ INFO] [1599700967.276161312]: unknown code![0m
[0m[ INFO] [1599700967.336525469]: unknown code![0m
[0m[ INFO] [1599700967.336767078]: unknown code![0m
[0m[ INFO] [1599700967.456241432]: unknown code![0m
[0m[ INFO] [1599700967.516308654]: unknown code![0m
[0m[ INFO] [1599700967.576167194]: unknown code![0m
[0m[ INFO] [1599700967.756219966]: unknown code![0m
[0m[ INFO] [1599700967.816202151]: unknown code![0m
[0m[ INFO] [1599700967.816485105]: unknown code![0m
[0m[ INFO] [1599700967.936300218]: unknown code![0m
[0m[ INFO] [1599700968.056199558]: unknown code![0m
[0m[ INFO] [1599700969.076212996]: unknown code![0m
[0m[ INFO] [1599700969.136297656]: unknown code![0m
[0m[ INFO] [1599700969.136385112]: unknown code![0m
[0m[ INFO] [1599700969.376193726]: unknown code![0m
[0m[ INFO] [1599700969.436385280]: unknown code![0m
[0m[ INFO] [1599700969.436477154]: unknown code![0m
[0m[ INFO] [1599700969.496183206]: unknown code![0m
[0m[ INFO] [1599700969.556484591]: unknown code![0m
[0m[ INFO] [1599700969.856252814]: unknown code![0m
[0m[ INFO] [1599700969.976239124]: unknown code![0m
[0m[ INFO] [1599700970.036231917]: unknown code![0m
[0m[ INFO] [1599700970.096256975]: unknown code![0m
[0m[ INFO] [1599700970.156259199]: unknown code![0m
[0m[ INFO] [1599700970.576376821]: unknown code![0m
[0m[ INFO] [1599700973.816375439]: unknown code![0m
[0m[ INFO] [1599700973.816640016]: unknown code![0m
[0m[ INFO] [1599700985.986777852]: LIM_CODE_HBACK[0m
[0m[ INFO] [1599700989.526841370]: unknown code![0m
[0m[ INFO] [1599700989.586816066]: unknown code![0m
[0m[ INFO] [1599700990.846904123]: unknown code![0m
[0m[ INFO] [1599700990.847153485]: unknown code![0m
[0m[ INFO] [1599700990.906884990]: unknown code![0m
[0m[ INFO] [1599700991.386825632]: unknown code![0m
[0m[ INFO] [1599701000.687193453]: unknown code![0m
[0m[ INFO] [1599701000.747424520]: unknown code![0m
[0m[ INFO] [1599701002.427333701]: unknown code![0m
[0m[ INFO] [1599701002.547236574]: unknown code![0m
[0m[ INFO] [1599701002.547410405]: unknown code![0m
[0m[ INFO] [1599701002.787338293]: unknown code![0m
[0m[ INFO] [1599701003.207273276]: unknown code![0m
[33m[ WARN] [1599701003.744672399]: Shutdown request received.[0m
[33m[ WARN] [1599701003.744696704]: Reason given for shutdown: [user request][0m
