[rospy.client][INFO] 2020-09-10 10:21:33,076: init_node, name[/battery_monitor_node], pid[12183]
[xmlrpc][INFO] 2020-09-10 10:21:33,076: XML-RPC server binding to 0.0.0.0:0
[rospy.init][INFO] 2020-09-10 10:21:33,077: ROS Slave URI: [http://cuboid0009:45447/]
[xmlrpc][INFO] 2020-09-10 10:21:33,076: Started XML-RPC server [http://cuboid0009:45447/]
[rospy.impl.masterslave][INFO] 2020-09-10 10:21:33,077: _ready: http://cuboid0009:45447/
[rospy.registration][INFO] 2020-09-10 10:21:33,077: Registering with master node http://localhost:11311
[xmlrpc][INFO] 2020-09-10 10:21:33,077: xml rpc node: starting XML-RPC server
[rospy.init][INFO] 2020-09-10 10:21:33,177: registered with master
[rospy.rosout][INFO] 2020-09-10 10:21:33,177: initializing /rosout core topic
[rospy.rosout][INFO] 2020-09-10 10:21:33,179: connected to core topic /rosout
[rospy.simtime][INFO] 2020-09-10 10:21:33,180: /use_sim_time is not set, will not subscribe to simulated time [/clock] topic
[rosout][INFO] 2020-09-10 10:21:33,197: minimal-modbus : Port Found
[rosout][INFO] 2020-09-10 10:21:33,200: minimal-modbus : Port open
[rosout][INFO] 2020-09-10 10:21:33,208: minimal-modbus : start communication
[rospy.internal][INFO] 2020-09-10 10:21:33,285: topic[/battery_remaining] adding connection to [/expression_operator], count 0
[rospy.internal][INFO] 2020-09-10 10:21:33,298: topic[/battery_remaining] adding connection to [/rosbridge_websocket], count 1
[rospy.internal][INFO] 2020-09-10 10:21:33,298: topic[/charge_current] adding connection to [/rosbridge_websocket], count 0
[rospy.internal][INFO] 2020-09-10 10:21:33,481: topic[/rosout] adding connection to [/rosout], count 0
[rospy.internal][INFO] 2020-09-10 10:21:34,373: topic[/battery_remaining] adding connection to [/diagnostic_battery], count 2
[rospy.impl.masterslave][INFO] 2020-09-10 10:23:24,007: external shutdown request from [/rosnode]: user request
[rospy.core][INFO] 2020-09-10 10:23:24,007: signal_shutdown [external shutdown request from [/rosnode]: [user request]]
[rospy.internal][INFO] 2020-09-10 10:23:24,011: topic[/rosout] removing connection to /rosout
[rospy.internal][INFO] 2020-09-10 10:23:24,011: topic[/battery_remaining] removing connection to /expression_operator
[rospy.internal][INFO] 2020-09-10 10:23:24,011: topic[/battery_remaining] removing connection to /rosbridge_websocket
[rospy.internal][INFO] 2020-09-10 10:23:24,012: topic[/battery_remaining] removing connection to /diagnostic_battery
[rospy.internal][INFO] 2020-09-10 10:23:24,012: topic[/charge_current] removing connection to /rosbridge_websocket
[rospy.core][INFO] 2020-09-10 10:23:24,144: signal_shutdown [atexit]
