[rospy.client][INFO] 2020-09-10 10:21:23,473: init_node, name[/diagnostic_vesc_right_topic], pid[10389]
[xmlrpc][INFO] 2020-09-10 10:21:23,474: XML-RPC server binding to 0.0.0.0:0
[xmlrpc][INFO] 2020-09-10 10:21:23,474: Started XML-RPC server [http://cuboid0009:36149/]
[rospy.init][INFO] 2020-09-10 10:21:23,474: ROS Slave URI: [http://cuboid0009:36149/]
[rospy.impl.masterslave][INFO] 2020-09-10 10:21:23,475: _ready: http://cuboid0009:36149/
[rospy.registration][INFO] 2020-09-10 10:21:23,475: Registering with master node http://localhost:11311
[xmlrpc][INFO] 2020-09-10 10:21:23,475: xml rpc node: starting XML-RPC server
[rospy.init][INFO] 2020-09-10 10:21:23,575: registered with master
[rospy.rosout][INFO] 2020-09-10 10:21:23,575: initializing /rosout core topic
[rospy.rosout][INFO] 2020-09-10 10:21:23,578: connected to core topic /rosout
[rospy.simtime][INFO] 2020-09-10 10:21:23,579: /use_sim_time is not set, will not subscribe to simulated time [/clock] topic
[rospy.internal][INFO] 2020-09-10 10:21:23,736: topic[/diagnostics] adding connection to [/diag_agg], count 0
[rospy.internal][INFO] 2020-09-10 10:21:23,737: topic[/rosout] adding connection to [/rosout], count 0
[rospy.internal][INFO] 2020-09-10 10:21:26,649: topic[/base/wheel_right/sensors/core] adding connection to [http://cuboid0009:36243/], count 0
[rospy.internal][WARNING] 2020-09-10 10:23:24,135: Unknown error initiating TCP/IP socket to cuboid0009:44631 (http://cuboid0009:36243/): Traceback (most recent call last):
  File "/opt/ros/kinetic/lib/python2.7/dist-packages/rospy/impl/tcpros_base.py", line 557, in connect
    self.read_header()
  File "/opt/ros/kinetic/lib/python2.7/dist-packages/rospy/impl/tcpros_base.py", line 650, in read_header
    self._validate_header(read_ros_handshake_header(sock, self.read_buff, self.protocol.buff_size))
  File "/opt/ros/kinetic/lib/python2.7/dist-packages/rosgraph/network.py", line 362, in read_ros_handshake_header
    d = sock.recv(buff_size)
error: [Errno 104] Connection reset by peer

[rospy.internal][INFO] 2020-09-10 10:23:24,136: topic[/base/wheel_right/sensors/core] removing connection to http://cuboid0009:36243/
[rospy.internal][INFO] 2020-09-10 10:23:24,707: topic[/diagnostics] removing connection to /diag_agg
[rospy.impl.masterslave][INFO] 2020-09-10 10:23:26,246: external shutdown request from [/rosnode]: user request
[rospy.core][INFO] 2020-09-10 10:23:26,246: signal_shutdown [external shutdown request from [/rosnode]: [user request]]
[rospy.internal][INFO] 2020-09-10 10:23:26,249: topic[/rosout] removing connection to /rosout
[rospy.core][INFO] 2020-09-10 10:23:26,543: signal_shutdown [atexit]
