[rospy.client][INFO] 2020-09-10 10:21:42,987: init_node, name[/diagnostic_rplidar_foot_topic], pid[14563]
[xmlrpc][INFO] 2020-09-10 10:21:42,988: XML-RPC server binding to 0.0.0.0:0
[xmlrpc][INFO] 2020-09-10 10:21:42,988: Started XML-RPC server [http://cuboid0009:40107/]
[rospy.init][INFO] 2020-09-10 10:21:42,988: ROS Slave URI: [http://cuboid0009:40107/]
[rospy.impl.masterslave][INFO] 2020-09-10 10:21:42,988: _ready: http://cuboid0009:40107/
[rospy.registration][INFO] 2020-09-10 10:21:42,989: Registering with master node http://localhost:11311
[xmlrpc][INFO] 2020-09-10 10:21:42,989: xml rpc node: starting XML-RPC server
[rospy.init][INFO] 2020-09-10 10:21:43,088: registered with master
[rospy.rosout][INFO] 2020-09-10 10:21:43,089: initializing /rosout core topic
[rospy.rosout][INFO] 2020-09-10 10:21:43,090: connected to core topic /rosout
[rospy.simtime][INFO] 2020-09-10 10:21:43,092: /use_sim_time is not set, will not subscribe to simulated time [/clock] topic
[rospy.internal][INFO] 2020-09-10 10:21:43,104: topic[/foot_scan] adding connection to [http://cuboid0009:40083/], count 0
[rospy.internal][INFO] 2020-09-10 10:21:43,316: topic[/rosout] adding connection to [/rosout], count 0
[rospy.internal][INFO] 2020-09-10 10:21:43,317: topic[/diagnostics] adding connection to [/diag_agg], count 0
[rospy.internal][INFO] 2020-09-10 10:23:24,637: topic[/diagnostics] removing connection to /diag_agg
[rospy.impl.masterslave][INFO] 2020-09-10 10:23:25,440: external shutdown request from [/rosnode]: user request
[rospy.core][INFO] 2020-09-10 10:23:25,440: signal_shutdown [external shutdown request from [/rosnode]: [user request]]
[rospy.internal][INFO] 2020-09-10 10:23:25,443: topic[/rosout] removing connection to /rosout
[rospy.internal][INFO] 2020-09-10 10:23:25,443: topic[/foot_scan] removing connection to http://cuboid0009:40083/
[rospy.core][INFO] 2020-09-10 10:23:25,686: signal_shutdown [atexit]
