[rospy.client][INFO] 2020-09-10 10:21:24,572: init_node, name[/diagnostic_vesc_left_topic], pid[10693]
[xmlrpc][INFO] 2020-09-10 10:21:24,572: XML-RPC server binding to 0.0.0.0:0
[xmlrpc][INFO] 2020-09-10 10:21:24,572: Started XML-RPC server [http://cuboid0009:44825/]
[rospy.init][INFO] 2020-09-10 10:21:24,573: ROS Slave URI: [http://cuboid0009:44825/]
[rospy.impl.masterslave][INFO] 2020-09-10 10:21:24,573: _ready: http://cuboid0009:44825/
[rospy.registration][INFO] 2020-09-10 10:21:24,573: Registering with master node http://localhost:11311
[xmlrpc][INFO] 2020-09-10 10:21:24,573: xml rpc node: starting XML-RPC server
[rospy.init][INFO] 2020-09-10 10:21:24,673: registered with master
[rospy.rosout][INFO] 2020-09-10 10:21:24,673: initializing /rosout core topic
[rospy.rosout][INFO] 2020-09-10 10:21:24,677: connected to core topic /rosout
[rospy.simtime][INFO] 2020-09-10 10:21:24,679: /use_sim_time is not set, will not subscribe to simulated time [/clock] topic
[rospy.internal][INFO] 2020-09-10 10:21:24,841: topic[/diagnostics] adding connection to [/diag_agg], count 0
[rospy.internal][INFO] 2020-09-10 10:21:24,941: topic[/rosout] adding connection to [/rosout], count 0
[rospy.internal][INFO] 2020-09-10 10:21:25,554: topic[/base/wheel_left/sensors/core] adding connection to [http://cuboid0009:35369/], count 0
[rospy.internal][WARNING] 2020-09-10 10:23:24,130: Unknown error initiating TCP/IP socket to cuboid0009:56323 (http://cuboid0009:35369/): Traceback (most recent call last):
  File "/opt/ros/kinetic/lib/python2.7/dist-packages/rospy/impl/tcpros_base.py", line 557, in connect
    self.read_header()
  File "/opt/ros/kinetic/lib/python2.7/dist-packages/rospy/impl/tcpros_base.py", line 650, in read_header
    self._validate_header(read_ros_handshake_header(sock, self.read_buff, self.protocol.buff_size))
  File "/opt/ros/kinetic/lib/python2.7/dist-packages/rosgraph/network.py", line 362, in read_ros_handshake_header
    d = sock.recv(buff_size)
error: [Errno 104] Connection reset by peer

[rospy.internal][INFO] 2020-09-10 10:23:24,131: topic[/base/wheel_left/sensors/core] removing connection to http://cuboid0009:35369/
[rospy.internal][INFO] 2020-09-10 10:23:24,613: topic[/diagnostics] removing connection to /diag_agg
[rospy.impl.masterslave][INFO] 2020-09-10 10:23:25,938: external shutdown request from [/rosnode]: user request
[rospy.core][INFO] 2020-09-10 10:23:25,939: signal_shutdown [external shutdown request from [/rosnode]: [user request]]
[rospy.internal][INFO] 2020-09-10 10:23:25,945: topic[/rosout] removing connection to /rosout
[rospy.core][INFO] 2020-09-10 10:23:26,140: signal_shutdown [atexit]
