[rospy.client][INFO] 2020-09-10 10:21:40,070: init_node, name[/diagnostic_rplidar_body_topic], pid[13828]
[xmlrpc][INFO] 2020-09-10 10:21:40,070: XML-RPC server binding to 0.0.0.0:0
[xmlrpc][INFO] 2020-09-10 10:21:40,070: Started XML-RPC server [http://cuboid0009:41729/]
[rospy.init][INFO] 2020-09-10 10:21:40,071: ROS Slave URI: [http://cuboid0009:41729/]
[rospy.impl.masterslave][INFO] 2020-09-10 10:21:40,071: _ready: http://cuboid0009:41729/
[rospy.registration][INFO] 2020-09-10 10:21:40,072: Registering with master node http://localhost:11311
[xmlrpc][INFO] 2020-09-10 10:21:40,072: xml rpc node: starting XML-RPC server
[rospy.init][INFO] 2020-09-10 10:21:40,171: registered with master
[rospy.rosout][INFO] 2020-09-10 10:21:40,172: initializing /rosout core topic
[rospy.rosout][INFO] 2020-09-10 10:21:40,175: connected to core topic /rosout
[rospy.simtime][INFO] 2020-09-10 10:21:40,176: /use_sim_time is not set, will not subscribe to simulated time [/clock] topic
[rospy.internal][INFO] 2020-09-10 10:21:40,237: topic[/body_scan] adding connection to [http://cuboid0009:35401/], count 0
[rospy.internal][INFO] 2020-09-10 10:21:40,307: topic[/rosout] adding connection to [/rosout], count 0
[rospy.internal][INFO] 2020-09-10 10:21:40,407: topic[/diagnostics] adding connection to [/diag_agg], count 0
[rospy.internal][INFO] 2020-09-10 10:23:24,771: topic[/diagnostics] removing connection to /diag_agg
[rospy.impl.masterslave][INFO] 2020-09-10 10:23:25,141: external shutdown request from [/rosnode]: user request
[rospy.core][INFO] 2020-09-10 10:23:25,141: signal_shutdown [external shutdown request from [/rosnode]: [user request]]
[rospy.internal][INFO] 2020-09-10 10:23:25,147: topic[/rosout] removing connection to /rosout
[rospy.internal][INFO] 2020-09-10 10:23:25,147: topic[/body_scan] removing connection to http://cuboid0009:35401/
[rospy.internal][WARNING] 2020-09-10 10:23:25,149: Unknown error initiating TCP/IP socket to cuboid0009:38203 (http://cuboid0009:35401/): Traceback (most recent call last):
  File "/opt/ros/kinetic/lib/python2.7/dist-packages/rospy/impl/tcpros_base.py", line 557, in connect
    self.read_header()
  File "/opt/ros/kinetic/lib/python2.7/dist-packages/rospy/impl/tcpros_base.py", line 650, in read_header
    self._validate_header(read_ros_handshake_header(sock, self.read_buff, self.protocol.buff_size))
AttributeError: 'NoneType' object has no attribute 'buff_size'

[rospy.topics][ERROR] 2020-09-10 10:23:25,149: Traceback (most recent call last):
  File "/opt/ros/kinetic/lib/python2.7/dist-packages/rospy/topics.py", line 326, in close
    c.close()
  File "/opt/ros/kinetic/lib/python2.7/dist-packages/rospy/impl/tcpros_base.py", line 838, in close
    self.socket.close()
AttributeError: 'NoneType' object has no attribute 'close'

[rospy.core][INFO] 2020-09-10 10:23:25,317: signal_shutdown [atexit]
