[rospy.client][INFO] 2020-09-10 10:21:31,331: init_node, name[/diagnostic_imu_topic], pid[11879]
[xmlrpc][INFO] 2020-09-10 10:21:31,331: XML-RPC server binding to 0.0.0.0:0
[xmlrpc][INFO] 2020-09-10 10:21:31,332: Started XML-RPC server [http://cuboid0009:38751/]
[rospy.init][INFO] 2020-09-10 10:21:31,332: ROS Slave URI: [http://cuboid0009:38751/]
[rospy.impl.masterslave][INFO] 2020-09-10 10:21:31,332: _ready: http://cuboid0009:38751/
[xmlrpc][INFO] 2020-09-10 10:21:31,332: xml rpc node: starting XML-RPC server
[rospy.registration][INFO] 2020-09-10 10:21:31,333: Registering with master node http://localhost:11311
[rospy.init][INFO] 2020-09-10 10:21:31,432: registered with master
[rospy.rosout][INFO] 2020-09-10 10:21:31,432: initializing /rosout core topic
[rospy.rosout][INFO] 2020-09-10 10:21:31,435: connected to core topic /rosout
[rospy.simtime][INFO] 2020-09-10 10:21:31,436: /use_sim_time is not set, will not subscribe to simulated time [/clock] topic
[rospy.internal][INFO] 2020-09-10 10:21:31,447: topic[/gyro/imu] adding connection to [http://cuboid0009:38523/], count 0
[rospy.internal][INFO] 2020-09-10 10:21:31,674: topic[/rosout] adding connection to [/rosout], count 0
[rospy.internal][INFO] 2020-09-10 10:21:31,675: topic[/diagnostics] adding connection to [/diag_agg], count 0
[rospy.internal][INFO] 2020-09-10 10:23:24,482: topic[/diagnostics] removing connection to /diag_agg
[rospy.impl.masterslave][INFO] 2020-09-10 10:23:24,593: external shutdown request from [/rosnode]: user request
[rospy.core][INFO] 2020-09-10 10:23:24,593: signal_shutdown [external shutdown request from [/rosnode]: [user request]]
[rospy.internal][INFO] 2020-09-10 10:23:24,597: topic[/rosout] removing connection to /rosout
[rospy.internal][INFO] 2020-09-10 10:23:24,598: topic[/gyro/imu] removing connection to http://cuboid0009:38523/
[rospy.core][INFO] 2020-09-10 10:23:25,038: signal_shutdown [atexit]
