[rospy.client][INFO] 2020-09-10 10:21:21,309: init_node, name[/joystick_relay], pid[9958]
[xmlrpc][INFO] 2020-09-10 10:21:21,310: XML-RPC server binding to 0.0.0.0:0
[xmlrpc][INFO] 2020-09-10 10:21:21,310: Started XML-RPC server [http://cuboid0009:36569/]
[rospy.init][INFO] 2020-09-10 10:21:21,310: ROS Slave URI: [http://cuboid0009:36569/]
[rospy.impl.masterslave][INFO] 2020-09-10 10:21:21,310: _ready: http://cuboid0009:36569/
[xmlrpc][INFO] 2020-09-10 10:21:21,311: xml rpc node: starting XML-RPC server
[rospy.registration][INFO] 2020-09-10 10:21:21,311: Registering with master node http://localhost:11311
[rospy.init][INFO] 2020-09-10 10:21:21,411: registered with master
[rospy.rosout][INFO] 2020-09-10 10:21:21,411: initializing /rosout core topic
[rospy.rosout][INFO] 2020-09-10 10:21:21,414: connected to core topic /rosout
[rospy.simtime][INFO] 2020-09-10 10:21:21,415: /use_sim_time is not set, will not subscribe to simulated time [/clock] topic
[rospy.internal][INFO] 2020-09-10 10:21:21,626: topic[/rosout] adding connection to [/rosout], count 0
[rospy.internal][INFO] 2020-09-10 10:21:21,726: topic[/joy_priority] adding connection to [/twist_mux], count 0
[rospy.internal][INFO] 2020-09-10 10:21:21,727: topic[/joy_vel] adding connection to [/twist_mux], count 0
[rospy.impl.masterslave][INFO] 2020-09-10 10:23:26,532: external shutdown request from [/rosnode]: user request
[rospy.core][INFO] 2020-09-10 10:23:26,533: signal_shutdown [external shutdown request from [/rosnode]: [user request]]
[rospy.internal][INFO] 2020-09-10 10:23:26,546: topic[/joy_priority] removing connection to /twist_mux
[rospy.internal][INFO] 2020-09-10 10:23:26,547: topic[/joy_vel] removing connection to /twist_mux
[rospy.internal][INFO] 2020-09-10 10:23:26,547: topic[/rosout] removing connection to /rosout
[rospy.core][INFO] 2020-09-10 10:23:26,704: signal_shutdown [atexit]
