[rospy.client][INFO] 2020-09-10 10:22:13,502: init_node, name[/record_mileage], pid[23626]
[xmlrpc][INFO] 2020-09-10 10:22:13,503: XML-RPC server binding to 0.0.0.0:0
[rospy.init][INFO] 2020-09-10 10:22:13,503: ROS Slave URI: [http://cuboid0009:36533/]
[xmlrpc][INFO] 2020-09-10 10:22:13,503: Started XML-RPC server [http://cuboid0009:36533/]
[rospy.impl.masterslave][INFO] 2020-09-10 10:22:13,503: _ready: http://cuboid0009:36533/
[rospy.registration][INFO] 2020-09-10 10:22:13,504: Registering with master node http://localhost:11311
[xmlrpc][INFO] 2020-09-10 10:22:13,504: xml rpc node: starting XML-RPC server
[rospy.init][INFO] 2020-09-10 10:22:13,604: registered with master
[rospy.rosout][INFO] 2020-09-10 10:22:13,604: initializing /rosout core topic
[rospy.rosout][INFO] 2020-09-10 10:22:13,607: connected to core topic /rosout
[rospy.simtime][INFO] 2020-09-10 10:22:13,608: /use_sim_time is not set, will not subscribe to simulated time [/clock] topic
[rosout][INFO] 2020-09-10 10:22:13,619: api:report/robot/uploadMileage/
[rosout][INFO] 2020-09-10 10:22:13,619: robot_serial_no:Cuboid0009
[rospy.internal][INFO] 2020-09-10 10:22:13,670: topic[/base/cube_base_driver/diff_drive_controller/odom] adding connection to [http://cuboid0009:34591/], count 0
[rospy.internal][INFO] 2020-09-10 10:22:13,713: topic[/rosout] adding connection to [/rosout], count 0
[rosout][INFO] 2020-09-10 10:22:23,671: 0.0
[rosout][INFO] 2020-09-10 10:22:23,672: [start] obtain token
[rosout][INFO] 2020-09-10 10:22:23,672: username: 3ETmYh7UGzHDPhJP
[rosout][INFO] 2020-09-10 10:22:23,672: password: 1Fc**********
[rospy.impl.masterslave][INFO] 2020-09-10 10:23:20,731: external shutdown request from [/rosnode]: user request
[rospy.core][INFO] 2020-09-10 10:23:20,732: signal_shutdown [external shutdown request from [/rosnode]: [user request]]
[rospy.internal][INFO] 2020-09-10 10:23:20,735: topic[/rosout] removing connection to /rosout
[rospy.internal][INFO] 2020-09-10 10:23:20,735: topic[/base/cube_base_driver/diff_drive_controller/odom] removing connection to http://cuboid0009:34591/
[rospy.core][INFO] 2020-09-10 10:23:21,180: signal_shutdown [atexit]
