[rospy.client][INFO] 2020-09-10 10:24:18,327: init_node, name[/base/cube_base_driver/base_controller_spawner], pid[10452]
[xmlrpc][INFO] 2020-09-10 10:24:18,328: XML-RPC server binding to 0.0.0.0:0
[xmlrpc][INFO] 2020-09-10 10:24:18,328: Started XML-RPC server [http://cuboid0009:37587/]
[rospy.init][INFO] 2020-09-10 10:24:18,328: ROS Slave URI: [http://cuboid0009:37587/]
[rospy.impl.masterslave][INFO] 2020-09-10 10:24:18,328: _ready: http://cuboid0009:37587/
[rospy.registration][INFO] 2020-09-10 10:24:18,329: Registering with master node http://localhost:11311
[xmlrpc][INFO] 2020-09-10 10:24:18,329: xml rpc node: starting XML-RPC server
[rospy.init][INFO] 2020-09-10 10:24:18,429: registered with master
[rospy.rosout][INFO] 2020-09-10 10:24:18,429: initializing /rosout core topic
[rospy.rosout][INFO] 2020-09-10 10:24:18,433: connected to core topic /rosout
[rospy.simtime][INFO] 2020-09-10 10:24:18,435: /use_sim_time is not set, will not subscribe to simulated time [/clock] topic
[rosout][INFO] 2020-09-10 10:24:18,438: Controller Spawner: Waiting for service controller_manager/load_controller
[rosout][INFO] 2020-09-10 10:24:18,439: Controller Spawner: Waiting for service controller_manager/switch_controller
[rosout][INFO] 2020-09-10 10:24:18,441: Controller Spawner: Waiting for service controller_manager/unload_controller
[rosout][INFO] 2020-09-10 10:24:18,442: Loading controller: diff_drive_controller
[rosout][INFO] 2020-09-10 10:24:18,495: Loading controller: joint_state_controller
[rosout][INFO] 2020-09-10 10:24:18,505: Controller Spawner: Loaded controllers: diff_drive_controller, joint_state_controller
[rosout][INFO] 2020-09-10 10:24:18,515: Started controllers: diff_drive_controller, joint_state_controller
[rospy.internal][INFO] 2020-09-10 10:24:18,665: topic[/rosout] adding connection to [/rosout], count 0
[rospy.impl.masterslave][INFO] 2020-09-10 11:38:43,175: external shutdown request from [/rosnode]: user request
[rospy.core][INFO] 2020-09-10 11:38:43,175: signal_shutdown [external shutdown request from [/rosnode]: [user request]]
[rosout][INFO] 2020-09-10 11:38:43,175: Shutting down spawner. Stopping and unloading controllers...
[rosout][INFO] 2020-09-10 11:38:43,176: Stopping all controllers...
[rospy.internal][WARNING] 2020-09-10 11:38:43,314: Unknown error initiating TCP/IP socket to cuboid0009:34785 (rosrpc://cuboid0009:34785): Traceback (most recent call last):
  File "/opt/ros/kinetic/lib/python2.7/dist-packages/rospy/impl/tcpros_base.py", line 557, in connect
    self.read_header()
  File "/opt/ros/kinetic/lib/python2.7/dist-packages/rospy/impl/tcpros_base.py", line 650, in read_header
    self._validate_header(read_ros_handshake_header(sock, self.read_buff, self.protocol.buff_size))
  File "/opt/ros/kinetic/lib/python2.7/dist-packages/rosgraph/network.py", line 362, in read_ros_handshake_header
    d = sock.recv(buff_size)
error: [Errno 104] Connection reset by peer

[rosout][WARNING] 2020-09-10 11:38:43,314: Controller Spawner error while taking down controllers: unable to connect to service: [Errno 104] Connection reset by peer
[rospy.internal][INFO] 2020-09-10 11:38:43,317: topic[/rosout] removing connection to /rosout
[rospy.core][INFO] 2020-09-10 11:38:43,472: signal_shutdown [atexit]
