[rospy.client][INFO] 2020-09-10 10:24:23,482: init_node, name[/battery_monitor_node], pid[11480]
[xmlrpc][INFO] 2020-09-10 10:24:23,483: XML-RPC server binding to 0.0.0.0:0
[rospy.init][INFO] 2020-09-10 10:24:23,483: ROS Slave URI: [http://cuboid0009:39637/]
[xmlrpc][INFO] 2020-09-10 10:24:23,483: Started XML-RPC server [http://cuboid0009:39637/]
[rospy.impl.masterslave][INFO] 2020-09-10 10:24:23,483: _ready: http://cuboid0009:39637/
[rospy.registration][INFO] 2020-09-10 10:24:23,484: Registering with master node http://localhost:11311
[xmlrpc][INFO] 2020-09-10 10:24:23,484: xml rpc node: starting XML-RPC server
[rospy.init][INFO] 2020-09-10 10:24:23,583: registered with master
[rospy.rosout][INFO] 2020-09-10 10:24:23,583: initializing /rosout core topic
[rospy.rosout][INFO] 2020-09-10 10:24:23,585: connected to core topic /rosout
[rospy.simtime][INFO] 2020-09-10 10:24:23,586: /use_sim_time is not set, will not subscribe to simulated time [/clock] topic
[rosout][INFO] 2020-09-10 10:24:23,605: minimal-modbus : Port Found
[rosout][INFO] 2020-09-10 10:24:23,608: minimal-modbus : Port open
[rosout][INFO] 2020-09-10 10:24:23,618: minimal-modbus : start communication
[rospy.internal][INFO] 2020-09-10 10:24:23,691: topic[/battery_remaining] adding connection to [/expression_operator], count 0
[rospy.internal][INFO] 2020-09-10 10:24:23,706: topic[/battery_remaining] adding connection to [/rosbridge_websocket], count 1
[rospy.internal][INFO] 2020-09-10 10:24:23,706: topic[/charge_current] adding connection to [/rosbridge_websocket], count 0
[rospy.internal][INFO] 2020-09-10 10:24:23,788: topic[/rosout] adding connection to [/rosout], count 0
[rospy.internal][INFO] 2020-09-10 10:24:24,763: topic[/battery_remaining] adding connection to [/diagnostic_battery], count 2
[rospy.impl.masterslave][INFO] 2020-09-10 11:38:43,421: external shutdown request from [/rosnode]: user request
[rospy.core][INFO] 2020-09-10 11:38:43,421: signal_shutdown [external shutdown request from [/rosnode]: [user request]]
[rospy.internal][INFO] 2020-09-10 11:38:43,429: topic[/rosout] removing connection to /rosout
[rospy.internal][INFO] 2020-09-10 11:38:43,429: topic[/battery_remaining] removing connection to /expression_operator
[rospy.internal][INFO] 2020-09-10 11:38:43,430: topic[/battery_remaining] removing connection to /rosbridge_websocket
[rospy.internal][INFO] 2020-09-10 11:38:43,430: topic[/battery_remaining] removing connection to /diagnostic_battery
[rospy.internal][INFO] 2020-09-10 11:38:43,430: topic[/charge_current] removing connection to /rosbridge_websocket
[rospy.core][INFO] 2020-09-10 11:38:43,594: signal_shutdown [atexit]
