[rospy.client][INFO] 2020-09-10 10:24:21,769: init_node, name[/diagnostic_imu_topic], pid[11178]
[xmlrpc][INFO] 2020-09-10 10:24:21,770: XML-RPC server binding to 0.0.0.0:0
[xmlrpc][INFO] 2020-09-10 10:24:21,770: Started XML-RPC server [http://cuboid0009:41127/]
[rospy.init][INFO] 2020-09-10 10:24:21,770: ROS Slave URI: [http://cuboid0009:41127/]
[rospy.impl.masterslave][INFO] 2020-09-10 10:24:21,770: _ready: http://cuboid0009:41127/
[xmlrpc][INFO] 2020-09-10 10:24:21,771: xml rpc node: starting XML-RPC server
[rospy.registration][INFO] 2020-09-10 10:24:21,771: Registering with master node http://localhost:11311
[rospy.init][INFO] 2020-09-10 10:24:21,871: registered with master
[rospy.rosout][INFO] 2020-09-10 10:24:21,871: initializing /rosout core topic
[rospy.rosout][INFO] 2020-09-10 10:24:21,872: connected to core topic /rosout
[rospy.simtime][INFO] 2020-09-10 10:24:21,874: /use_sim_time is not set, will not subscribe to simulated time [/clock] topic
[rospy.internal][INFO] 2020-09-10 10:24:21,885: topic[/gyro/imu] adding connection to [http://cuboid0009:35301/], count 0
[rospy.internal][INFO] 2020-09-10 10:24:22,083: topic[/rosout] adding connection to [/rosout], count 0
[rospy.internal][INFO] 2020-09-10 10:24:22,083: topic[/diagnostics] adding connection to [/diag_agg], count 0
[rospy.internal][INFO] 2020-09-10 11:38:43,845: topic[/diagnostics] removing connection to /diag_agg
[rospy.impl.masterslave][INFO] 2020-09-10 11:38:44,013: external shutdown request from [/rosnode]: user request
[rospy.core][INFO] 2020-09-10 11:38:44,013: signal_shutdown [external shutdown request from [/rosnode]: [user request]]
[rospy.internal][INFO] 2020-09-10 11:38:44,016: topic[/rosout] removing connection to /rosout
[rospy.internal][INFO] 2020-09-10 11:38:44,017: topic[/gyro/imu] removing connection to http://cuboid0009:35301/
[rospy.core][INFO] 2020-09-10 11:38:44,337: signal_shutdown [atexit]
