[rospy.client][INFO] 2020-09-10 10:24:27,587: init_node, name[/diagnostic_rplidar_head_topic], pid[12382]
[xmlrpc][INFO] 2020-09-10 10:24:27,588: XML-RPC server binding to 0.0.0.0:0
[xmlrpc][INFO] 2020-09-10 10:24:27,588: Started XML-RPC server [http://cuboid0009:39235/]
[rospy.init][INFO] 2020-09-10 10:24:27,588: ROS Slave URI: [http://cuboid0009:39235/]
[rospy.impl.masterslave][INFO] 2020-09-10 10:24:27,588: _ready: http://cuboid0009:39235/
[xmlrpc][INFO] 2020-09-10 10:24:27,589: xml rpc node: starting XML-RPC server
[rospy.registration][INFO] 2020-09-10 10:24:27,589: Registering with master node http://localhost:11311
[rospy.init][INFO] 2020-09-10 10:24:27,689: registered with master
[rospy.rosout][INFO] 2020-09-10 10:24:27,689: initializing /rosout core topic
[rospy.rosout][INFO] 2020-09-10 10:24:27,691: connected to core topic /rosout
[rospy.simtime][INFO] 2020-09-10 10:24:27,692: /use_sim_time is not set, will not subscribe to simulated time [/clock] topic
[rospy.internal][INFO] 2020-09-10 10:24:27,704: topic[/head_scan] adding connection to [http://cuboid0009:45017/], count 0
[rospy.internal][INFO] 2020-09-10 10:24:27,803: topic[/rosout] adding connection to [/rosout], count 0
[rospy.internal][INFO] 2020-09-10 10:24:27,903: topic[/diagnostics] adding connection to [/diag_agg], count 0
[rospy.internal][INFO] 2020-09-10 11:38:44,121: topic[/diagnostics] removing connection to /diag_agg
[rospy.impl.masterslave][INFO] 2020-09-10 11:38:45,297: external shutdown request from [/rosnode]: user request
[rospy.core][INFO] 2020-09-10 11:38:45,297: signal_shutdown [external shutdown request from [/rosnode]: [user request]]
[rospy.internal][INFO] 2020-09-10 11:38:45,303: topic[/rosout] removing connection to /rosout
[rospy.internal][INFO] 2020-09-10 11:38:45,304: topic[/head_scan] removing connection to http://cuboid0009:45017/
[rospy.core][INFO] 2020-09-10 11:38:45,659: signal_shutdown [atexit]
