[rospy.client][INFO] 2020-09-10 10:24:33,438: init_node, name[/diagnostic_rplidar_foot_topic], pid[13798]
[xmlrpc][INFO] 2020-09-10 10:24:33,439: XML-RPC server binding to 0.0.0.0:0
[xmlrpc][INFO] 2020-09-10 10:24:33,439: Started XML-RPC server [http://cuboid0009:43757/]
[rospy.init][INFO] 2020-09-10 10:24:33,439: ROS Slave URI: [http://cuboid0009:43757/]
[rospy.impl.masterslave][INFO] 2020-09-10 10:24:33,439: _ready: http://cuboid0009:43757/
[xmlrpc][INFO] 2020-09-10 10:24:33,440: xml rpc node: starting XML-RPC server
[rospy.registration][INFO] 2020-09-10 10:24:33,440: Registering with master node http://localhost:11311
[rospy.init][INFO] 2020-09-10 10:24:33,540: registered with master
[rospy.rosout][INFO] 2020-09-10 10:24:33,540: initializing /rosout core topic
[rospy.rosout][INFO] 2020-09-10 10:24:33,542: connected to core topic /rosout
[rospy.simtime][INFO] 2020-09-10 10:24:33,543: /use_sim_time is not set, will not subscribe to simulated time [/clock] topic
[rospy.internal][INFO] 2020-09-10 10:24:33,554: topic[/foot_scan] adding connection to [http://cuboid0009:39505/], count 0
[rospy.internal][INFO] 2020-09-10 10:24:33,822: topic[/diagnostics] adding connection to [/diag_agg], count 0
[rospy.internal][INFO] 2020-09-10 10:24:33,824: topic[/rosout] adding connection to [/rosout], count 0
[rospy.internal][INFO] 2020-09-10 11:38:43,984: topic[/diagnostics] removing connection to /diag_agg
[rospy.impl.masterslave][INFO] 2020-09-10 11:38:45,024: external shutdown request from [/rosnode]: user request
[rospy.core][INFO] 2020-09-10 11:38:45,024: signal_shutdown [external shutdown request from [/rosnode]: [user request]]
[rospy.internal][INFO] 2020-09-10 11:38:45,028: topic[/rosout] removing connection to /rosout
[rospy.internal][INFO] 2020-09-10 11:38:45,028: topic[/foot_scan] removing connection to http://cuboid0009:39505/
[rospy.core][INFO] 2020-09-10 11:38:45,160: signal_shutdown [atexit]
