[rospy.client][INFO] 2020-09-10 10:24:24,644: init_node, name[/diagnostic_battery], pid[11709]
[xmlrpc][INFO] 2020-09-10 10:24:24,645: XML-RPC server binding to 0.0.0.0:0
[xmlrpc][INFO] 2020-09-10 10:24:24,645: Started XML-RPC server [http://cuboid0009:38233/]
[rospy.init][INFO] 2020-09-10 10:24:24,645: ROS Slave URI: [http://cuboid0009:38233/]
[rospy.impl.masterslave][INFO] 2020-09-10 10:24:24,645: _ready: http://cuboid0009:38233/
[xmlrpc][INFO] 2020-09-10 10:24:24,646: xml rpc node: starting XML-RPC server
[rospy.registration][INFO] 2020-09-10 10:24:24,646: Registering with master node http://localhost:11311
[rospy.init][INFO] 2020-09-10 10:24:24,746: registered with master
[rospy.rosout][INFO] 2020-09-10 10:24:24,746: initializing /rosout core topic
[rospy.rosout][INFO] 2020-09-10 10:24:24,748: connected to core topic /rosout
[rospy.simtime][INFO] 2020-09-10 10:24:24,749: /use_sim_time is not set, will not subscribe to simulated time [/clock] topic
[rospy.internal][INFO] 2020-09-10 10:24:24,761: topic[/battery_remaining] adding connection to [http://cuboid0009:39637/], count 0
[rospy.internal][INFO] 2020-09-10 10:24:24,996: topic[/rosout] adding connection to [/rosout], count 0
[rospy.internal][INFO] 2020-09-10 10:24:24,996: topic[/diagnostics] adding connection to [/diag_agg], count 0
[rospy.internal][ERROR] 2020-09-10 11:38:43,430: Unable to initiate TCP/IP socket to cuboid0009:46513 (http://cuboid0009:39637/): Traceback (most recent call last):
  File "/opt/ros/kinetic/lib/python2.7/dist-packages/rospy/impl/tcpros_base.py", line 557, in connect
    self.read_header()
  File "/opt/ros/kinetic/lib/python2.7/dist-packages/rospy/impl/tcpros_base.py", line 650, in read_header
    self._validate_header(read_ros_handshake_header(sock, self.read_buff, self.protocol.buff_size))
  File "/opt/ros/kinetic/lib/python2.7/dist-packages/rospy/impl/tcpros_base.py", line 593, in _validate_header
    raise TransportInitError("remote error reported: %s"%header['error'])
TransportInitError: remote error reported: node shutting down

[rospy.impl.masterslave][INFO] 2020-09-10 11:38:43,619: external shutdown request from [/rosnode]: user request
[rospy.core][INFO] 2020-09-10 11:38:43,619: signal_shutdown [external shutdown request from [/rosnode]: [user request]]
[rospy.internal][INFO] 2020-09-10 11:38:43,635: topic[/diagnostics] removing connection to /diag_agg
[rospy.internal][INFO] 2020-09-10 11:38:43,636: topic[/rosout] removing connection to /rosout
[rospy.internal][INFO] 2020-09-10 11:38:43,636: topic[/battery_remaining] removing connection to http://cuboid0009:39637/
[rospy.core][INFO] 2020-09-10 11:38:43,848: signal_shutdown [atexit]
