[INFO] [1599701177.772636]: api:report/robot/uploadMileage/
[INFO] [1599701177.772947]: robot_serial_no:Cuboid0009
[INFO] [1599701187.847540]: 0.345843101203
[INFO] [1599701187.848085]: [start] obtain token
[INFO] [1599701187.848518]: username: 3ETmYh7UGzHDPhJP
[INFO] [1599701187.848803]: password: 1Fc**********
[INFO] [1599701188.753978]: [successed] obtain token
[INFO] [1599701197.839680]: -0.0449758531388
[INFO] [1599701207.847738]: 0.165120420409
[INFO] [1599701217.819452]: 0.616586933411
[INFO] [1599701227.859567]: 0.683189646498
[INFO] [1599701237.847654]: 0.915284375224
[INFO] [1599701247.847867]: 2.98103863187
[INFO] [1599701257.831742]: 2.98567787884
[INFO] [1599701267.827403]: 2.99190526502
[INFO] [1599701277.851532]: 2.99494262971
[INFO] [1599701287.847471]: 2.99093487626
[INFO] [1599701297.855606]: 2.41857792856
[INFO] [1599701307.847389]: 0.158269457187
[INFO] [1599701317.875542]: 3.92361803253e-05
[INFO] [1599701327.867390]: 1.17159497672
[INFO] [1599701337.847543]: 2.99327323679
[INFO] [1599701347.839815]: 2.86476178723
[INFO] [1599701357.863365]: 2.76250036736
[INFO] [1599701367.867327]: 1.36390999081
[INFO] [1599701377.883501]: 2.97992344387
[INFO] [1599701387.871368]: 1.35524102446
[INFO] [1599701397.899344]: -0.070626927807
[INFO] [1599701407.875436]: 1.66274626725
[INFO] [1599701417.883289]: -0.00375686012304
[INFO] [1599701427.875513]: 1.47078327887
[INFO] [1599701437.871367]: 2.97860543057
[INFO] [1599701447.863342]: 2.89061853371
[INFO] [1599701457.855549]: 2.99151355261
[INFO] [1599701467.879413]: 2.98100162717
[INFO] [1599701477.859287]: 2.4074782466
[INFO] [1599701487.891379]: 0.399648086646
[INFO] [1599701487.891758]: [start] obtain token
[INFO] [1599701487.892066]: username: 3ETmYh7UGzHDPhJP
[INFO] [1599701487.892389]: password: 1Fc**********
[INFO] [1599701488.225423]: [successed] obtain token
[INFO] [1599701497.887328]: 0.0641050086538
[INFO] [1599701507.903303]: 2.82433912042
[INFO] [1599701517.883297]: 2.97608381556
[INFO] [1599701527.903317]: 2.98831873247
[INFO] [1599701537.919336]: 2.71427207754
[INFO] [1599701547.899267]: 2.9874590314
[INFO] [1599701557.923318]: 1.87801885256
[INFO] [1599701567.911482]: -0.00533259283323
[INFO] [1599701577.955360]: 0.752540428518
[INFO] [1599701587.915995]: 1.29970201445
[INFO] [1599701597.943432]: 0.598475569417
[INFO] [1599701607.939411]: 3.00142131187
[INFO] [1599701617.923350]: 2.98390754825
[INFO] [1599701627.935454]: 0.647961649019
[INFO] [1599701637.943464]: 2.98871403746
[INFO] [1599701647.955355]: 2.96195708797
[INFO] [1599701657.947341]: 1.21797282916
[INFO] [1599701667.939361]: -0.00399084628937
[INFO] [1599701677.959376]: -0.000532919985579
[INFO] [1599701687.975311]: 0.280517777441
[INFO] [1599701697.943449]: 1.70883829481
[INFO] [1599701707.935923]: 1.08492873565
[INFO] [1599701717.947359]: 2.9087800195
[INFO] [1599701727.983326]: 2.99100241112
[INFO] [1599701737.983290]: 2.89870575292
[INFO] [1599701747.979373]: 2.99004900968
[INFO] [1599701757.967317]: 2.99367215438
[INFO] [1599701767.965551]: 1.19261985981
[INFO] [1599701777.959355]: 0.000702194083203
[INFO] [1599701787.979388]: 1.83883639474
[INFO] [1599701787.979757]: [start] obtain token
[INFO] [1599701787.979992]: username: 3ETmYh7UGzHDPhJP
[INFO] [1599701787.980199]: password: 1Fc**********
[INFO] [1599701788.361848]: [successed] obtain token
[INFO] [1599701797.955659]: 2.97894270532
[INFO] [1599701807.983319]: 2.96985777328
[INFO] [1599701817.987360]: 2.97567572491
[INFO] [1599701827.979441]: 2.97249211697
[INFO] [1599701837.995387]: 2.08658535771
[INFO] [1599701847.955823]: -0.00619843816239
[INFO] [1599701857.962424]: 1.100276488
[INFO] [1599701868.003093]: 2.98851193953
[INFO] [1599701877.986417]: 2.9866380915
[INFO] [1599701887.990512]: 2.93148686155
[INFO] [1599701897.970391]: 2.79551740596
[INFO] [1599701908.002687]: 2.43651912334
[INFO] [1599701917.960604]: 1.08537063983
[INFO] [1599701927.982326]: 0.003566253405
[INFO] [1599701937.961168]: 0.0740392369085
[INFO] [1599701947.994473]: 0.266839912979
[INFO] [1599701958.002368]: 2.96546180034
[INFO] [1599701967.982523]: 2.90652900992
[INFO] [1599701977.962392]: 2.96108949743
[INFO] [1599701987.990350]: 2.98351476807
[INFO] [1599701997.970321]: 2.48216716165
[INFO] [1599702007.962370]: 0.6998342924
[INFO] [1599702017.986408]: 0.69107246029
[INFO] [1599702027.970395]: 0.000824628945356
[INFO] [1599702037.986518]: 2.53179241811
[INFO] [1599702047.982340]: 2.98255373677
[INFO] [1599702057.978422]: 2.89813303523
[INFO] [1599702067.978341]: 1.70726417225
[INFO] [1599702078.002645]: 0.292308859543
[INFO] [1599702088.006424]: 1.97812790139
[INFO] [1599702088.006816]: [start] obtain token
[INFO] [1599702088.007136]: username: 3ETmYh7UGzHDPhJP
[INFO] [1599702088.007442]: password: 1Fc**********
[INFO] [1599702088.470802]: [successed] obtain token
[INFO] [1599702098.007169]: 2.98602563515
[INFO] [1599702108.022500]: 1.53881604362
[INFO] [1599702118.003050]: 0.000884784639874
[INFO] [1599702128.001192]: 1.54453436681
[INFO] [1599702138.038614]: 2.98329376662
[INFO] [1599702148.030603]: 2.98937038379
[INFO] [1599702158.022318]: 2.98218360171
[INFO] [1599702168.006754]: 2.98221073672
[INFO] [1599702178.026895]: 2.7625008733
[INFO] [1599702188.062338]: 0.199475118366
[INFO] [1599702198.042698]: 0.544846044331
[INFO] [1599702208.038836]: 2.88275577308
[INFO] [1599702218.040677]: 2.98390325624
[INFO] [1599702228.050531]: 2.88739660848
[INFO] [1599702238.062476]: 2.90222395404
[INFO] [1599702248.042713]: 2.98661580542
[INFO] [1599702258.042590]: 1.81007319769
[INFO] [1599702268.050584]: -0.00230425084291
[INFO] [1599702278.066374]: 0.0974063312743
[INFO] [1599702288.042504]: 2.4586933289
[INFO] [1599702298.062504]: 1.55538491088
[INFO] [1599702308.058600]: 2.56710577878
[INFO] [1599702318.070454]: 2.21734822052
[INFO] [1599702328.102415]: 0.797411413824
[INFO] [1599702338.082402]: 2.99118991802
[INFO] [1599702348.090373]: 2.98392318422
[INFO] [1599702358.102445]: 2.98856243445
[INFO] [1599702368.110348]: 2.73494354985
[INFO] [1599702378.086395]: 0.292413174012
[INFO] [1599702388.081042]: 0.136477865534
[INFO] [1599702388.086174]: [start] obtain token
[INFO] [1599702388.086502]: username: 3ETmYh7UGzHDPhJP
[INFO] [1599702388.086734]: password: 1Fc**********
[INFO] [1599702388.484957]: [successed] obtain token
[INFO] [1599702398.094405]: 2.71938040177
[INFO] [1599702408.080965]: 2.98121880228
[INFO] [1599702418.086307]: 2.98534794757
[INFO] [1599702428.118327]: 2.2572479076
[INFO] [1599702438.138412]: 2.99424785236
[INFO] [1599702448.142417]: 2.16206231261
[INFO] [1599702458.101178]: -0.000378432980535
[INFO] [1599702468.134454]: 1.15817487685
[INFO] [1599702478.114362]: 2.98499817774
[INFO] [1599702488.110419]: 2.98584541073
[INFO] [1599702498.134324]: 2.9760316629
[INFO] [1599702508.101137]: 2.98581757117
[INFO] [1599702518.100771]: 2.36713120291
[INFO] [1599702528.106356]: 0.883309339657
[INFO] [1599702538.110376]: 0.00068799126896
[INFO] [1599702548.118398]: -0.186018328089
[INFO] [1599702558.106451]: 0.248176664279
[INFO] [1599702568.130553]: 2.83073280076
[INFO] [1599702578.122377]: 2.97856356064
[INFO] [1599702588.110364]: 2.98482260993
[INFO] [1599702598.101000]: 2.98602060881
[INFO] [1599702608.142332]: 2.98984600604
[INFO] [1599702618.138500]: 2.96897003904
[INFO] [1599702628.122329]: 0.588130641705
[INFO] [1599702638.142364]: 3.59261215993e-14
[INFO] [1599702648.150450]: 1.12009317529
[INFO] [1599702658.158409]: 0.821475172179
[INFO] [1599702668.142395]: 2.99496776983
[INFO] [1599702678.140995]: 2.97948146379
[INFO] [1599702688.154456]: 2.97607530747
[INFO] [1599702688.154844]: [start] obtain token
[INFO] [1599702688.155107]: username: 3ETmYh7UGzHDPhJP
[INFO] [1599702688.155305]: password: 1Fc**********
[INFO] [1599702688.563640]: [successed] obtain token
[INFO] [1599702698.174386]: 2.91683158156
[INFO] [1599702708.146368]: 2.26555195952
[INFO] [1599702718.142400]: 0.176574183123
[INFO] [1599702728.166366]: 0.41549912731
[INFO] [1599702738.160698]: 2.99536093324
[INFO] [1599702748.190382]: 2.98550749384
[INFO] [1599702758.166335]: 1.38229253522
[INFO] [1599702768.160743]: 0.0694874736662
[INFO] [1599702778.160812]: 2.8422097587
[INFO] [1599702788.190324]: 2.6208557901
[INFO] [1599702798.178544]: 2.98694730178
[INFO] [1599702808.160824]: 1.43890520559
[INFO] [1599702818.162358]: -0.000946397855439
[INFO] [1599702828.190327]: 1.92160536261
[INFO] [1599702838.190459]: 2.99237975432
[INFO] [1599702848.214521]: 2.99019279005
[INFO] [1599702858.202340]: 2.98382671643
[INFO] [1599702868.258451]: 2.98203938594
[INFO] [1599702878.250353]: 2.1274117696
[INFO] [1599702888.258726]: 0.100085043495
[INFO] [1599702898.246607]: 0.614839704432
[INFO] [1599702908.230870]: 2.93927068572
[INFO] [1599702918.220634]: 2.82871512533
[INFO] [1599702928.226564]: 2.7992219876
[INFO] [1599702938.254409]: 2.86414069962
[INFO] [1599702948.262389]: 2.98037038324
[INFO] [1599702958.230965]: 1.4341952287
[INFO] [1599702968.262336]: -0.000361578099853
[INFO] [1599702978.262476]: 1.62585484855
[INFO] [1599702988.221261]: 2.99465598585
[INFO] [1599702988.221615]: [start] obtain token
[INFO] [1599702988.226577]: username: 3ETmYh7UGzHDPhJP
[INFO] [1599702988.227286]: password: 1Fc**********
[INFO] [1599702988.619380]: [successed] obtain token
[INFO] [1599702998.250374]: 2.9761144612
[INFO] [1599703008.266351]: 2.98140968569
[INFO] [1599703018.262412]: 2.81633327994
[INFO] [1599703028.242695]: 2.52775582543
[INFO] [1599703038.262372]: 0.100467290717
[INFO] [1599703048.266382]: 0.11195476902
[INFO] [1599703058.274442]: 2.89003864629
[INFO] [1599703068.270457]: 2.97743736114
[INFO] [1599703078.302319]: 2.83661800274
[INFO] [1599703088.266422]: 2.3817689599
[INFO] [1599703098.302351]: 2.98144184751
[INFO] [1599703108.281057]: 2.53541539924
[INFO] [1599703118.318333]: 0.0468495457284
[INFO] [1599703128.290326]: 0.708729386037
[INFO] [1599703138.286350]: 2.9936963832
[INFO] [1599703148.322399]: 2.98286818201
[INFO] [1599703158.280904]: 2.98688609991
[INFO] [1599703168.326364]: 2.90409941348
[INFO] [1599703178.306416]: 2.23258321849
[INFO] [1599703188.338329]: 0.100252797797
[INFO] [1599703198.326351]: 1.12066118198
[INFO] [1599703208.310371]: -0.000140429864469
[INFO] [1599703218.306371]: 0.893919137226
[INFO] [1599703228.314419]: 2.99009072362
[INFO] [1599703238.320830]: 2.9698954107
[INFO] [1599703248.366404]: 1.53669167738
[INFO] [1599703258.354379]: 1.50633322359
[INFO] [1599703268.358359]: 2.09101189196
[INFO] [1599703278.354355]: 2.9786399221
[INFO] [1599703288.342325]: 1.35798401729
[INFO] [1599703288.342715]: [start] obtain token
[INFO] [1599703288.343090]: username: 3ETmYh7UGzHDPhJP
[INFO] [1599703288.343399]: password: 1Fc**********
[INFO] [1599703288.693917]: [successed] obtain token
[INFO] [1599703298.330457]: 4.62612899088e-05
[INFO] [1599703308.354330]: 1.87980780582
[INFO] [1599703318.322465]: 2.98488869471
[INFO] [1599703328.358451]: 2.96859068749
[INFO] [1599703338.322598]: 2.73768768297
[INFO] [1599703348.362460]: 2.98863615328
[INFO] [1599703358.366420]: 1.87721014185
[INFO] [1599703368.342350]: 0.853854880464
[INFO] [1599703378.350356]: 0.0158137586259
[INFO] [1599703388.382311]: 2.73289891414
[INFO] [1599703398.362408]: 2.99085874762
[INFO] [1599703408.382398]: 2.98243008042
[INFO] [1599703418.414386]: 0.962353252933
[INFO] [1599703428.438700]: 2.00072890938
[INFO] [1599703438.430546]: 2.98409492662
[INFO] [1599703448.402910]: 1.95577446251
[INFO] [1599703458.410650]: -0.00556423689539
[INFO] [1599703468.401372]: 1.25716621736
[INFO] [1599703478.402309]: 2.98520027334
[INFO] [1599703488.400973]: 2.98607527977
[INFO] [1599703498.421077]: 2.94841342291
[INFO] [1599703508.458440]: 2.81723004975
[INFO] [1599703518.482399]: 1.86271838844
[INFO] [1599703528.494396]: 1.03073920654
[INFO] [1599703538.482353]: 0.259773737902
[INFO] [1599703548.470450]: 0.00377172403589
[INFO] [1599703558.502333]: 2.3070899767
[INFO] [1599703568.486330]: 2.98891298892
[INFO] [1599703578.498389]: 2.98941296851
[INFO] [1599703588.478353]: 1.68128385282
[INFO] [1599703588.478723]: [start] obtain token
[INFO] [1599703588.478996]: username: 3ETmYh7UGzHDPhJP
[INFO] [1599703588.479198]: password: 1Fc**********
[INFO] [1599703588.842467]: [successed] obtain token
[INFO] [1599703598.461527]: 2.83758460381
[INFO] [1599703608.502354]: 2.95316528669
[INFO] [1599703618.482371]: 0.318592723025
[INFO] [1599703628.482310]: 0.110742435209
[INFO] [1599703638.514341]: 2.89982011635
[INFO] [1599703648.502373]: 2.98277821345
[INFO] [1599703658.518399]: 2.97902628733
[INFO] [1599703668.481203]: 2.98785640113
[INFO] [1599703678.498349]: 2.96528508514
[INFO] [1599703688.506332]: 0.137224042638
[INFO] [1599703698.518357]: 0.935841758362
[INFO] [1599703708.480672]: 0.00176967155524
[INFO] [1599703718.481029]: 1.70997496357
[INFO] [1599703728.490375]: 2.97916621063
[INFO] [1599703738.506402]: 2.97985835187
[INFO] [1599703748.486429]: 1.89038822196
[INFO] [1599703758.534424]: 0.277608240147
[INFO] [1599703768.538372]: 2.85635606432
[INFO] [1599703778.500698]: 2.97626351751
[INFO] [1599703788.522470]: 0.836441725835
[INFO] [1599703798.522437]: 2.49366499672e-14
[INFO] [1599703808.502437]: 2.37997187667
[INFO] [1599703818.522297]: 2.98831947194
[INFO] [1599703828.546362]: 2.98097318457
[INFO] [1599703838.526543]: 2.99144953489
[INFO] [1599703848.520811]: 2.94197706442
[INFO] [1599703858.520994]: 0.594978653684
[INFO] [1599703868.520579]: 1.26991632757
[INFO] [1599703878.550382]: 0.00547969500713
[INFO] [1599703888.540900]: 0.373383989232
[INFO] [1599703888.541349]: [start] obtain token
[INFO] [1599703888.541633]: username: 3ETmYh7UGzHDPhJP
[INFO] [1599703888.541899]: password: 1Fc**********
[INFO] [1599703888.962705]: [successed] obtain token
[INFO] [1599703898.562387]: 2.9168937701
[INFO] [1599703908.541045]: 2.98998238984
[INFO] [1599703918.540767]: 2.36242406561
[INFO] [1599703928.541114]: 0.739507569836
[INFO] [1599703938.580885]: 2.49710416864
[INFO] [1599703948.606445]: 2.99000041699
[INFO] [1599703958.586437]: 1.63514608379
[INFO] [1599703968.622954]: -0.0015181798142
[INFO] [1599703978.614438]: 1.52997899421
[INFO] [1599703988.601546]: 2.9919594666
[INFO] [1599703998.606799]: 2.98631403549
[INFO] [1599704008.634775]: 2.99193199351
[INFO] [1599704018.626757]: 2.98647259129
[INFO] [1599704028.621263]: 2.07637148573
[INFO] [1599704038.662405]: 0.633766732861
[INFO] [1599704048.670538]: 0.00430431188061
[INFO] [1599704058.662626]: 1.9432754807
[INFO] [1599704068.641727]: 2.97944481811
[INFO] [1599704078.650471]: 2.98730347166
[INFO] [1599704088.662451]: 2.30300570022
[INFO] [1599704098.682363]: 0.307855645388
[INFO] [1599704108.654697]: 0.326101353171
[INFO] [1599704118.670383]: 0.244804054299
[INFO] [1599704128.650738]: 2.88164056675
[INFO] [1599704138.650482]: 2.77928042389
[INFO] [1599704148.670457]: 0.132340456277
[INFO] [1599704158.646626]: 0.238895566989
[INFO] [1599704168.670710]: 2.97519977437
[INFO] [1599704178.641796]: 2.98691290803
[INFO] [1599704188.670416]: 2.98547073314
[INFO] [1599704188.670841]: [start] obtain token
[INFO] [1599704188.671212]: username: 3ETmYh7UGzHDPhJP
[INFO] [1599704188.671537]: password: 1Fc**********
[INFO] [1599704189.011657]: [successed] obtain token
[INFO] [1599704198.662567]: 2.98908227636
[INFO] [1599704208.666536]: 2.80611720794
[INFO] [1599704218.654645]: 1.25766046103
[INFO] [1599704228.654640]: -0.00103107330769
[INFO] [1599704238.642810]: 0.994109264386
[INFO] [1599704248.670321]: 2.98214918561
[INFO] [1599704258.642563]: 2.99145371607
[INFO] [1599704268.666424]: 2.94262198452
[INFO] [1599704278.654882]: 2.14750729827
[INFO] [1599704288.674475]: 2.97904407047
[INFO] [1599704298.666643]: 1.38461088421
[INFO] [1599704308.662430]: -0.00103894348062
[INFO] [1599704318.674387]: 1.55689700703
[INFO] [1599704328.702495]: 1.97693925313
[INFO] [1599704338.682572]: 1.43850526703
[INFO] [1599704348.702501]: 2.99289551331
[INFO] [1599704358.678707]: 2.98512614891
[INFO] [1599704368.666377]: 2.98508409644
[INFO] [1599704378.666435]: 2.11793047015
[INFO] [1599704388.666553]: 1.13815910164
[INFO] [1599704398.706473]: -0.000697915085369
[INFO] [1599704408.698380]: 1.21166078672
[INFO] [1599704418.690616]: 2.95284199651
[INFO] [1599704428.686500]: 2.98532024724
[INFO] [1599704438.702446]: 2.73793739027
[INFO] [1599704448.686715]: 0.159014860607
[INFO] [1599704458.710433]: 1.49417660561
[INFO] [1599704468.686381]: 2.98890201375
[INFO] [1599704478.706583]: 1.94708142106
[INFO] [1599704488.706453]: -0.00497776601103
[INFO] [1599704488.706823]: [start] obtain token
[INFO] [1599704488.707062]: username: 3ETmYh7UGzHDPhJP
[INFO] [1599704488.707280]: password: 1Fc**********
[INFO] [1599704489.082930]: [successed] obtain token
[INFO] [1599704498.702476]: 1.31834507945
[INFO] [1599704508.702357]: 2.97889982769
[INFO] [1599704518.686379]: 2.80349031743
[INFO] [1599704528.730587]: 2.97970446013
[INFO] [1599704538.702390]: 2.98157446459
[INFO] [1599704548.722347]: 2.33316748302
[INFO] [1599704558.734335]: 1.05400404823
[INFO] [1599704568.734373]: -0.00254545366568
[INFO] [1599704578.754441]: 1.90007690431
[INFO] [1599704588.726384]: 2.98328419356
[INFO] [1599704598.730442]: 2.97642429778
[INFO] [1599704608.762353]: 2.40267457422
[INFO] [1599704618.746421]: 2.95354184578
[INFO] [1599704628.774377]: 2.75765860034
[INFO] [1599704638.742323]: 0.78150276563
[INFO] [1599704648.766470]: 0.000135738591802
[INFO] [1599704658.790398]: 2.49701243543
[INFO] [1599704668.782410]: 2.97915303288
[INFO] [1599704678.770552]: 2.97953378316
[INFO] [1599704688.798476]: 2.64587512962
[INFO] [1599704698.780816]: 2.99237779155
[INFO] [1599704708.780871]: 2.04382756438
[INFO] [1599704718.830750]: 0.658745049745
[INFO] [1599704728.808124]: 0.0190628849217
[INFO] [1599704738.806978]: 2.74586112343
[INFO] [1599704748.827203]: 2.98781830166
[INFO] [1599704758.838746]: 2.97933981661
[INFO] [1599704768.826506]: 2.25173830453
[INFO] [1599704778.826630]: 2.86895960727
[INFO] [1599704788.818429]: 2.55671358109
[INFO] [1599704798.807380]: 0.255165647368
[INFO] [1599704798.808421]: [start] obtain token
[INFO] [1599704798.809002]: username: 3ETmYh7UGzHDPhJP
[INFO] [1599704798.809408]: password: 1Fc**********
[INFO] [1599704799.310268]: [successed] obtain token
[INFO] [1599704808.802864]: -0.00119555632979
[INFO] [1599704818.814490]: 0.139576575353
[INFO] [1599704828.842708]: 0.957852023126
[INFO] [1599704838.834594]: 2.99454166554
[INFO] [1599704848.826385]: 2.98193769436
[INFO] [1599704858.818483]: 2.86777281336
[INFO] [1599704868.803705]: 2.9515886039
[INFO] [1599704878.834714]: 2.98550731363
[INFO] [1599704888.842616]: 2.09628446785
[INFO] [1599704898.858400]: 0.195886552398
[INFO] [1599704908.846330]: 0.645031774821
[INFO] [1599704918.870731]: 2.99977438804
[INFO] [1599704928.870489]: 2.9856516202
[INFO] [1599704938.886524]: 2.41851360047
[INFO] [1599704948.890481]: 0.0830423723245
[INFO] [1599704958.882387]: 2.21374160188
[INFO] [1599704968.906372]: 2.98651788663
[INFO] [1599704978.914394]: 2.64791588136
[INFO] [1599704988.902386]: 0.0736962922312
[INFO] [1599704998.906397]: 0.284088505747
[INFO] [1599705008.900941]: 2.9767688578
[INFO] [1599705018.922347]: 2.96355211502
[INFO] [1599705028.934389]: 2.62060846988
[INFO] [1599705038.901114]: 2.97670709062
[INFO] [1599705048.902372]: 2.94914837461
[INFO] [1599705058.910334]: 1.35186881175
[INFO] [1599705068.938403]: 0.00174592087166
[INFO] [1599705078.922416]: 1.51091731849
[INFO] [1599705088.938485]: 2.99409337016
[INFO] [1599705098.930537]: 2.98765790369
[INFO] [1599705108.922393]: 2.77900128067
[INFO] [1599705108.922789]: [start] obtain token
[INFO] [1599705108.923104]: username: 3ETmYh7UGzHDPhJP
[INFO] [1599705108.923401]: password: 1Fc**********
[INFO] [1599705109.400279]: [successed] obtain token
[INFO] [1599705118.926461]: 1.8018980405
[INFO] [1599705128.900804]: 2.56309091591
[INFO] [1599705138.902583]: 1.8930026078
[INFO] [1599705148.926485]: 0.985149613519
[INFO] [1599705158.922474]: -0.000418423307583
[INFO] [1599705168.910427]: 2.33324626999
[INFO] [1599705178.934491]: 2.98067864124
[INFO] [1599705188.900642]: 2.66950520413
[INFO] [1599705198.930533]: 2.98616621457
[INFO] [1599705208.922387]: 2.98622879479
[INFO] [1599705218.938401]: 1.93484023072
[INFO] [1599705228.922399]: 1.03879839869
[INFO] [1599705238.926331]: -0.000243578266291
[INFO] [1599705248.958438]: 2.06937889569
[INFO] [1599705258.921016]: 2.99103529286
[INFO] [1599705268.954338]: 2.98056031158
[INFO] [1599705278.921428]: 2.51803238061
[INFO] [1599705288.950441]: 2.01474464921
[INFO] [1599705298.940661]: 2.98895252636
[INFO] [1599705308.978813]: 1.60105062395
[INFO] [1599705318.982343]: -0.00135506083107
[INFO] [1599705328.986359]: 0.987125261952
[INFO] [1599705338.978535]: 2.99220752949
[INFO] [1599705348.966399]: 1.53873219023
[INFO] [1599705358.962527]: 2.47473486268
[INFO] [1599705368.986422]: 2.97883188305
[INFO] [1599705378.970564]: 2.98897549463
[INFO] [1599705388.990406]: 2.73313659045
[INFO] [1599705398.961113]: 0.902977984282
[INFO] [1599705409.002585]: 0.000138047849784
[INFO] [1599705409.003075]: [start] obtain token
[INFO] [1599705409.003422]: username: 3ETmYh7UGzHDPhJP
[INFO] [1599705409.003843]: password: 1Fc**********
[INFO] [1599705409.352688]: [successed] obtain token
[INFO] [1599705418.986359]: 2.46120606367
[INFO] [1599705428.990414]: 2.98569793068
[INFO] [1599705439.014390]: 2.9877485414
[INFO] [1599705449.018490]: 1.97668856658
[INFO] [1599705459.018393]: 1.7212994547
[INFO] [1599705468.994585]: 2.98956131516
[INFO] [1599705478.980732]: 1.64052032325
[INFO] [1599705488.990620]: -0.00492764206801
[INFO] [1599705499.018491]: 1.06010346034
shutdown request: user request
