[rospy.client][INFO] 2020-09-10 10:26:17,658: init_node, name[/record_mileage], pid[9772]
[xmlrpc][INFO] 2020-09-10 10:26:17,658: XML-RPC server binding to 0.0.0.0:0
[xmlrpc][INFO] 2020-09-10 10:26:17,659: Started XML-RPC server [http://cuboid0009:44049/]
[rospy.impl.masterslave][INFO] 2020-09-10 10:26:17,659: _ready: http://cuboid0009:44049/
[rospy.init][INFO] 2020-09-10 10:26:17,659: ROS Slave URI: [http://cuboid0009:44049/]
[rospy.registration][INFO] 2020-09-10 10:26:17,660: Registering with master node http://localhost:11311
[xmlrpc][INFO] 2020-09-10 10:26:17,660: xml rpc node: starting XML-RPC server
[rospy.init][INFO] 2020-09-10 10:26:17,760: registered with master
[rospy.rosout][INFO] 2020-09-10 10:26:17,760: initializing /rosout core topic
[rospy.rosout][INFO] 2020-09-10 10:26:17,762: connected to core topic /rosout
[rospy.simtime][INFO] 2020-09-10 10:26:17,764: /use_sim_time is not set, will not subscribe to simulated time [/clock] topic
[rosout][INFO] 2020-09-10 10:26:17,772: api:report/robot/uploadMileage/
[rosout][INFO] 2020-09-10 10:26:17,772: robot_serial_no:Cuboid0009
[rospy.internal][INFO] 2020-09-10 10:26:17,824: topic[/base/cube_base_driver/diff_drive_controller/odom] adding connection to [http://cuboid0009:35865/], count 0
[rospy.internal][INFO] 2020-09-10 10:26:17,894: topic[/rosout] adding connection to [/rosout], count 0
[rosout][INFO] 2020-09-10 10:26:27,847: 0.345843101203
[rosout][INFO] 2020-09-10 10:26:27,847: [start] obtain token
[rosout][INFO] 2020-09-10 10:26:27,848: username: 3ETmYh7UGzHDPhJP
[rosout][INFO] 2020-09-10 10:26:27,848: password: 1Fc**********
[rosout][INFO] 2020-09-10 10:26:28,753: [successed] obtain token
[rosout][INFO] 2020-09-10 10:26:37,839: -0.0449758531388
[rosout][INFO] 2020-09-10 10:26:47,847: 0.165120420409
[rosout][INFO] 2020-09-10 10:26:57,819: 0.616586933411
[rosout][INFO] 2020-09-10 10:27:07,859: 0.683189646498
[rosout][INFO] 2020-09-10 10:27:17,847: 0.915284375224
[rosout][INFO] 2020-09-10 10:27:27,847: 2.98103863187
[rosout][INFO] 2020-09-10 10:27:37,831: 2.98567787884
[rosout][INFO] 2020-09-10 10:27:47,827: 2.99190526502
[rosout][INFO] 2020-09-10 10:27:57,851: 2.99494262971
[rosout][INFO] 2020-09-10 10:28:07,847: 2.99093487626
[rosout][INFO] 2020-09-10 10:28:17,855: 2.41857792856
[rosout][INFO] 2020-09-10 10:28:27,847: 0.158269457187
[rosout][INFO] 2020-09-10 10:28:37,875: 3.92361803253e-05
[rosout][INFO] 2020-09-10 10:28:47,867: 1.17159497672
[rosout][INFO] 2020-09-10 10:28:57,847: 2.99327323679
[rosout][INFO] 2020-09-10 10:29:07,839: 2.86476178723
[rosout][INFO] 2020-09-10 10:29:17,863: 2.76250036736
[rosout][INFO] 2020-09-10 10:29:27,867: 1.36390999081
[rosout][INFO] 2020-09-10 10:29:37,883: 2.97992344387
[rosout][INFO] 2020-09-10 10:29:47,871: 1.35524102446
[rosout][INFO] 2020-09-10 10:29:57,899: -0.070626927807
[rosout][INFO] 2020-09-10 10:30:07,875: 1.66274626725
[rosout][INFO] 2020-09-10 10:30:17,883: -0.00375686012304
[rosout][INFO] 2020-09-10 10:30:27,875: 1.47078327887
[rosout][INFO] 2020-09-10 10:30:37,871: 2.97860543057
[rosout][INFO] 2020-09-10 10:30:47,863: 2.89061853371
[rosout][INFO] 2020-09-10 10:30:57,855: 2.99151355261
[rosout][INFO] 2020-09-10 10:31:07,879: 2.98100162717
[rosout][INFO] 2020-09-10 10:31:17,859: 2.4074782466
[rosout][INFO] 2020-09-10 10:31:27,891: 0.399648086646
[rosout][INFO] 2020-09-10 10:31:27,891: [start] obtain token
[rosout][INFO] 2020-09-10 10:31:27,891: username: 3ETmYh7UGzHDPhJP
[rosout][INFO] 2020-09-10 10:31:27,892: password: 1Fc**********
[rosout][INFO] 2020-09-10 10:31:28,225: [successed] obtain token
[rosout][INFO] 2020-09-10 10:31:37,887: 0.0641050086538
[rosout][INFO] 2020-09-10 10:31:47,903: 2.82433912042
[rosout][INFO] 2020-09-10 10:31:57,883: 2.97608381556
[rosout][INFO] 2020-09-10 10:32:07,903: 2.98831873247
[rosout][INFO] 2020-09-10 10:32:17,919: 2.71427207754
[rosout][INFO] 2020-09-10 10:32:27,899: 2.9874590314
[rosout][INFO] 2020-09-10 10:32:37,923: 1.87801885256
[rosout][INFO] 2020-09-10 10:32:47,911: -0.00533259283323
[rosout][INFO] 2020-09-10 10:32:57,955: 0.752540428518
[rosout][INFO] 2020-09-10 10:33:07,915: 1.29970201445
[rosout][INFO] 2020-09-10 10:33:17,943: 0.598475569417
[rosout][INFO] 2020-09-10 10:33:27,939: 3.00142131187
[rosout][INFO] 2020-09-10 10:33:37,923: 2.98390754825
[rosout][INFO] 2020-09-10 10:33:47,935: 0.647961649019
[rosout][INFO] 2020-09-10 10:33:57,943: 2.98871403746
[rosout][INFO] 2020-09-10 10:34:07,955: 2.96195708797
[rosout][INFO] 2020-09-10 10:34:17,947: 1.21797282916
[rosout][INFO] 2020-09-10 10:34:27,939: -0.00399084628937
[rosout][INFO] 2020-09-10 10:34:37,959: -0.000532919985579
[rosout][INFO] 2020-09-10 10:34:47,975: 0.280517777441
[rosout][INFO] 2020-09-10 10:34:57,943: 1.70883829481
[rosout][INFO] 2020-09-10 10:35:07,935: 1.08492873565
[rosout][INFO] 2020-09-10 10:35:17,947: 2.9087800195
[rosout][INFO] 2020-09-10 10:35:27,983: 2.99100241112
[rosout][INFO] 2020-09-10 10:35:37,983: 2.89870575292
[rosout][INFO] 2020-09-10 10:35:47,979: 2.99004900968
[rosout][INFO] 2020-09-10 10:35:57,967: 2.99367215438
[rosout][INFO] 2020-09-10 10:36:07,965: 1.19261985981
[rosout][INFO] 2020-09-10 10:36:17,959: 0.000702194083203
[rosout][INFO] 2020-09-10 10:36:27,979: 1.83883639474
[rosout][INFO] 2020-09-10 10:36:27,979: [start] obtain token
[rosout][INFO] 2020-09-10 10:36:27,979: username: 3ETmYh7UGzHDPhJP
[rosout][INFO] 2020-09-10 10:36:27,980: password: 1Fc**********
[rosout][INFO] 2020-09-10 10:36:28,361: [successed] obtain token
[rosout][INFO] 2020-09-10 10:36:37,955: 2.97894270532
[rosout][INFO] 2020-09-10 10:36:47,983: 2.96985777328
[rosout][INFO] 2020-09-10 10:36:57,987: 2.97567572491
[rosout][INFO] 2020-09-10 10:37:07,979: 2.97249211697
[rosout][INFO] 2020-09-10 10:37:17,995: 2.08658535771
[rosout][INFO] 2020-09-10 10:37:27,955: -0.00619843816239
[rosout][INFO] 2020-09-10 10:37:37,962: 1.100276488
[rosout][INFO] 2020-09-10 10:37:48,002: 2.98851193953
[rosout][INFO] 2020-09-10 10:37:57,986: 2.9866380915
[rosout][INFO] 2020-09-10 10:38:07,990: 2.93148686155
[rosout][INFO] 2020-09-10 10:38:17,970: 2.79551740596
[rosout][INFO] 2020-09-10 10:38:28,002: 2.43651912334
[rosout][INFO] 2020-09-10 10:38:37,960: 1.08537063983
[rosout][INFO] 2020-09-10 10:38:47,982: 0.003566253405
[rosout][INFO] 2020-09-10 10:38:57,961: 0.0740392369085
[rosout][INFO] 2020-09-10 10:39:07,994: 0.266839912979
[rosout][INFO] 2020-09-10 10:39:18,002: 2.96546180034
[rosout][INFO] 2020-09-10 10:39:27,982: 2.90652900992
[rosout][INFO] 2020-09-10 10:39:37,962: 2.96108949743
[rosout][INFO] 2020-09-10 10:39:47,990: 2.98351476807
[rosout][INFO] 2020-09-10 10:39:57,970: 2.48216716165
[rosout][INFO] 2020-09-10 10:40:07,962: 0.6998342924
[rosout][INFO] 2020-09-10 10:40:17,986: 0.69107246029
[rosout][INFO] 2020-09-10 10:40:27,970: 0.000824628945356
[rosout][INFO] 2020-09-10 10:40:37,986: 2.53179241811
[rosout][INFO] 2020-09-10 10:40:47,982: 2.98255373677
[rosout][INFO] 2020-09-10 10:40:57,978: 2.89813303523
[rosout][INFO] 2020-09-10 10:41:07,978: 1.70726417225
[rosout][INFO] 2020-09-10 10:41:18,002: 0.292308859543
[rosout][INFO] 2020-09-10 10:41:28,006: 1.97812790139
[rosout][INFO] 2020-09-10 10:41:28,006: [start] obtain token
[rosout][INFO] 2020-09-10 10:41:28,007: username: 3ETmYh7UGzHDPhJP
[rosout][INFO] 2020-09-10 10:41:28,007: password: 1Fc**********
[rosout][INFO] 2020-09-10 10:41:28,470: [successed] obtain token
[rosout][INFO] 2020-09-10 10:41:38,006: 2.98602563515
[rosout][INFO] 2020-09-10 10:41:48,022: 1.53881604362
[rosout][INFO] 2020-09-10 10:41:58,002: 0.000884784639874
[rosout][INFO] 2020-09-10 10:42:08,001: 1.54453436681
[rosout][INFO] 2020-09-10 10:42:18,038: 2.98329376662
[rosout][INFO] 2020-09-10 10:42:28,030: 2.98937038379
[rosout][INFO] 2020-09-10 10:42:38,022: 2.98218360171
[rosout][INFO] 2020-09-10 10:42:48,006: 2.98221073672
[rosout][INFO] 2020-09-10 10:42:58,026: 2.7625008733
[rosout][INFO] 2020-09-10 10:43:08,062: 0.199475118366
[rosout][INFO] 2020-09-10 10:43:18,042: 0.544846044331
[rosout][INFO] 2020-09-10 10:43:28,038: 2.88275577308
[rosout][INFO] 2020-09-10 10:43:38,040: 2.98390325624
[rosout][INFO] 2020-09-10 10:43:48,050: 2.88739660848
[rosout][INFO] 2020-09-10 10:43:58,062: 2.90222395404
[rosout][INFO] 2020-09-10 10:44:08,042: 2.98661580542
[rosout][INFO] 2020-09-10 10:44:18,042: 1.81007319769
[rosout][INFO] 2020-09-10 10:44:28,050: -0.00230425084291
[rosout][INFO] 2020-09-10 10:44:38,066: 0.0974063312743
[rosout][INFO] 2020-09-10 10:44:48,042: 2.4586933289
[rosout][INFO] 2020-09-10 10:44:58,062: 1.55538491088
[rosout][INFO] 2020-09-10 10:45:08,058: 2.56710577878
[rosout][INFO] 2020-09-10 10:45:18,070: 2.21734822052
[rosout][INFO] 2020-09-10 10:45:28,102: 0.797411413824
[rosout][INFO] 2020-09-10 10:45:38,082: 2.99118991802
[rosout][INFO] 2020-09-10 10:45:48,090: 2.98392318422
[rosout][INFO] 2020-09-10 10:45:58,102: 2.98856243445
[rosout][INFO] 2020-09-10 10:46:08,110: 2.73494354985
[rosout][INFO] 2020-09-10 10:46:18,086: 0.292413174012
[rosout][INFO] 2020-09-10 10:46:28,080: 0.136477865534
[rosout][INFO] 2020-09-10 10:46:28,086: [start] obtain token
[rosout][INFO] 2020-09-10 10:46:28,086: username: 3ETmYh7UGzHDPhJP
[rosout][INFO] 2020-09-10 10:46:28,086: password: 1Fc**********
[rosout][INFO] 2020-09-10 10:46:28,484: [successed] obtain token
[rosout][INFO] 2020-09-10 10:46:38,094: 2.71938040177
[rosout][INFO] 2020-09-10 10:46:48,080: 2.98121880228
[rosout][INFO] 2020-09-10 10:46:58,086: 2.98534794757
[rosout][INFO] 2020-09-10 10:47:08,118: 2.2572479076
[rosout][INFO] 2020-09-10 10:47:18,138: 2.99424785236
[rosout][INFO] 2020-09-10 10:47:28,142: 2.16206231261
[rosout][INFO] 2020-09-10 10:47:38,101: -0.000378432980535
[rosout][INFO] 2020-09-10 10:47:48,134: 1.15817487685
[rosout][INFO] 2020-09-10 10:47:58,114: 2.98499817774
[rosout][INFO] 2020-09-10 10:48:08,110: 2.98584541073
[rosout][INFO] 2020-09-10 10:48:18,134: 2.9760316629
[rosout][INFO] 2020-09-10 10:48:28,101: 2.98581757117
[rosout][INFO] 2020-09-10 10:48:38,100: 2.36713120291
[rosout][INFO] 2020-09-10 10:48:48,106: 0.883309339657
[rosout][INFO] 2020-09-10 10:48:58,110: 0.00068799126896
[rosout][INFO] 2020-09-10 10:49:08,118: -0.186018328089
[rosout][INFO] 2020-09-10 10:49:18,106: 0.248176664279
[rosout][INFO] 2020-09-10 10:49:28,130: 2.83073280076
[rosout][INFO] 2020-09-10 10:49:38,122: 2.97856356064
[rosout][INFO] 2020-09-10 10:49:48,110: 2.98482260993
[rosout][INFO] 2020-09-10 10:49:58,100: 2.98602060881
[rosout][INFO] 2020-09-10 10:50:08,142: 2.98984600604
[rosout][INFO] 2020-09-10 10:50:18,138: 2.96897003904
[rosout][INFO] 2020-09-10 10:50:28,122: 0.588130641705
[rosout][INFO] 2020-09-10 10:50:38,142: 3.59261215993e-14
[rosout][INFO] 2020-09-10 10:50:48,150: 1.12009317529
[rosout][INFO] 2020-09-10 10:50:58,158: 0.821475172179
[rosout][INFO] 2020-09-10 10:51:08,142: 2.99496776983
[rosout][INFO] 2020-09-10 10:51:18,140: 2.97948146379
[rosout][INFO] 2020-09-10 10:51:28,154: 2.97607530747
[rosout][INFO] 2020-09-10 10:51:28,154: [start] obtain token
[rosout][INFO] 2020-09-10 10:51:28,155: username: 3ETmYh7UGzHDPhJP
[rosout][INFO] 2020-09-10 10:51:28,155: password: 1Fc**********
[rosout][INFO] 2020-09-10 10:51:28,563: [successed] obtain token
[rosout][INFO] 2020-09-10 10:51:38,174: 2.91683158156
[rosout][INFO] 2020-09-10 10:51:48,146: 2.26555195952
[rosout][INFO] 2020-09-10 10:51:58,142: 0.176574183123
[rosout][INFO] 2020-09-10 10:52:08,166: 0.41549912731
[rosout][INFO] 2020-09-10 10:52:18,160: 2.99536093324
[rosout][INFO] 2020-09-10 10:52:28,190: 2.98550749384
[rosout][INFO] 2020-09-10 10:52:38,166: 1.38229253522
[rosout][INFO] 2020-09-10 10:52:48,160: 0.0694874736662
[rosout][INFO] 2020-09-10 10:52:58,160: 2.8422097587
[rosout][INFO] 2020-09-10 10:53:08,190: 2.6208557901
[rosout][INFO] 2020-09-10 10:53:18,178: 2.98694730178
[rosout][INFO] 2020-09-10 10:53:28,160: 1.43890520559
[rosout][INFO] 2020-09-10 10:53:38,162: -0.000946397855439
[rosout][INFO] 2020-09-10 10:53:48,190: 1.92160536261
[rosout][INFO] 2020-09-10 10:53:58,190: 2.99237975432
[rosout][INFO] 2020-09-10 10:54:08,214: 2.99019279005
[rosout][INFO] 2020-09-10 10:54:18,202: 2.98382671643
[rosout][INFO] 2020-09-10 10:54:28,258: 2.98203938594
[rosout][INFO] 2020-09-10 10:54:38,250: 2.1274117696
[rosout][INFO] 2020-09-10 10:54:48,258: 0.100085043495
[rosout][INFO] 2020-09-10 10:54:58,246: 0.614839704432
[rosout][INFO] 2020-09-10 10:55:08,230: 2.93927068572
[rosout][INFO] 2020-09-10 10:55:18,220: 2.82871512533
[rosout][INFO] 2020-09-10 10:55:28,226: 2.7992219876
[rosout][INFO] 2020-09-10 10:55:38,254: 2.86414069962
[rosout][INFO] 2020-09-10 10:55:48,262: 2.98037038324
[rosout][INFO] 2020-09-10 10:55:58,230: 1.4341952287
[rosout][INFO] 2020-09-10 10:56:08,262: -0.000361578099853
[rosout][INFO] 2020-09-10 10:56:18,262: 1.62585484855
[rosout][INFO] 2020-09-10 10:56:28,221: 2.99465598585
[rosout][INFO] 2020-09-10 10:56:28,221: [start] obtain token
[rosout][INFO] 2020-09-10 10:56:28,226: username: 3ETmYh7UGzHDPhJP
[rosout][INFO] 2020-09-10 10:56:28,227: password: 1Fc**********
[rosout][INFO] 2020-09-10 10:56:28,619: [successed] obtain token
[rosout][INFO] 2020-09-10 10:56:38,250: 2.9761144612
[rosout][INFO] 2020-09-10 10:56:48,266: 2.98140968569
[rosout][INFO] 2020-09-10 10:56:58,262: 2.81633327994
[rosout][INFO] 2020-09-10 10:57:08,242: 2.52775582543
[rosout][INFO] 2020-09-10 10:57:18,262: 0.100467290717
[rosout][INFO] 2020-09-10 10:57:28,266: 0.11195476902
[rosout][INFO] 2020-09-10 10:57:38,274: 2.89003864629
[rosout][INFO] 2020-09-10 10:57:48,270: 2.97743736114
[rosout][INFO] 2020-09-10 10:57:58,302: 2.83661800274
[rosout][INFO] 2020-09-10 10:58:08,266: 2.3817689599
[rosout][INFO] 2020-09-10 10:58:18,302: 2.98144184751
[rosout][INFO] 2020-09-10 10:58:28,280: 2.53541539924
[rosout][INFO] 2020-09-10 10:58:38,318: 0.0468495457284
[rosout][INFO] 2020-09-10 10:58:48,290: 0.708729386037
[rosout][INFO] 2020-09-10 10:58:58,286: 2.9936963832
[rosout][INFO] 2020-09-10 10:59:08,322: 2.98286818201
[rosout][INFO] 2020-09-10 10:59:18,280: 2.98688609991
[rosout][INFO] 2020-09-10 10:59:28,326: 2.90409941348
[rosout][INFO] 2020-09-10 10:59:38,306: 2.23258321849
[rosout][INFO] 2020-09-10 10:59:48,338: 0.100252797797
[rosout][INFO] 2020-09-10 10:59:58,326: 1.12066118198
[rosout][INFO] 2020-09-10 11:00:08,310: -0.000140429864469
[rosout][INFO] 2020-09-10 11:00:18,306: 0.893919137226
[rosout][INFO] 2020-09-10 11:00:28,314: 2.99009072362
[rosout][INFO] 2020-09-10 11:00:38,320: 2.9698954107
[rosout][INFO] 2020-09-10 11:00:48,366: 1.53669167738
[rosout][INFO] 2020-09-10 11:00:58,354: 1.50633322359
[rosout][INFO] 2020-09-10 11:01:08,358: 2.09101189196
[rosout][INFO] 2020-09-10 11:01:18,354: 2.9786399221
[rosout][INFO] 2020-09-10 11:01:28,342: 1.35798401729
[rosout][INFO] 2020-09-10 11:01:28,342: [start] obtain token
[rosout][INFO] 2020-09-10 11:01:28,343: username: 3ETmYh7UGzHDPhJP
[rosout][INFO] 2020-09-10 11:01:28,343: password: 1Fc**********
[rosout][INFO] 2020-09-10 11:01:28,693: [successed] obtain token
[rosout][INFO] 2020-09-10 11:01:38,330: 4.62612899088e-05
[rosout][INFO] 2020-09-10 11:01:48,354: 1.87980780582
[rosout][INFO] 2020-09-10 11:01:58,322: 2.98488869471
[rosout][INFO] 2020-09-10 11:02:08,358: 2.96859068749
[rosout][INFO] 2020-09-10 11:02:18,322: 2.73768768297
[rosout][INFO] 2020-09-10 11:02:28,362: 2.98863615328
[rosout][INFO] 2020-09-10 11:02:38,366: 1.87721014185
[rosout][INFO] 2020-09-10 11:02:48,342: 0.853854880464
[rosout][INFO] 2020-09-10 11:02:58,350: 0.0158137586259
[rosout][INFO] 2020-09-10 11:03:08,382: 2.73289891414
[rosout][INFO] 2020-09-10 11:03:18,362: 2.99085874762
[rosout][INFO] 2020-09-10 11:03:28,382: 2.98243008042
[rosout][INFO] 2020-09-10 11:03:38,414: 0.962353252933
[rosout][INFO] 2020-09-10 11:03:48,438: 2.00072890938
[rosout][INFO] 2020-09-10 11:03:58,430: 2.98409492662
[rosout][INFO] 2020-09-10 11:04:08,402: 1.95577446251
[rosout][INFO] 2020-09-10 11:04:18,410: -0.00556423689539
[rosout][INFO] 2020-09-10 11:04:28,401: 1.25716621736
[rosout][INFO] 2020-09-10 11:04:38,402: 2.98520027334
[rosout][INFO] 2020-09-10 11:04:48,400: 2.98607527977
[rosout][INFO] 2020-09-10 11:04:58,421: 2.94841342291
[rosout][INFO] 2020-09-10 11:05:08,458: 2.81723004975
[rosout][INFO] 2020-09-10 11:05:18,482: 1.86271838844
[rosout][INFO] 2020-09-10 11:05:28,494: 1.03073920654
[rosout][INFO] 2020-09-10 11:05:38,482: 0.259773737902
[rosout][INFO] 2020-09-10 11:05:48,470: 0.00377172403589
[rosout][INFO] 2020-09-10 11:05:58,502: 2.3070899767
[rosout][INFO] 2020-09-10 11:06:08,486: 2.98891298892
[rosout][INFO] 2020-09-10 11:06:18,498: 2.98941296851
[rosout][INFO] 2020-09-10 11:06:28,478: 1.68128385282
[rosout][INFO] 2020-09-10 11:06:28,478: [start] obtain token
[rosout][INFO] 2020-09-10 11:06:28,478: username: 3ETmYh7UGzHDPhJP
[rosout][INFO] 2020-09-10 11:06:28,479: password: 1Fc**********
[rosout][INFO] 2020-09-10 11:06:28,842: [successed] obtain token
[rosout][INFO] 2020-09-10 11:06:38,461: 2.83758460381
[rosout][INFO] 2020-09-10 11:06:48,502: 2.95316528669
[rosout][INFO] 2020-09-10 11:06:58,482: 0.318592723025
[rosout][INFO] 2020-09-10 11:07:08,482: 0.110742435209
[rosout][INFO] 2020-09-10 11:07:18,514: 2.89982011635
[rosout][INFO] 2020-09-10 11:07:28,502: 2.98277821345
[rosout][INFO] 2020-09-10 11:07:38,518: 2.97902628733
[rosout][INFO] 2020-09-10 11:07:48,481: 2.98785640113
[rosout][INFO] 2020-09-10 11:07:58,498: 2.96528508514
[rosout][INFO] 2020-09-10 11:08:08,506: 0.137224042638
[rosout][INFO] 2020-09-10 11:08:18,518: 0.935841758362
[rosout][INFO] 2020-09-10 11:08:28,480: 0.00176967155524
[rosout][INFO] 2020-09-10 11:08:38,480: 1.70997496357
[rosout][INFO] 2020-09-10 11:08:48,490: 2.97916621063
[rosout][INFO] 2020-09-10 11:08:58,506: 2.97985835187
[rosout][INFO] 2020-09-10 11:09:08,486: 1.89038822196
[rosout][INFO] 2020-09-10 11:09:18,534: 0.277608240147
[rosout][INFO] 2020-09-10 11:09:28,538: 2.85635606432
[rosout][INFO] 2020-09-10 11:09:38,500: 2.97626351751
[rosout][INFO] 2020-09-10 11:09:48,522: 0.836441725835
[rosout][INFO] 2020-09-10 11:09:58,522: 2.49366499672e-14
[rosout][INFO] 2020-09-10 11:10:08,502: 2.37997187667
[rosout][INFO] 2020-09-10 11:10:18,522: 2.98831947194
[rosout][INFO] 2020-09-10 11:10:28,546: 2.98097318457
[rosout][INFO] 2020-09-10 11:10:38,526: 2.99144953489
[rosout][INFO] 2020-09-10 11:10:48,520: 2.94197706442
[rosout][INFO] 2020-09-10 11:10:58,520: 0.594978653684
[rosout][INFO] 2020-09-10 11:11:08,520: 1.26991632757
[rosout][INFO] 2020-09-10 11:11:18,550: 0.00547969500713
[rosout][INFO] 2020-09-10 11:11:28,540: 0.373383989232
[rosout][INFO] 2020-09-10 11:11:28,541: [start] obtain token
[rosout][INFO] 2020-09-10 11:11:28,541: username: 3ETmYh7UGzHDPhJP
[rosout][INFO] 2020-09-10 11:11:28,541: password: 1Fc**********
[rosout][INFO] 2020-09-10 11:11:28,962: [successed] obtain token
[rosout][INFO] 2020-09-10 11:11:38,562: 2.9168937701
[rosout][INFO] 2020-09-10 11:11:48,540: 2.98998238984
[rosout][INFO] 2020-09-10 11:11:58,540: 2.36242406561
[rosout][INFO] 2020-09-10 11:12:08,541: 0.739507569836
[rosout][INFO] 2020-09-10 11:12:18,580: 2.49710416864
[rosout][INFO] 2020-09-10 11:12:28,606: 2.99000041699
[rosout][INFO] 2020-09-10 11:12:38,586: 1.63514608379
[rosout][INFO] 2020-09-10 11:12:48,622: -0.0015181798142
[rosout][INFO] 2020-09-10 11:12:58,614: 1.52997899421
[rosout][INFO] 2020-09-10 11:13:08,601: 2.9919594666
[rosout][INFO] 2020-09-10 11:13:18,606: 2.98631403549
[rosout][INFO] 2020-09-10 11:13:28,634: 2.99193199351
[rosout][INFO] 2020-09-10 11:13:38,626: 2.98647259129
[rosout][INFO] 2020-09-10 11:13:48,621: 2.07637148573
[rosout][INFO] 2020-09-10 11:13:58,662: 0.633766732861
[rosout][INFO] 2020-09-10 11:14:08,670: 0.00430431188061
[rosout][INFO] 2020-09-10 11:14:18,662: 1.9432754807
[rosout][INFO] 2020-09-10 11:14:28,641: 2.97944481811
[rosout][INFO] 2020-09-10 11:14:38,650: 2.98730347166
[rosout][INFO] 2020-09-10 11:14:48,662: 2.30300570022
[rosout][INFO] 2020-09-10 11:14:58,682: 0.307855645388
[rosout][INFO] 2020-09-10 11:15:08,654: 0.326101353171
[rosout][INFO] 2020-09-10 11:15:18,670: 0.244804054299
[rosout][INFO] 2020-09-10 11:15:28,650: 2.88164056675
[rosout][INFO] 2020-09-10 11:15:38,650: 2.77928042389
[rosout][INFO] 2020-09-10 11:15:48,670: 0.132340456277
[rosout][INFO] 2020-09-10 11:15:58,646: 0.238895566989
[rosout][INFO] 2020-09-10 11:16:08,670: 2.97519977437
[rosout][INFO] 2020-09-10 11:16:18,641: 2.98691290803
[rosout][INFO] 2020-09-10 11:16:28,670: 2.98547073314
[rosout][INFO] 2020-09-10 11:16:28,670: [start] obtain token
[rosout][INFO] 2020-09-10 11:16:28,671: username: 3ETmYh7UGzHDPhJP
[rosout][INFO] 2020-09-10 11:16:28,671: password: 1Fc**********
[rosout][INFO] 2020-09-10 11:16:29,011: [successed] obtain token
[rosout][INFO] 2020-09-10 11:16:38,662: 2.98908227636
[rosout][INFO] 2020-09-10 11:16:48,666: 2.80611720794
[rosout][INFO] 2020-09-10 11:16:58,654: 1.25766046103
[rosout][INFO] 2020-09-10 11:17:08,654: -0.00103107330769
[rosout][INFO] 2020-09-10 11:17:18,642: 0.994109264386
[rosout][INFO] 2020-09-10 11:17:28,670: 2.98214918561
[rosout][INFO] 2020-09-10 11:17:38,642: 2.99145371607
[rosout][INFO] 2020-09-10 11:17:48,666: 2.94262198452
[rosout][INFO] 2020-09-10 11:17:58,654: 2.14750729827
[rosout][INFO] 2020-09-10 11:18:08,674: 2.97904407047
[rosout][INFO] 2020-09-10 11:18:18,666: 1.38461088421
[rosout][INFO] 2020-09-10 11:18:28,662: -0.00103894348062
[rosout][INFO] 2020-09-10 11:18:38,674: 1.55689700703
[rosout][INFO] 2020-09-10 11:18:48,702: 1.97693925313
[rosout][INFO] 2020-09-10 11:18:58,682: 1.43850526703
[rosout][INFO] 2020-09-10 11:19:08,702: 2.99289551331
[rosout][INFO] 2020-09-10 11:19:18,678: 2.98512614891
[rosout][INFO] 2020-09-10 11:19:28,666: 2.98508409644
[rosout][INFO] 2020-09-10 11:19:38,666: 2.11793047015
[rosout][INFO] 2020-09-10 11:19:48,666: 1.13815910164
[rosout][INFO] 2020-09-10 11:19:58,706: -0.000697915085369
[rosout][INFO] 2020-09-10 11:20:08,698: 1.21166078672
[rosout][ERROR] 2020-09-10 11:20:08,703: Failed to postrequest because of URLError:[Errno -3] Temporary failure in name resolution
[rosout][INFO] 2020-09-10 11:20:18,690: 2.95284199651
[rosout][INFO] 2020-09-10 11:20:28,686: 2.98532024724
[rosout][INFO] 2020-09-10 11:20:38,702: 2.73793739027
[rosout][INFO] 2020-09-10 11:20:48,686: 0.159014860607
[rosout][INFO] 2020-09-10 11:20:58,710: 1.49417660561
[rosout][INFO] 2020-09-10 11:21:08,686: 2.98890201375
[rosout][INFO] 2020-09-10 11:21:18,706: 1.94708142106
[rosout][INFO] 2020-09-10 11:21:28,706: -0.00497776601103
[rosout][INFO] 2020-09-10 11:21:28,706: [start] obtain token
[rosout][INFO] 2020-09-10 11:21:28,707: username: 3ETmYh7UGzHDPhJP
[rosout][INFO] 2020-09-10 11:21:28,707: password: 1Fc**********
[rosout][INFO] 2020-09-10 11:21:29,082: [successed] obtain token
[rosout][INFO] 2020-09-10 11:21:38,702: 1.31834507945
[rosout][INFO] 2020-09-10 11:21:48,702: 2.97889982769
[rosout][INFO] 2020-09-10 11:21:58,686: 2.80349031743
[rosout][INFO] 2020-09-10 11:22:08,730: 2.97970446013
[rosout][INFO] 2020-09-10 11:22:18,702: 2.98157446459
[rosout][INFO] 2020-09-10 11:22:28,722: 2.33316748302
[rosout][INFO] 2020-09-10 11:22:38,734: 1.05400404823
[rosout][INFO] 2020-09-10 11:22:48,734: -0.00254545366568
[rosout][INFO] 2020-09-10 11:22:58,754: 1.90007690431
[rosout][INFO] 2020-09-10 11:23:08,726: 2.98328419356
[rosout][INFO] 2020-09-10 11:23:18,730: 2.97642429778
[rosout][INFO] 2020-09-10 11:23:28,762: 2.40267457422
[rosout][INFO] 2020-09-10 11:23:38,746: 2.95354184578
[rosout][INFO] 2020-09-10 11:23:48,774: 2.75765860034
[rosout][INFO] 2020-09-10 11:23:58,742: 0.78150276563
[rosout][INFO] 2020-09-10 11:24:08,766: 0.000135738591802
[rosout][INFO] 2020-09-10 11:24:18,790: 2.49701243543
[rosout][INFO] 2020-09-10 11:24:28,782: 2.97915303288
[rosout][INFO] 2020-09-10 11:24:38,770: 2.97953378316
[rosout][INFO] 2020-09-10 11:24:48,798: 2.64587512962
[rosout][INFO] 2020-09-10 11:24:58,780: 2.99237779155
[rosout][INFO] 2020-09-10 11:25:08,780: 2.04382756438
[rosout][INFO] 2020-09-10 11:25:18,830: 0.658745049745
[rosout][INFO] 2020-09-10 11:25:28,808: 0.0190628849217
[rosout][INFO] 2020-09-10 11:25:38,806: 2.74586112343
[rosout][INFO] 2020-09-10 11:25:48,827: 2.98781830166
[rosout][INFO] 2020-09-10 11:25:58,838: 2.97933981661
[rosout][INFO] 2020-09-10 11:26:08,826: 2.25173830453
[rosout][INFO] 2020-09-10 11:26:18,826: 2.86895960727
[rosout][INFO] 2020-09-10 11:26:28,818: 2.55671358109
[rosout][ERROR] 2020-09-10 11:26:29,072: Failed to postrequest because of HTTPError:401 Unauthorized
[rosout][ERROR] 2020-09-10 11:26:29,073: https://api.cuboid.cloud/report/robot/uploadMileage/
[rosout][ERROR] 2020-09-10 11:26:29,073: {'distance': 2.556713581085205, 'robot': 'Cuboid0009'}
[rosout][INFO] 2020-09-10 11:26:38,807: 0.255165647368
[rosout][INFO] 2020-09-10 11:26:38,808: [start] obtain token
[rosout][INFO] 2020-09-10 11:26:38,808: username: 3ETmYh7UGzHDPhJP
[rosout][INFO] 2020-09-10 11:26:38,809: password: 1Fc**********
[rosout][INFO] 2020-09-10 11:26:39,310: [successed] obtain token
[rosout][INFO] 2020-09-10 11:26:48,802: -0.00119555632979
[rosout][INFO] 2020-09-10 11:26:58,814: 0.139576575353
[rosout][INFO] 2020-09-10 11:27:08,842: 0.957852023126
[rosout][INFO] 2020-09-10 11:27:18,834: 2.99454166554
[rosout][INFO] 2020-09-10 11:27:28,826: 2.98193769436
[rosout][INFO] 2020-09-10 11:27:38,818: 2.86777281336
[rosout][INFO] 2020-09-10 11:27:48,803: 2.9515886039
[rosout][INFO] 2020-09-10 11:27:58,834: 2.98550731363
[rosout][INFO] 2020-09-10 11:28:08,842: 2.09628446785
[rosout][INFO] 2020-09-10 11:28:18,858: 0.195886552398
[rosout][INFO] 2020-09-10 11:28:28,846: 0.645031774821
[rosout][INFO] 2020-09-10 11:28:38,870: 2.99977438804
[rosout][INFO] 2020-09-10 11:28:48,870: 2.9856516202
[rosout][INFO] 2020-09-10 11:28:58,886: 2.41851360047
[rosout][INFO] 2020-09-10 11:29:08,890: 0.0830423723245
[rosout][INFO] 2020-09-10 11:29:18,882: 2.21374160188
[rosout][INFO] 2020-09-10 11:29:28,906: 2.98651788663
[rosout][INFO] 2020-09-10 11:29:38,914: 2.64791588136
[rosout][INFO] 2020-09-10 11:29:48,902: 0.0736962922312
[rosout][INFO] 2020-09-10 11:29:58,906: 0.284088505747
[rosout][INFO] 2020-09-10 11:30:08,900: 2.9767688578
[rosout][INFO] 2020-09-10 11:30:18,922: 2.96355211502
[rosout][INFO] 2020-09-10 11:30:28,934: 2.62060846988
[rosout][INFO] 2020-09-10 11:30:38,901: 2.97670709062
[rosout][INFO] 2020-09-10 11:30:48,902: 2.94914837461
[rosout][INFO] 2020-09-10 11:30:58,910: 1.35186881175
[rosout][INFO] 2020-09-10 11:31:08,938: 0.00174592087166
[rosout][INFO] 2020-09-10 11:31:18,922: 1.51091731849
[rosout][INFO] 2020-09-10 11:31:28,938: 2.99409337016
[rosout][INFO] 2020-09-10 11:31:38,930: 2.98765790369
[rosout][ERROR] 2020-09-10 11:31:39,151: Failed to postrequest because of HTTPError:401 Unauthorized
[rosout][ERROR] 2020-09-10 11:31:39,152: https://api.cuboid.cloud/report/robot/uploadMileage/
[rosout][ERROR] 2020-09-10 11:31:39,152: {'distance': 2.9876579036936164, 'robot': 'Cuboid0009'}
[rosout][INFO] 2020-09-10 11:31:48,922: 2.77900128067
[rosout][INFO] 2020-09-10 11:31:48,922: [start] obtain token
[rosout][INFO] 2020-09-10 11:31:48,923: username: 3ETmYh7UGzHDPhJP
[rosout][INFO] 2020-09-10 11:31:48,923: password: 1Fc**********
[rosout][INFO] 2020-09-10 11:31:49,400: [successed] obtain token
[rosout][INFO] 2020-09-10 11:31:58,926: 1.8018980405
[rosout][INFO] 2020-09-10 11:32:08,900: 2.56309091591
[rosout][INFO] 2020-09-10 11:32:18,902: 1.8930026078
[rosout][INFO] 2020-09-10 11:32:28,926: 0.985149613519
[rosout][INFO] 2020-09-10 11:32:38,922: -0.000418423307583
[rosout][INFO] 2020-09-10 11:32:48,910: 2.33324626999
[rosout][INFO] 2020-09-10 11:32:58,934: 2.98067864124
[rosout][INFO] 2020-09-10 11:33:08,900: 2.66950520413
[rosout][INFO] 2020-09-10 11:33:18,930: 2.98616621457
[rosout][INFO] 2020-09-10 11:33:28,922: 2.98622879479
[rosout][INFO] 2020-09-10 11:33:38,938: 1.93484023072
[rosout][INFO] 2020-09-10 11:33:48,922: 1.03879839869
[rosout][INFO] 2020-09-10 11:33:58,926: -0.000243578266291
[rosout][INFO] 2020-09-10 11:34:08,958: 2.06937889569
[rosout][INFO] 2020-09-10 11:34:18,920: 2.99103529286
[rosout][INFO] 2020-09-10 11:34:28,954: 2.98056031158
[rosout][INFO] 2020-09-10 11:34:38,921: 2.51803238061
[rosout][INFO] 2020-09-10 11:34:48,950: 2.01474464921
[rosout][INFO] 2020-09-10 11:34:58,940: 2.98895252636
[rosout][INFO] 2020-09-10 11:35:08,978: 1.60105062395
[rosout][INFO] 2020-09-10 11:35:18,982: -0.00135506083107
[rosout][INFO] 2020-09-10 11:35:28,986: 0.987125261952
[rosout][INFO] 2020-09-10 11:35:38,978: 2.99220752949
[rosout][INFO] 2020-09-10 11:35:48,966: 1.53873219023
[rosout][INFO] 2020-09-10 11:35:58,962: 2.47473486268
[rosout][INFO] 2020-09-10 11:36:08,986: 2.97883188305
[rosout][INFO] 2020-09-10 11:36:18,970: 2.98897549463
[rosout][INFO] 2020-09-10 11:36:28,990: 2.73313659045
[rosout][INFO] 2020-09-10 11:36:38,961: 0.902977984282
[rosout][INFO] 2020-09-10 11:36:49,002: 0.000138047849784
[rosout][INFO] 2020-09-10 11:36:49,003: [start] obtain token
[rosout][INFO] 2020-09-10 11:36:49,003: username: 3ETmYh7UGzHDPhJP
[rosout][INFO] 2020-09-10 11:36:49,003: password: 1Fc**********
[rosout][INFO] 2020-09-10 11:36:49,352: [successed] obtain token
[rosout][INFO] 2020-09-10 11:36:58,986: 2.46120606367
[rosout][INFO] 2020-09-10 11:37:08,990: 2.98569793068
[rosout][INFO] 2020-09-10 11:37:19,014: 2.9877485414
[rosout][INFO] 2020-09-10 11:37:29,018: 1.97668856658
[rosout][INFO] 2020-09-10 11:37:39,018: 1.7212994547
[rosout][INFO] 2020-09-10 11:37:48,994: 2.98956131516
[rosout][INFO] 2020-09-10 11:37:58,980: 1.64052032325
[rosout][INFO] 2020-09-10 11:38:08,990: -0.00492764206801
[rosout][INFO] 2020-09-10 11:38:19,018: 1.06010346034
[rospy.impl.masterslave][INFO] 2020-09-10 11:38:24,126: external shutdown request from [/rosnode]: user request
[rospy.core][INFO] 2020-09-10 11:38:24,126: signal_shutdown [external shutdown request from [/rosnode]: [user request]]
[rospy.internal][INFO] 2020-09-10 11:38:24,129: topic[/rosout] removing connection to /rosout
[rospy.internal][INFO] 2020-09-10 11:38:24,129: topic[/base/cube_base_driver/diff_drive_controller/odom] removing connection to http://cuboid0009:35865/
[rospy.core][INFO] 2020-09-10 11:38:24,261: signal_shutdown [atexit]
