[0m[ INFO] [1599714100.683772797]: to link... 192.168.13.104:2112[0m
[0m[ INFO] [1599714100.684541138]: Connect Success[0m
[0m[ INFO] [1599714100.783125626]: LIM_CODE_HBACK[0m
[0m[ INFO] [1599714136.220460490]: unknown code![0m
[0m[ INFO] [1599714136.280423053]: unknown code![0m
[0m[ INFO] [1599714138.561609037]: unknown code![0m
[0m[ INFO] [1599714138.561882910]: unknown code![0m
[0m[ INFO] [1599714140.122420190]: unknown code![0m
[0m[ INFO] [1599714140.602604858]: unknown code![0m
[0m[ INFO] [1599714140.962789810]: unknown code![0m
[0m[ INFO] [1599714141.022885432]: unknown code![0m
[0m[ INFO] [1599714141.073047043]: LIM_CODE_HBACK[0m
[0m[ INFO] [1599714142.033316564]: unknown code![0m
[0m[ INFO] [1599714142.993804862]: unknown code![0m
[0m[ INFO] [1599714148.871054752]: unknown code![0m
[0m[ INFO] [1599714148.930540692]: unknown code![0m
[0m[ INFO] [1599714151.138557396]: unknown code![0m
[0m[ INFO] [1599714151.198304879]: unknown code![0m
[0m[ INFO] [1599714161.060608918]: unknown code![0m
[0m[ INFO] [1599714161.120527276]: unknown code![0m
[0m[ INFO] [1599714161.658964151]: unknown code![0m
[0m[ INFO] [1599714161.718859731]: unknown code![0m
[0m[ INFO] [1599714162.317202498]: unknown code![0m
[0m[ INFO] [1599714162.377093402]: unknown code![0m
[0m[ INFO] [1599714163.514298200]: unknown code![0m
[0m[ INFO] [1599714164.352187134]: unknown code![0m
[0m[ INFO] [1599714165.250101550]: unknown code![0m
[0m[ INFO] [1599714165.669216525]: unknown code![0m
[0m[ INFO] [1599714166.567255610]: unknown code![0m
[0m[ INFO] [1599714166.627182417]: unknown code![0m
[0m[ INFO] [1599714167.465434128]: unknown code![0m
[0m[ INFO] [1599714167.525457410]: unknown code![0m
[0m[ INFO] [1599714175.192907565]: unknown code![0m
[0m[ INFO] [1599714175.193063639]: unknown code![0m
[0m[ INFO] [1599714175.432472521]: unknown code![0m
[0m[ INFO] [1599714176.151598178]: unknown code![0m
[0m[ INFO] [1599714176.151877550]: unknown code![0m
[0m[ INFO] [1599714176.211467345]: unknown code![0m
[0m[ INFO] [1599714176.271402841]: unknown code![0m
[0m[ INFO] [1599714176.810704938]: unknown code![0m
[0m[ INFO] [1599714176.930728562]: unknown code![0m
[0m[ INFO] [1599714176.930872157]: unknown code![0m
[0m[ INFO] [1599714177.709848110]: unknown code![0m
[0m[ INFO] [1599714178.249024294]: unknown code![0m
[0m[ INFO] [1599714178.668551336]: unknown code![0m
[0m[ INFO] [1599714178.848408960]: unknown code![0m
[0m[ INFO] [1599714179.387787120]: unknown code![0m
[0m[ INFO] [1599714179.447635728]: unknown code![0m
[0m[ INFO] [1599714180.097056252]: LIM_CODE_HBACK[0m
[0m[ INFO] [1599714180.396640989]: unknown code![0m
[0m[ INFO] [1599714180.456761801]: unknown code![0m
[0m[ INFO] [1599714180.456991522]: unknown code![0m
[0m[ INFO] [1599714181.175843441]: unknown code![0m
[0m[ INFO] [1599714184.712525158]: unknown code![0m
[0m[ INFO] [1599714184.712686780]: unknown code![0m
[0m[ INFO] [1599714184.772420139]: unknown code![0m
[0m[ INFO] [1599714184.832371352]: unknown code![0m
[0m[ INFO] [1599714185.491949422]: unknown code![0m
[0m[ INFO] [1599714185.551818651]: unknown code![0m
[0m[ INFO] [1599714187.170399748]: unknown code![0m
[0m[ INFO] [1599714187.230560203]: unknown code![0m
[0m[ INFO] [1599714187.290373055]: unknown code![0m
[0m[ INFO] [1599714187.410203503]: unknown code![0m
[0m[ INFO] [1599714187.590141034]: unknown code![0m
[0m[ INFO] [1599714187.650153301]: unknown code![0m
[0m[ INFO] [1599714187.710111702]: unknown code![0m
[0m[ INFO] [1599714188.249589147]: unknown code![0m
[0m[ INFO] [1599714188.489517192]: unknown code![0m
[0m[ INFO] [1599714188.549396749]: unknown code![0m
[0m[ INFO] [1599714188.969041961]: unknown code![0m
[0m[ INFO] [1599714190.048197844]: unknown code![0m
[0m[ INFO] [1599714195.924529224]: unknown code![0m
[0m[ INFO] [1599714195.924796969]: unknown code![0m
[0m[ INFO] [1599714196.284387986]: unknown code![0m
[0m[ INFO] [1599714196.344170399]: unknown code![0m
[0m[ INFO] [1599714196.763848478]: unknown code![0m
[0m[ INFO] [1599714196.823891018]: unknown code![0m
[0m[ INFO] [1599714201.261448012]: unknown code![0m
[0m[ INFO] [1599714201.321369533]: unknown code![0m
[0m[ INFO] [1599714202.160929233]: unknown code![0m
[0m[ INFO] [1599714202.161205864]: unknown code![0m
[0m[ INFO] [1599714203.540399036]: unknown code![0m
[0m[ INFO] [1599714203.900005220]: unknown code![0m
[0m[ INFO] [1599714205.219368566]: unknown code![0m
[0m[ INFO] [1599714209.957173219]: unknown code![0m
[0m[ INFO] [1599714210.017185746]: unknown code![0m
[0m[ INFO] [1599714210.436957997]: unknown code![0m
[0m[ INFO] [1599714211.996235857]: unknown code![0m
[0m[ INFO] [1599714213.195954168]: unknown code![0m
[0m[ INFO] [1599714213.256017831]: unknown code![0m
[0m[ INFO] [1599714213.316029121]: unknown code![0m
[0m[ INFO] [1599714213.376013639]: unknown code![0m
[0m[ INFO] [1599714214.756716691]: unknown code![0m
[0m[ INFO] [1599714214.816642730]: unknown code![0m
[0m[ INFO] [1599714214.816913372]: unknown code![0m
[0m[ INFO] [1599714215.776961719]: unknown code![0m
[0m[ INFO] [1599714217.157414729]: unknown code![0m
[0m[ INFO] [1599714217.337432106]: unknown code![0m
[0m[ INFO] [1599714217.397494977]: unknown code![0m
[0m[ INFO] [1599714217.697632535]: unknown code![0m
[0m[ INFO] [1599714218.177753819]: unknown code![0m
[0m[ INFO] [1599714218.357779697]: unknown code![0m
[0m[ INFO] [1599714218.467905313]: LIM_CODE_HBACK[0m
[0m[ INFO] [1599714218.767834376]: unknown code![0m
[0m[ INFO] [1599714219.007925540]: unknown code![0m
[0m[ INFO] [1599714220.028220107]: unknown code![0m
[0m[ INFO] [1599714220.088306046]: unknown code![0m
[0m[ INFO] [1599714220.268313528]: unknown code![0m
[0m[ INFO] [1599714220.268594011]: unknown code![0m
[0m[ INFO] [1599714220.748519337]: unknown code![0m
[0m[ INFO] [1599714220.748615132]: unknown code![0m
[0m[ INFO] [1599714220.868421028]: unknown code![0m
[0m[ INFO] [1599714222.728904727]: unknown code![0m
[0m[ INFO] [1599714224.709344466]: unknown code![0m
[0m[ INFO] [1599714224.769471649]: unknown code![0m
[0m[ INFO] [1599714226.269561881]: unknown code![0m
[0m[ INFO] [1599714226.329697142]: unknown code![0m
[0m[ INFO] [1599714233.470497654]: unknown code![0m
[0m[ INFO] [1599714233.530587274]: unknown code![0m
[0m[ INFO] [1599714233.590482017]: unknown code![0m
[0m[ INFO] [1599714233.650544650]: unknown code![0m
[0m[ INFO] [1599714233.710505851]: unknown code![0m
[0m[ INFO] [1599714235.690884014]: unknown code![0m
[0m[ INFO] [1599714235.750630014]: unknown code![0m
[0m[ INFO] [1599714237.310989788]: unknown code![0m
[0m[ INFO] [1599714237.370723725]: unknown code![0m
[0m[ INFO] [1599714239.290916687]: unknown code![0m
[0m[ INFO] [1599714242.290819234]: unknown code![0m
[0m[ INFO] [1599714242.350822224]: unknown code![0m
[0m[ INFO] [1599714245.230838499]: unknown code![0m
[0m[ INFO] [1599714245.290825708]: unknown code![0m
[0m[ INFO] [1599714245.350833845]: unknown code![0m
[0m[ INFO] [1599714245.410802959]: unknown code![0m
[0m[ INFO] [1599714245.531047391]: unknown code![0m
[0m[ INFO] [1599714245.590839722]: unknown code![0m
[0m[ INFO] [1599714246.430748176]: unknown code![0m
[0m[ INFO] [1599714246.550993126]: unknown code![0m
[0m[ INFO] [1599714246.730921843]: unknown code![0m
[0m[ INFO] [1599714246.850718899]: unknown code![0m
[0m[ INFO] [1599714247.090825094]: unknown code![0m
[0m[ INFO] [1599714247.390827712]: unknown code![0m
[0m[ INFO] [1599714251.230548487]: unknown code![0m
[0m[ INFO] [1599714251.230720399]: unknown code![0m
[0m[ INFO] [1599714251.350529915]: unknown code![0m
[0m[ INFO] [1599714251.350870713]: unknown code![0m
[0m[ INFO] [1599714251.590528416]: unknown code![0m
[0m[ INFO] [1599714251.650534745]: unknown code![0m
[0m[ INFO] [1599714251.830845495]: unknown code![0m
[0m[ INFO] [1599714251.831117609]: unknown code![0m
[0m[ INFO] [1599714253.090587814]: unknown code![0m
[0m[ INFO] [1599714253.270376105]: unknown code![0m
[0m[ INFO] [1599714254.530282738]: unknown code![0m
[0m[ INFO] [1599714255.010251452]: unknown code![0m
[0m[ INFO] [1599714255.070260776]: unknown code![0m
[0m[ INFO] [1599714255.130477953]: unknown code![0m
[0m[ INFO] [1599714255.190268612]: unknown code![0m
[0m[ INFO] [1599714256.090190292]: unknown code![0m
[0m[ INFO] [1599714256.690419454]: unknown code![0m
[0m[ INFO] [1599714256.750237561]: unknown code![0m
[0m[ INFO] [1599714256.750571653]: unknown code![0m
[0m[ INFO] [1599714256.755369749]: unknown code![0m
[0m[ INFO] [1599714256.789455086]: Packetless[0m
[0m[ INFO] [1599714256.800178288]: LIM_CODE_HBACK[0m
[0m[ INFO] [1599714258.059990190]: unknown code![0m
[0m[ INFO] [1599714258.479923024]: unknown code![0m
[0m[ INFO] [1599714258.659956092]: unknown code![0m
[0m[ INFO] [1599714260.579676504]: unknown code![0m
[0m[ INFO] [1599714277.917223351]: unknown code![0m
[0m[ INFO] [1599714277.977148358]: unknown code![0m
[0m[ INFO] [1599714277.977461355]: unknown code![0m
[0m[ INFO] [1599714279.117085397]: unknown code![0m
[0m[ INFO] [1599714280.616761009]: unknown code![0m
[0m[ INFO] [1599714281.876396529]: unknown code![0m
[0m[ INFO] [1599714285.895676378]: unknown code![0m
[0m[ INFO] [1599714285.955620692]: unknown code![0m
[0m[ INFO] [1599714286.135611032]: unknown code![0m
[0m[ INFO] [1599714286.195600003]: unknown code![0m
[0m[ INFO] [1599714286.495683235]: unknown code![0m
[0m[ INFO] [1599714286.496373130]: unknown code![0m
[0m[ INFO] [1599714286.855413619]: unknown code![0m
[0m[ INFO] [1599714287.755312049]: unknown code![0m
[0m[ INFO] [1599714291.654489015]: unknown code![0m
[0m[ INFO] [1599714291.714601174]: unknown code![0m
[0m[ INFO] [1599714291.714718241]: unknown code![0m
[0m[ INFO] [1599714291.774439835]: unknown code![0m
[0m[ INFO] [1599714292.074434060]: unknown code![0m
[0m[ INFO] [1599714292.674267801]: unknown code![0m
[0m[ INFO] [1599714295.553662685]: unknown code![0m
[0m[ INFO] [1599714295.793605155]: unknown code![0m
[0m[ INFO] [1599714296.203588742]: LIM_CODE_HBACK[0m
[0m[ INFO] [1599714296.323524040]: unknown code![0m
[0m[ INFO] [1599714296.383719347]: unknown code![0m
[0m[ INFO] [1599714296.383868540]: unknown code![0m
[0m[ INFO] [1599714296.563454359]: unknown code![0m
[0m[ INFO] [1599714296.743456718]: unknown code![0m
[0m[ INFO] [1599714297.283309064]: unknown code![0m
[0m[ INFO] [1599714298.063135364]: unknown code![0m
[0m[ INFO] [1599714299.382895653]: unknown code![0m
[0m[ INFO] [1599714301.602342853]: unknown code![0m
[0m[ INFO] [1599714301.662356633]: unknown code![0m
[0m[ INFO] [1599714302.802123218]: unknown code![0m
[0m[ INFO] [1599714302.862227570]: unknown code![0m
[0m[ INFO] [1599714303.642024875]: unknown code![0m
[0m[ INFO] [1599714303.941842447]: unknown code![0m
[0m[ INFO] [1599714304.361825849]: unknown code![0m
[0m[ INFO] [1599714304.661697146]: unknown code![0m
[0m[ INFO] [1599714305.081581240]: unknown code![0m
[0m[ INFO] [1599714305.441531671]: unknown code![0m
[0m[ INFO] [1599714306.521267813]: unknown code![0m
[0m[ INFO] [1599714306.761248714]: unknown code![0m
[0m[ INFO] [1599714307.601062472]: unknown code![0m
[0m[ INFO] [1599714309.520606095]: unknown code![0m
[0m[ INFO] [1599714319.718251611]: unknown code![0m
[0m[ INFO] [1599714319.778172350]: unknown code![0m
[0m[ INFO] [1599714319.898140766]: unknown code![0m
[0m[ INFO] [1599714319.958183827]: unknown code![0m
[0m[ INFO] [1599714321.517821957]: unknown code![0m
[0m[ INFO] [1599714321.877695473]: unknown code![0m
[0m[ INFO] [1599714321.937638954]: unknown code![0m
[0m[ INFO] [1599714323.677255429]: unknown code![0m
[0m[ INFO] [1599714323.857228630]: unknown code![0m
[0m[ INFO] [1599714323.917269314]: unknown code![0m
[0m[ INFO] [1599714323.917444363]: unknown code![0m
[0m[ INFO] [1599714323.977267121]: unknown code![0m
[0m[ INFO] [1599714324.037184050]: unknown code![0m
[0m[ INFO] [1599714325.656857873]: unknown code![0m
[0m[ INFO] [1599714335.304803923]: LIM_CODE_HBACK[0m
[0m[ INFO] [1599714335.364418281]: unknown code![0m
[0m[ INFO] [1599714335.364635605]: unknown code![0m
[0m[ INFO] [1599714337.583906271]: unknown code![0m
[0m[ INFO] [1599714337.643924834]: unknown code![0m
[0m[ INFO] [1599714337.644088344]: unknown code![0m
[0m[ INFO] [1599714337.649050036]: unknown code![0m
[0m[ INFO] [1599714340.823100924]: unknown code![0m
[0m[ INFO] [1599714340.883092614]: unknown code![0m
[0m[ INFO] [1599714342.923532231]: unknown code![0m
[0m[ INFO] [1599714342.983668552]: unknown code![0m
[0m[ INFO] [1599714343.223785544]: unknown code![0m
[0m[ INFO] [1599714345.024135356]: unknown code![0m
[0m[ INFO] [1599714361.827315580]: unknown code![0m
[0m[ INFO] [1599714361.887353654]: unknown code![0m
[0m[ INFO] [1599714363.207533744]: unknown code![0m
[0m[ INFO] [1599714363.267595590]: unknown code![0m
[0m[ INFO] [1599714363.987677989]: unknown code![0m
[0m[ INFO] [1599714363.988030698]: unknown code![0m
[0m[ INFO] [1599714365.667909845]: unknown code![0m
[0m[ INFO] [1599714366.027882000]: unknown code![0m
[0m[ INFO] [1599714368.248122944]: unknown code![0m
[0m[ INFO] [1599714369.448298597]: unknown code![0m
[0m[ INFO] [1599714369.808351151]: unknown code![0m
[0m[ INFO] [1599714370.348385206]: unknown code![0m
[0m[ INFO] [1599714374.958882316]: LIM_CODE_HBACK[0m
[0m[ INFO] [1599714376.338914511]: unknown code![0m
[0m[ INFO] [1599714376.398859967]: unknown code![0m
[0m[ INFO] [1599714376.878945610]: unknown code![0m
[0m[ INFO] [1599714376.938960189]: unknown code![0m
[0m[ INFO] [1599714377.599009169]: unknown code![0m
[0m[ INFO] [1599714377.659114272]: unknown code![0m
[0m[ INFO] [1599714381.679244965]: unknown code![0m
[0m[ INFO] [1599714381.739241892]: unknown code![0m
[0m[ INFO] [1599714382.579224789]: unknown code![0m
[0m[ INFO] [1599714382.819263571]: unknown code![0m
[0m[ INFO] [1599714383.959331544]: unknown code![0m
[0m[ INFO] [1599714385.159430658]: unknown code![0m
[0m[ INFO] [1599714385.639378898]: unknown code![0m
[0m[ INFO] [1599714386.719482702]: unknown code![0m
[0m[ INFO] [1599714386.779517160]: unknown code![0m
[0m[ INFO] [1599714386.959487785]: unknown code![0m
[0m[ INFO] [1599714387.019457511]: unknown code![0m
[0m[ INFO] [1599714387.199482830]: unknown code![0m
[0m[ INFO] [1599714387.259431339]: unknown code![0m
[0m[ INFO] [1599714401.359497723]: unknown code![0m
[0m[ INFO] [1599714401.419898814]: unknown code![0m
[0m[ INFO] [1599714401.539664744]: unknown code![0m
[0m[ INFO] [1599714401.599561906]: unknown code![0m
[0m[ INFO] [1599714412.039215165]: unknown code![0m
[0m[ INFO] [1599714412.099364766]: unknown code![0m
[0m[ INFO] [1599714413.839106701]: unknown code![0m
[0m[ INFO] [1599714414.139092758]: unknown code![0m
[0m[ INFO] [1599714414.429221515]: LIM_CODE_HBACK[0m
[0m[ INFO] [1599714418.568874825]: unknown code![0m
[0m[ INFO] [1599714418.628855255]: unknown code![0m
[0m[ INFO] [1599714420.848732348]: unknown code![0m
[0m[ INFO] [1599714420.910036671]: unknown code![0m
[0m[ INFO] [1599714420.937562094]: unknown code![0m
[0m[ INFO] [1599714420.978618812]: Packetless[0m
[0m[ INFO] [1599714422.948565892]: unknown code![0m
[0m[ INFO] [1599714448.806286952]: unknown code![0m
[0m[ INFO] [1599714448.866158900]: unknown code![0m
[0m[ INFO] [1599714451.146009800]: unknown code![0m
[0m[ INFO] [1599714451.205879294]: unknown code![0m
[0m[ INFO] [1599714454.675629105]: LIM_CODE_HBACK[0m
[0m[ INFO] [1599714454.855455556]: unknown code![0m
[0m[ INFO] [1599714454.915529471]: unknown code![0m
[0m[ INFO] [1599714455.035470333]: unknown code![0m
[0m[ INFO] [1599714455.095676648]: unknown code![0m
[0m[ INFO] [1599714455.095825244]: unknown code![0m
[0m[ INFO] [1599714455.155491408]: unknown code![0m
[0m[ INFO] [1599714456.295288576]: unknown code![0m
[0m[ INFO] [1599714456.655233054]: unknown code![0m
[0m[ INFO] [1599714456.775221964]: unknown code![0m
[0m[ INFO] [1599714456.895299232]: unknown code![0m
[0m[ INFO] [1599714457.495170657]: unknown code![0m
[0m[ INFO] [1599714457.555166400]: unknown code![0m
[0m[ INFO] [1599714457.975181818]: unknown code![0m
[0m[ INFO] [1599714458.275032192]: unknown code![0m
[0m[ INFO] [1599714458.515003598]: unknown code![0m
[0m[ INFO] [1599714458.575019725]: unknown code![0m
[0m[ INFO] [1599714459.354885105]: unknown code![0m
[0m[ INFO] [1599714460.434794903]: unknown code![0m
[0m[ INFO] [1599714484.851383654]: unknown code![0m
[0m[ INFO] [1599714484.911380876]: unknown code![0m
[0m[ INFO] [1599714488.810796377]: unknown code![0m
[0m[ INFO] [1599714488.870815468]: unknown code![0m
[0m[ INFO] [1599714494.320019970]: LIM_CODE_HBACK[0m
[0m[ INFO] [1599714510.037311389]: unknown code![0m
[0m[ INFO] [1599714510.097542057]: unknown code![0m
[0m[ INFO] [1599714511.537055709]: unknown code![0m
[0m[ INFO] [1599714512.137035756]: unknown code![0m
[0m[ INFO] [1599714514.416619988]: unknown code![0m
[0m[ INFO] [1599714514.476646818]: unknown code![0m
[0m[ INFO] [1599714516.876213706]: unknown code![0m
[0m[ INFO] [1599714516.876488545]: unknown code![0m
[0m[ INFO] [1599714534.623157533]: LIM_CODE_HBACK[0m
[0m[ INFO] [1599714560.058467996]: unknown code![0m
[0m[ INFO] [1599714560.118489771]: unknown code![0m
[0m[ INFO] [1599714560.238463914]: unknown code![0m
[0m[ INFO] [1599714560.298403893]: unknown code![0m
[0m[ INFO] [1599714560.478422945]: unknown code![0m
[0m[ INFO] [1599714560.538355040]: unknown code![0m
[0m[ INFO] [1599714574.575746076]: unknown code![0m
[0m[ INFO] [1599714574.635704749]: unknown code![0m
[0m[ INFO] [1599714574.866052458]: LIM_CODE_HBACK[0m
[0m[ INFO] [1599714576.065482785]: unknown code![0m
[0m[ INFO] [1599714576.125599623]: unknown code![0m
[0m[ INFO] [1599714576.185503715]: unknown code![0m
[0m[ INFO] [1599714576.245434418]: unknown code![0m
[0m[ INFO] [1599714582.964129208]: unknown code![0m
[0m[ INFO] [1599714583.024152863]: unknown code![0m
[0m[ INFO] [1599714587.103377825]: unknown code![0m
[0m[ INFO] [1599714587.163449847]: unknown code![0m
[0m[ INFO] [1599714587.163627167]: unknown code![0m
[0m[ INFO] [1599714587.168560990]: unknown code![0m
[0m[ INFO] [1599714587.188784288]: unknown code![0m
[0m[ INFO] [1599714587.229400791]: Packetless[0m
[0m[ INFO] [1599714589.202937875]: unknown code![0m
[0m[ INFO] [1599714589.562871191]: unknown code![0m
[0m[ INFO] [1599714589.622893609]: unknown code![0m
[0m[ INFO] [1599714589.682872775]: unknown code![0m
[0m[ INFO] [1599714590.882734684]: unknown code![0m
[0m[ INFO] [1599714614.934840741]: LIM_CODE_HBACK[0m
[0m[ INFO] [1599714634.857136724]: unknown code![0m
[0m[ INFO] [1599714634.917207274]: unknown code![0m
[0m[ INFO] [1599714635.097247151]: unknown code![0m
[0m[ INFO] [1599714635.097502314]: unknown code![0m
[0m[ INFO] [1599714638.457509388]: unknown code![0m
[0m[ INFO] [1599714638.517589432]: unknown code![0m
[0m[ INFO] [1599714646.978278750]: unknown code![0m
[0m[ INFO] [1599714647.038334743]: unknown code![0m
[0m[ INFO] [1599714651.478802386]: unknown code![0m
[0m[ INFO] [1599714651.538831856]: unknown code![0m
[0m[ INFO] [1599714651.838713173]: unknown code![0m
[0m[ INFO] [1599714651.958739862]: unknown code![0m
[0m[ INFO] [1599714652.018660868]: unknown code![0m
[0m[ INFO] [1599714652.378751100]: unknown code![0m
[0m[ INFO] [1599714652.678772708]: unknown code![0m
[0m[ INFO] [1599714653.158881843]: unknown code![0m
[0m[ INFO] [1599714654.829024315]: LIM_CODE_HBACK[0m
[0m[ INFO] [1599714665.629552543]: unknown code![0m
[0m[ INFO] [1599714665.689541409]: unknown code![0m
[0m[ INFO] [1599714665.809563642]: unknown code![0m
[0m[ INFO] [1599714665.869519576]: unknown code![0m
[0m[ INFO] [1599714666.349555759]: unknown code![0m
[0m[ INFO] [1599714666.589593377]: unknown code![0m
[0m[ INFO] [1599714667.549663906]: unknown code![0m
[0m[ INFO] [1599714667.609631557]: unknown code![0m
[0m[ INFO] [1599714667.669657348]: unknown code![0m
[0m[ INFO] [1599714669.409698027]: unknown code![0m
[0m[ INFO] [1599714669.589747310]: unknown code![0m
[0m[ INFO] [1599714669.649711881]: unknown code![0m
[0m[ INFO] [1599714669.709752587]: unknown code![0m
[0m[ INFO] [1599714669.769796213]: unknown code![0m
[0m[ INFO] [1599714694.900571066]: LIM_CODE_HBACK[0m
[0m[ INFO] [1599714702.040402363]: unknown code![0m
[0m[ INFO] [1599714702.040583769]: unknown code![0m
[0m[ INFO] [1599714702.220431716]: unknown code![0m
[0m[ INFO] [1599714702.280430786]: unknown code![0m
[0m[ INFO] [1599714702.280585467]: unknown code![0m
[0m[ INFO] [1599714702.340420209]: unknown code![0m
[0m[ INFO] [1599714710.380328527]: unknown code![0m
[0m[ INFO] [1599714710.440327851]: unknown code![0m
[0m[ INFO] [1599714711.100403090]: unknown code![0m
[0m[ INFO] [1599714711.940331151]: unknown code![0m
[0m[ INFO] [1599714712.060302000]: unknown code![0m
[0m[ INFO] [1599714712.180367874]: unknown code![0m
[0m[ INFO] [1599714712.240432879]: unknown code![0m
[0m[ INFO] [1599714712.240626231]: unknown code![0m
[0m[ INFO] [1599714712.245530793]: unknown code![0m
[0m[ INFO] [1599714712.262141144]: unknown code![0m
[0m[ INFO] [1599714712.303014833]: unknown code![0m
[0m[ INFO] [1599714712.342677929]: Packetless[0m
[0m[ INFO] [1599714712.480602083]: unknown code![0m
[0m[ INFO] [1599714713.080297774]: unknown code![0m
[0m[ INFO] [1599714713.980258529]: unknown code![0m
[0m[ INFO] [1599714714.040333069]: unknown code![0m
[0m[ INFO] [1599714715.120541359]: unknown code![0m
[0m[ INFO] [1599714715.120659810]: unknown code![0m
[0m[ INFO] [1599714716.260253549]: unknown code![0m
[0m[ INFO] [1599714717.160234470]: unknown code![0m
[0m[ INFO] [1599714718.840221685]: unknown code![0m
[0m[ INFO] [1599714718.900173141]: unknown code![0m
[0m[ INFO] [1599714720.700204890]: unknown code![0m
[0m[ INFO] [1599714720.880185926]: unknown code![0m
[0m[ INFO] [1599714722.320213393]: unknown code![0m
[0m[ INFO] [1599714722.320319015]: unknown code![0m
[0m[ INFO] [1599714726.820019170]: unknown code![0m
[0m[ INFO] [1599714726.880076587]: unknown code![0m
[0m[ INFO] [1599714727.540033125]: unknown code![0m
[0m[ INFO] [1599714728.920031157]: unknown code![0m
[0m[ INFO] [1599714729.759967190]: unknown code![0m
[0m[ INFO] [1599714729.879935852]: unknown code![0m
[0m[ INFO] [1599714731.379873954]: unknown code![0m
[0m[ INFO] [1599714731.439858449]: unknown code![0m
[0m[ INFO] [1599714731.679902963]: unknown code![0m
[0m[ INFO] [1599714732.639842917]: unknown code![0m
[0m[ INFO] [1599714732.699828344]: unknown code![0m
[0m[ INFO] [1599714732.759897220]: unknown code![0m
[0m[ INFO] [1599714732.819916225]: unknown code![0m
[0m[ INFO] [1599714732.820027303]: unknown code![0m
[0m[ INFO] [1599714732.879867935]: unknown code![0m
[0m[ INFO] [1599714733.710092454]: LIM_CODE_HBACK[0m
[0m[ INFO] [1599714734.549773050]: unknown code![0m
[0m[ INFO] [1599714740.910088401]: unknown code![0m
[0m[ INFO] [1599714740.969580800]: unknown code![0m
[0m[ INFO] [1599714741.269523998]: unknown code![0m
[0m[ INFO] [1599714741.329519980]: unknown code![0m
[0m[ INFO] [1599714742.229494792]: unknown code![0m
[0m[ INFO] [1599714742.289746098]: unknown code![0m
[0m[ INFO] [1599714758.908736588]: unknown code![0m
[0m[ INFO] [1599714758.908942728]: unknown code![0m
[0m[ INFO] [1599714759.508695681]: unknown code![0m
[0m[ INFO] [1599714759.508930558]: unknown code![0m
[0m[ INFO] [1599714759.513873468]: unknown code![0m
[0m[ INFO] [1599714759.628624847]: unknown code![0m
[0m[ INFO] [1599714759.628797001]: unknown code![0m
[0m[ INFO] [1599714760.048546656]: unknown code![0m
[0m[ INFO] [1599714760.108775121]: unknown code![0m
[0m[ INFO] [1599714760.168540087]: unknown code![0m
[0m[ INFO] [1599714761.188508110]: unknown code![0m
[0m[ INFO] [1599714761.308485097]: unknown code![0m
[0m[ INFO] [1599714771.747839454]: unknown code![0m
[0m[ INFO] [1599714771.807851490]: unknown code![0m
[0m[ INFO] [1599714771.808065529]: unknown code![0m
[0m[ INFO] [1599714771.867889939]: unknown code![0m
[0m[ INFO] [1599714771.868085821]: unknown code![0m
[0m[ INFO] [1599714773.298120946]: LIM_CODE_HBACK[0m
[0m[ INFO] [1599714773.537721977]: unknown code![0m
[0m[ INFO] [1599714773.597707462]: unknown code![0m
[0m[ INFO] [1599714773.837689795]: unknown code![0m
[0m[ INFO] [1599714775.697578473]: unknown code![0m
[0m[ INFO] [1599714775.757620843]: unknown code![0m
[0m[ INFO] [1599714778.217396179]: unknown code![0m
[0m[ INFO] [1599714778.277429967]: unknown code![0m
[0m[ INFO] [1599714778.877360515]: unknown code![0m
[0m[ INFO] [1599714778.937409738]: unknown code![0m
[0m[ INFO] [1599714780.017416718]: unknown code![0m
[0m[ INFO] [1599714780.437229702]: unknown code![0m
[0m[ INFO] [1599714781.277161752]: unknown code![0m
[0m[ INFO] [1599714781.337190058]: unknown code![0m
[0m[ INFO] [1599714781.397140360]: unknown code![0m
[0m[ INFO] [1599714782.717082259]: unknown code![0m
[0m[ INFO] [1599714793.396208680]: unknown code![0m
[0m[ INFO] [1599714793.456262239]: unknown code![0m
[0m[ INFO] [1599714810.254795068]: unknown code![0m
[0m[ INFO] [1599714810.314757100]: unknown code![0m
[0m[ INFO] [1599714810.974740212]: unknown code![0m
[0m[ INFO] [1599714811.034880449]: unknown code![0m
[0m[ INFO] [1599714812.174634898]: unknown code![0m
[0m[ INFO] [1599714813.064674639]: LIM_CODE_HBACK[0m
[0m[ INFO] [1599714813.066476914]: unknown code![0m
[0m[ INFO] [1599714813.724591426]: unknown code![0m
[0m[ INFO] [1599714813.724710169]: unknown code![0m
[0m[ INFO] [1599714814.804395812]: unknown code![0m
[0m[ INFO] [1599714815.704340125]: unknown code![0m
[0m[ INFO] [1599714817.744320534]: unknown code![0m
[0m[ INFO] [1599714818.044062937]: unknown code![0m
[0m[ INFO] [1599714818.643987433]: unknown code![0m
[0m[ INFO] [1599714818.704484437]: unknown code![0m
[0m[ INFO] [1599714818.764009129]: unknown code![0m
[0m[ INFO] [1599714818.884055720]: unknown code![0m
[0m[ INFO] [1599714820.203890474]: unknown code![0m
[0m[ INFO] [1599714820.683812038]: unknown code![0m
[0m[ INFO] [1599714825.243385338]: unknown code![0m
[0m[ INFO] [1599714825.303479044]: unknown code![0m
[0m[ INFO] [1599714825.483387613]: unknown code![0m
[0m[ INFO] [1599714827.283154371]: unknown code![0m
[0m[ INFO] [1599714832.202669670]: unknown code![0m
[0m[ INFO] [1599714832.262735846]: unknown code![0m
[0m[ INFO] [1599714834.662622714]: unknown code![0m
[0m[ INFO] [1599714834.722493646]: unknown code![0m
[0m[ INFO] [1599714836.462254262]: unknown code![0m
[0m[ INFO] [1599714836.522285633]: unknown code![0m
[0m[ INFO] [1599714840.601817921]: unknown code![0m
[0m[ INFO] [1599714840.661805193]: unknown code![0m
[0m[ INFO] [1599714840.841847377]: unknown code![0m
[0m[ INFO] [1599714840.901790018]: unknown code![0m
[0m[ INFO] [1599714841.381850181]: unknown code![0m
[0m[ INFO] [1599714841.441812551]: unknown code![0m
[0m[ INFO] [1599714843.901494620]: unknown code![0m
[0m[ INFO] [1599714843.961502806]: unknown code![0m
[0m[ INFO] [1599714844.081563465]: unknown code![0m
[0m[ INFO] [1599714844.861419063]: unknown code![0m
[0m[ INFO] [1599714850.680807931]: unknown code![0m
[0m[ INFO] [1599714850.741024060]: unknown code![0m
[0m[ INFO] [1599714851.280789015]: unknown code![0m
[0m[ INFO] [1599714851.340704153]: unknown code![0m
[0m[ INFO] [1599714852.170721264]: LIM_CODE_HBACK[0m
[0m[ INFO] [1599714852.470563371]: unknown code![0m
[0m[ INFO] [1599714852.530618202]: unknown code![0m
[0m[ INFO] [1599714855.350300099]: unknown code![0m
[0m[ INFO] [1599714855.410242903]: unknown code![0m
[0m[ INFO] [1599714855.770330519]: unknown code![0m
[0m[ INFO] [1599714855.770480845]: unknown code![0m
[0m[ INFO] [1599714855.775469748]: unknown code![0m
[0m[ INFO] [1599714855.830246210]: unknown code![0m
[0m[ INFO] [1599714863.389583540]: unknown code![0m
[0m[ INFO] [1599714863.449422285]: unknown code![0m
[0m[ INFO] [1599714864.289247972]: unknown code![0m
[0m[ INFO] [1599714864.769225785]: unknown code![0m
[0m[ INFO] [1599714864.769405716]: unknown code![0m
[0m[ INFO] [1599714865.069201723]: unknown code![0m
[0m[ INFO] [1599714865.129177890]: unknown code![0m
[0m[ INFO] [1599714865.789095980]: unknown code![0m
[0m[ INFO] [1599714867.168907453]: unknown code![0m
[0m[ INFO] [1599714869.148790577]: unknown code![0m
[0m[ INFO] [1599714870.588564123]: unknown code![0m
[0m[ INFO] [1599714870.648568063]: unknown code![0m
[0m[ INFO] [1599714870.708532187]: unknown code![0m
[0m[ INFO] [1599714871.008542344]: unknown code![0m
[0m[ INFO] [1599714880.967342928]: unknown code![0m
[0m[ INFO] [1599714881.027387666]: unknown code![0m
[0m[ INFO] [1599714884.626910104]: unknown code![0m
[0m[ INFO] [1599714884.686904966]: unknown code![0m
[0m[ INFO] [1599714887.746556833]: unknown code![0m
[0m[ INFO] [1599714887.806756133]: unknown code![0m
[0m[ INFO] [1599714887.807038367]: unknown code![0m
[0m[ INFO] [1599714887.811884767]: unknown code![0m
[0m[ INFO] [1599714887.866543780]: unknown code![0m
[0m[ INFO] [1599714887.926565965]: unknown code![0m
[0m[ INFO] [1599714888.406426148]: unknown code![0m
[0m[ INFO] [1599714889.606333734]: unknown code![0m
[0m[ INFO] [1599714889.906332850]: unknown code![0m
[0m[ INFO] [1599714889.966259386]: unknown code![0m
[0m[ INFO] [1599714891.336204002]: LIM_CODE_HBACK[0m
[0m[ INFO] [1599714891.936098733]: unknown code![0m
[0m[ INFO] [1599714891.995990568]: unknown code![0m
[0m[ INFO] [1599714893.375850704]: unknown code![0m
[0m[ INFO] [1599714894.035792233]: unknown code![0m
[0m[ INFO] [1599714895.355604890]: unknown code![0m
[0m[ INFO] [1599714895.415597349]: unknown code![0m
[0m[ INFO] [1599714897.455323350]: unknown code![0m
[0m[ INFO] [1599714897.515389003]: unknown code![0m
[0m[ INFO] [1599714897.935289860]: unknown code![0m
[0m[ INFO] [1599714898.055270610]: unknown code![0m
[0m[ INFO] [1599714898.655181903]: unknown code![0m
[0m[ INFO] [1599714899.735122561]: unknown code![0m
[0m[ INFO] [1599714900.875000999]: unknown code![0m
[0m[ INFO] [1599714900.935009869]: unknown code![0m
[0m[ INFO] [1599714902.554724246]: unknown code![0m
[0m[ INFO] [1599714902.614760807]: unknown code![0m
[0m[ INFO] [1599714904.234489246]: unknown code![0m
[0m[ INFO] [1599714904.294512356]: unknown code![0m
[0m[ INFO] [1599714908.853915894]: unknown code![0m
[0m[ INFO] [1599714908.914047623]: unknown code![0m
[0m[ INFO] [1599714909.153909780]: unknown code![0m
[0m[ INFO] [1599714909.573874907]: unknown code![0m
[0m[ INFO] [1599714910.893781888]: unknown code![0m
[0m[ INFO] [1599714919.172639936]: unknown code![0m
[0m[ INFO] [1599714919.172814354]: unknown code![0m
[0m[ INFO] [1599714921.692515028]: unknown code![0m
[0m[ INFO] [1599714921.752355970]: unknown code![0m
[0m[ INFO] [1599714922.052215838]: unknown code![0m
[0m[ INFO] [1599714922.412184594]: unknown code![0m
[0m[ INFO] [1599714922.532159549]: unknown code![0m
[0m[ INFO] [1599714923.492184122]: unknown code![0m
[0m[ INFO] [1599714924.212231143]: unknown code![0m
[0m[ INFO] [1599714924.212405736]: unknown code![0m
[0m[ INFO] [1599714930.561371355]: LIM_CODE_HBACK[0m
[0m[ INFO] [1599714937.280317357]: unknown code![0m
[0m[ INFO] [1599714937.340258299]: unknown code![0m
[0m[ INFO] [1599714965.716453744]: unknown code![0m
[0m[ INFO] [1599714965.776465581]: unknown code![0m
[0m[ INFO] [1599714966.196390653]: unknown code![0m
[0m[ INFO] [1599714966.256336646]: unknown code![0m
[0m[ INFO] [1599714966.376381163]: unknown code![0m
[0m[ INFO] [1599714966.376721700]: unknown code![0m
[0m[ INFO] [1599714966.436360226]: unknown code![0m
[0m[ INFO] [1599714966.736381300]: unknown code![0m
[0m[ INFO] [1599714967.876376440]: unknown code![0m
[0m[ INFO] [1599714967.936297634]: unknown code![0m
[0m[ INFO] [1599714970.626047088]: LIM_CODE_HBACK[0m
[0m[ INFO] [1599714975.485132530]: unknown code![0m
[0m[ INFO] [1599714975.545172243]: unknown code![0m
[0m[ INFO] [1599714975.545388232]: unknown code![0m
[0m[ INFO] [1599714975.605104778]: unknown code![0m
[0m[ INFO] [1599714975.725111347]: unknown code![0m
[0m[ INFO] [1599714976.324977829]: unknown code![0m
[0m[ INFO] [1599714977.284934006]: unknown code![0m
[0m[ INFO] [1599714977.524822645]: unknown code![0m
[0m[ INFO] [1599714977.764819597]: unknown code![0m
[0m[ INFO] [1599714977.824750213]: unknown code![0m
[0m[ INFO] [1599714979.324615046]: unknown code![0m
[0m[ INFO] [1599714979.324784253]: unknown code![0m
[0m[ INFO] [1599715010.690508577]: LIM_CODE_HBACK[0m
[0m[ INFO] [1599715051.174364344]: LIM_CODE_HBACK[0m
[0m[ INFO] [1599715091.658427678]: LIM_CODE_HBACK[0m
[0m[ INFO] [1599715132.169209119]: LIM_CODE_HBACK[0m
[0m[ INFO] [1599715172.692527755]: LIM_CODE_HBACK[0m
[33m[ WARN] [1599715210.456212827]: Shutdown request received.[0m
[33m[ WARN] [1599715210.456233920]: Reason given for shutdown: [user request][0m
