[0m[ INFO] [1599714098.267333641]: to link... 192.168.13.103:2112[0m
[0m[ INFO] [1599714098.268188490]: Connect Success[0m
[0m[ INFO] [1599714098.335924640]: LIM_CODE_HBACK[0m
[0m[ INFO] [1599714104.829460703]: unknown code![0m
[0m[ INFO] [1599714104.889532997]: unknown code![0m
[0m[ INFO] [1599714106.271948035]: unknown code![0m
[0m[ INFO] [1599714106.392158091]: unknown code![0m
[0m[ INFO] [1599714106.812804139]: unknown code![0m
[0m[ INFO] [1599714111.619840697]: unknown code![0m
[0m[ INFO] [1599714111.619999578]: unknown code![0m
[0m[ INFO] [1599714112.641103344]: unknown code![0m
[0m[ INFO] [1599714113.602226839]: unknown code![0m
[0m[ INFO] [1599714113.722449527]: unknown code![0m
[0m[ INFO] [1599714115.704690699]: unknown code![0m
[0m[ INFO] [1599714134.559837449]: unknown code![0m
[0m[ INFO] [1599714134.619904144]: unknown code![0m
[0m[ INFO] [1599714134.620237373]: unknown code![0m
[0m[ INFO] [1599714134.679860966]: unknown code![0m
[0m[ INFO] [1599714134.920060173]: unknown code![0m
[0m[ INFO] [1599714134.980132162]: unknown code![0m
[0m[ INFO] [1599714135.460335964]: unknown code![0m
[0m[ INFO] [1599714135.640443346]: unknown code![0m
[0m[ INFO] [1599714135.700644801]: unknown code![0m
[0m[ INFO] [1599714136.300911668]: unknown code![0m
[0m[ INFO] [1599714136.301070356]: unknown code![0m
[0m[ INFO] [1599714136.360957106]: unknown code![0m
[0m[ INFO] [1599714137.731896917]: LIM_CODE_HBACK[0m
[0m[ INFO] [1599714139.712780118]: unknown code![0m
[0m[ INFO] [1599714139.772991454]: unknown code![0m
[0m[ INFO] [1599714139.952931474]: unknown code![0m
[0m[ INFO] [1599714140.193068111]: unknown code![0m
[0m[ INFO] [1599714140.613326062]: unknown code![0m
[0m[ INFO] [1599714141.633903381]: unknown code![0m
[0m[ INFO] [1599714141.934064466]: unknown code![0m
[0m[ INFO] [1599714165.092466094]: unknown code![0m
[0m[ INFO] [1599714165.092644410]: unknown code![0m
[0m[ INFO] [1599714165.391837377]: unknown code![0m
[0m[ INFO] [1599714165.451829733]: unknown code![0m
[0m[ INFO] [1599714165.751136210]: unknown code![0m
[0m[ INFO] [1599714165.810934475]: unknown code![0m
[0m[ INFO] [1599714166.828801939]: unknown code![0m
[0m[ INFO] [1599714167.307906408]: unknown code![0m
[0m[ INFO] [1599714167.367798460]: unknown code![0m
[0m[ INFO] [1599714167.727119184]: unknown code![0m
[0m[ INFO] [1599714168.206155860]: unknown code![0m
[0m[ INFO] [1599714168.924913522]: unknown code![0m
[0m[ INFO] [1599714169.643645089]: unknown code![0m
[0m[ INFO] [1599714169.703525205]: unknown code![0m
[0m[ INFO] [1599714170.362432749]: unknown code![0m
[0m[ INFO] [1599714170.362710575]: unknown code![0m
[0m[ INFO] [1599714170.841689293]: unknown code![0m
[0m[ INFO] [1599714170.902021362]: unknown code![0m
[0m[ INFO] [1599714173.597537569]: unknown code![0m
[0m[ INFO] [1599714173.657408305]: unknown code![0m
[0m[ INFO] [1599714174.735971472]: unknown code![0m
[0m[ INFO] [1599714174.795912641]: unknown code![0m
[0m[ INFO] [1599714176.714000672]: unknown code![0m
[0m[ INFO] [1599714176.763581308]: LIM_CODE_HBACK[0m
[0m[ INFO] [1599714176.823342880]: unknown code![0m
[0m[ INFO] [1599714177.542560389]: unknown code![0m
[0m[ INFO] [1599714178.561420745]: unknown code![0m
[0m[ INFO] [1599714178.921037116]: unknown code![0m
[0m[ INFO] [1599714179.460481344]: unknown code![0m
[0m[ INFO] [1599714180.899447450]: unknown code![0m
[0m[ INFO] [1599714181.738208971]: unknown code![0m
[0m[ INFO] [1599714181.798175047]: unknown code![0m
[0m[ INFO] [1599714181.858120754]: unknown code![0m
[0m[ INFO] [1599714181.858374617]: unknown code![0m
[0m[ INFO] [1599714182.038005034]: unknown code![0m
[0m[ INFO] [1599714182.098218140]: unknown code![0m
[0m[ INFO] [1599714182.098517407]: unknown code![0m
[0m[ INFO] [1599714183.296872567]: unknown code![0m
[0m[ INFO] [1599714183.356898633]: unknown code![0m
[0m[ INFO] [1599714183.357198684]: unknown code![0m
[0m[ INFO] [1599714183.596484844]: unknown code![0m
[0m[ INFO] [1599714183.656495800]: unknown code![0m
[0m[ INFO] [1599714183.956176198]: unknown code![0m
[0m[ INFO] [1599714184.016202255]: unknown code![0m
[0m[ INFO] [1599714184.076096004]: unknown code![0m
[0m[ INFO] [1599714184.136072805]: unknown code![0m
[0m[ INFO] [1599714184.196010582]: unknown code![0m
[0m[ INFO] [1599714186.654288170]: unknown code![0m
[0m[ INFO] [1599714186.714099616]: unknown code![0m
[0m[ INFO] [1599714196.607917870]: unknown code![0m
[0m[ INFO] [1599714196.667663791]: unknown code![0m
[0m[ INFO] [1599714197.867179738]: unknown code![0m
[0m[ INFO] [1599714198.226823411]: unknown code![0m
[0m[ INFO] [1599714198.586645288]: unknown code![0m
[0m[ INFO] [1599714198.646668498]: unknown code![0m
[0m[ INFO] [1599714198.706593063]: unknown code![0m
[0m[ INFO] [1599714198.766606558]: unknown code![0m
[0m[ INFO] [1599714198.826749336]: unknown code![0m
[0m[ INFO] [1599714199.366321080]: unknown code![0m
[0m[ INFO] [1599714200.505992275]: unknown code![0m
[0m[ INFO] [1599714200.506088644]: unknown code![0m
[0m[ INFO] [1599714200.685715422]: unknown code![0m
[0m[ INFO] [1599714200.865545464]: unknown code![0m
[0m[ INFO] [1599714200.925595076]: unknown code![0m
[0m[ INFO] [1599714201.705225044]: unknown code![0m
[0m[ INFO] [1599714201.765092892]: unknown code![0m
[0m[ INFO] [1599714202.244923149]: unknown code![0m
[0m[ INFO] [1599714202.844645254]: unknown code![0m
[0m[ INFO] [1599714203.624291506]: unknown code![0m
[0m[ INFO] [1599714203.864169203]: unknown code![0m
[0m[ INFO] [1599714204.883699705]: unknown code![0m
[0m[ INFO] [1599714204.943835876]: unknown code![0m
[0m[ INFO] [1599714204.944137744]: unknown code![0m
[0m[ INFO] [1599714205.063662743]: unknown code![0m
[0m[ INFO] [1599714207.462658502]: unknown code![0m
[0m[ INFO] [1599714207.462825110]: unknown code![0m
[0m[ INFO] [1599714207.582759045]: unknown code![0m
[0m[ INFO] [1599714209.501847775]: unknown code![0m
[0m[ INFO] [1599714209.561860148]: unknown code![0m
[0m[ INFO] [1599714210.881329408]: unknown code![0m
[0m[ INFO] [1599714214.831517378]: LIM_CODE_HBACK[0m
[0m[ INFO] [1599714215.491718020]: unknown code![0m
[0m[ INFO] [1599714215.491847599]: unknown code![0m
[0m[ INFO] [1599714220.053334846]: unknown code![0m
[0m[ INFO] [1599714220.113313839]: unknown code![0m
[0m[ INFO] [1599714220.773454477]: unknown code![0m
[0m[ INFO] [1599714220.833501651]: unknown code![0m
[0m[ INFO] [1599714221.253609404]: unknown code![0m
[0m[ INFO] [1599714222.273896327]: unknown code![0m
[0m[ INFO] [1599714222.874115879]: unknown code![0m
[0m[ INFO] [1599714222.934102086]: unknown code![0m
[0m[ INFO] [1599714223.114178491]: unknown code![0m
[0m[ INFO] [1599714223.354250694]: unknown code![0m
[0m[ INFO] [1599714223.774314033]: unknown code![0m
[0m[ INFO] [1599714224.434551300]: unknown code![0m
[0m[ INFO] [1599714224.674540796]: unknown code![0m
[0m[ INFO] [1599714225.334819478]: unknown code![0m
[0m[ INFO] [1599714226.174926858]: unknown code![0m
[0m[ INFO] [1599714227.855290824]: unknown code![0m
[0m[ INFO] [1599714229.475621535]: unknown code![0m
[0m[ INFO] [1599714229.535711578]: unknown code![0m
[0m[ INFO] [1599714229.896163614]: unknown code![0m
[0m[ INFO] [1599714229.955698548]: unknown code![0m
[0m[ INFO] [1599714230.195708622]: unknown code![0m
[0m[ INFO] [1599714230.255698919]: unknown code![0m
[0m[ INFO] [1599714231.516016032]: unknown code![0m
[0m[ INFO] [1599714231.695969704]: unknown code![0m
[0m[ INFO] [1599714231.756037124]: unknown code![0m
[0m[ INFO] [1599714231.816055392]: unknown code![0m
[0m[ INFO] [1599714231.816401442]: unknown code![0m
[0m[ INFO] [1599714232.056033452]: unknown code![0m
[0m[ INFO] [1599714232.356114122]: unknown code![0m
[0m[ INFO] [1599714232.536167704]: unknown code![0m
[0m[ INFO] [1599714233.016202203]: unknown code![0m
[0m[ INFO] [1599714233.796260886]: unknown code![0m
[0m[ INFO] [1599714234.516478032]: unknown code![0m
[0m[ INFO] [1599714234.516657368]: unknown code![0m
[0m[ INFO] [1599714235.236454655]: unknown code![0m
[0m[ INFO] [1599714236.496747306]: unknown code![0m
[0m[ INFO] [1599714249.757389950]: unknown code![0m
[0m[ INFO] [1599714249.757490563]: unknown code![0m
[0m[ INFO] [1599714249.997294626]: unknown code![0m
[0m[ INFO] [1599714250.057303344]: unknown code![0m
[0m[ INFO] [1599714250.477269841]: unknown code![0m
[0m[ INFO] [1599714250.537367469]: unknown code![0m
[0m[ INFO] [1599714250.837275359]: unknown code![0m
[0m[ INFO] [1599714252.097408709]: unknown code![0m
[0m[ INFO] [1599714252.517366956]: unknown code![0m
[0m[ INFO] [1599714253.287384639]: LIM_CODE_HBACK[0m
[0m[ INFO] [1599714254.007198045]: unknown code![0m
[0m[ INFO] [1599714255.207208277]: unknown code![0m
[0m[ INFO] [1599714255.267248499]: unknown code![0m
[0m[ INFO] [1599714255.687288957]: unknown code![0m
[0m[ INFO] [1599714255.747261588]: unknown code![0m
[0m[ INFO] [1599714260.307038407]: unknown code![0m
[0m[ INFO] [1599714260.366950589]: unknown code![0m
[0m[ INFO] [1599714260.547017542]: unknown code![0m
[0m[ INFO] [1599714260.966991059]: unknown code![0m
[0m[ INFO] [1599714260.967128280]: unknown code![0m
[0m[ INFO] [1599714261.026974162]: unknown code![0m
[0m[ INFO] [1599714261.266989147]: unknown code![0m
[0m[ INFO] [1599714261.326974213]: unknown code![0m
[0m[ INFO] [1599714261.386909912]: unknown code![0m
[0m[ INFO] [1599714261.447357910]: unknown code![0m
[0m[ INFO] [1599714261.507362727]: unknown code![0m
[0m[ INFO] [1599714261.507546138]: unknown code![0m
[0m[ INFO] [1599714263.786770406]: unknown code![0m
[0m[ INFO] [1599714263.846772113]: unknown code![0m
[0m[ INFO] [1599714264.326790119]: unknown code![0m
[0m[ INFO] [1599714265.106748964]: unknown code![0m
[0m[ INFO] [1599714265.886616647]: unknown code![0m
[0m[ INFO] [1599714265.946685189]: unknown code![0m
[0m[ INFO] [1599714266.846535619]: unknown code![0m
[0m[ INFO] [1599714267.926470088]: unknown code![0m
[0m[ INFO] [1599714267.926798013]: unknown code![0m
[0m[ INFO] [1599714267.986509878]: unknown code![0m
[0m[ INFO] [1599714268.166399707]: unknown code![0m
[0m[ INFO] [1599714268.346364611]: unknown code![0m
[0m[ INFO] [1599714268.526427031]: unknown code![0m
[0m[ INFO] [1599714268.586446722]: unknown code![0m
[0m[ INFO] [1599714269.066379605]: unknown code![0m
[0m[ INFO] [1599714269.546359687]: unknown code![0m
[0m[ INFO] [1599714271.886056229]: unknown code![0m
[0m[ INFO] [1599714271.886313619]: unknown code![0m
[0m[ INFO] [1599714277.825342857]: unknown code![0m
[0m[ INFO] [1599714277.885395359]: unknown code![0m
[0m[ INFO] [1599714278.365284364]: unknown code![0m
[0m[ INFO] [1599714278.425291710]: unknown code![0m
[0m[ INFO] [1599714279.805098143]: unknown code![0m
[0m[ INFO] [1599714280.405125405]: unknown code![0m
[0m[ INFO] [1599714283.884605151]: unknown code![0m
[0m[ INFO] [1599714283.944578314]: unknown code![0m
[0m[ INFO] [1599714285.984294883]: unknown code![0m
[0m[ INFO] [1599714286.044227732]: unknown code![0m
[0m[ INFO] [1599714286.524374579]: unknown code![0m
[0m[ INFO] [1599714286.584223097]: unknown code![0m
[0m[ INFO] [1599714288.743940411]: unknown code![0m
[0m[ INFO] [1599714288.803899855]: unknown code![0m
[0m[ INFO] [1599714288.983849064]: unknown code![0m
[0m[ INFO] [1599714289.343797962]: unknown code![0m
[0m[ INFO] [1599714289.883699124]: unknown code![0m
[0m[ INFO] [1599714290.363709854]: unknown code![0m
[0m[ INFO] [1599714290.363847669]: unknown code![0m
[0m[ INFO] [1599714291.373578449]: LIM_CODE_HBACK[0m
[0m[ INFO] [1599714292.573524339]: unknown code![0m
[0m[ INFO] [1599714292.633301084]: unknown code![0m
[0m[ INFO] [1599714293.773174511]: unknown code![0m
[0m[ INFO] [1599714293.833109813]: unknown code![0m
[0m[ INFO] [1599714293.953077638]: unknown code![0m
[0m[ INFO] [1599714295.332907330]: unknown code![0m
[0m[ INFO] [1599714295.692804058]: unknown code![0m
[0m[ INFO] [1599714296.292713794]: unknown code![0m
[0m[ INFO] [1599714297.792582279]: unknown code![0m
[0m[ INFO] [1599714298.572391540]: unknown code![0m
[0m[ INFO] [1599714298.632343887]: unknown code![0m
[0m[ INFO] [1599714300.671992910]: unknown code![0m
[0m[ INFO] [1599714304.691462229]: unknown code![0m
[0m[ INFO] [1599714304.751449500]: unknown code![0m
[0m[ INFO] [1599714305.711214319]: unknown code![0m
[0m[ INFO] [1599714305.711370528]: unknown code![0m
[0m[ INFO] [1599714308.350737044]: unknown code![0m
[0m[ INFO] [1599714308.410753161]: unknown code![0m
[0m[ INFO] [1599714310.330389065]: unknown code![0m
[0m[ INFO] [1599714310.450359161]: unknown code![0m
[0m[ INFO] [1599714311.410169905]: unknown code![0m
[0m[ INFO] [1599714312.550089253]: unknown code![0m
[0m[ INFO] [1599714316.029390530]: unknown code![0m
[0m[ INFO] [1599714316.089465822]: unknown code![0m
[0m[ INFO] [1599714322.268473423]: unknown code![0m
[0m[ INFO] [1599714322.328208268]: unknown code![0m
[0m[ INFO] [1599714322.388243908]: unknown code![0m
[0m[ INFO] [1599714322.448196951]: unknown code![0m
[0m[ INFO] [1599714323.408045021]: unknown code![0m
[0m[ INFO] [1599714323.827958262]: unknown code![0m
[0m[ INFO] [1599714324.067925802]: unknown code![0m
[0m[ INFO] [1599714324.307900707]: unknown code![0m
[0m[ INFO] [1599714326.947362555]: unknown code![0m
[0m[ INFO] [1599714327.007448226]: unknown code![0m
[0m[ INFO] [1599714327.367293307]: unknown code![0m
[0m[ INFO] [1599714327.427322415]: unknown code![0m
[0m[ INFO] [1599714327.607311085]: unknown code![0m
[0m[ INFO] [1599714327.667245071]: unknown code![0m
[0m[ INFO] [1599714328.807037772]: unknown code![0m
[0m[ INFO] [1599714329.047029846]: unknown code![0m
[0m[ INFO] [1599714329.996908018]: LIM_CODE_HBACK[0m
[0m[ INFO] [1599714330.416729648]: unknown code![0m
[0m[ INFO] [1599714331.616541015]: unknown code![0m
[0m[ INFO] [1599714331.676457815]: unknown code![0m
[0m[ INFO] [1599714332.336394897]: unknown code![0m
[0m[ INFO] [1599714332.756346860]: unknown code![0m
[0m[ INFO] [1599714333.296261787]: unknown code![0m
[0m[ INFO] [1599714345.176109865]: unknown code![0m
[0m[ INFO] [1599714345.236024858]: unknown code![0m
[0m[ INFO] [1599714345.596162007]: unknown code![0m
[0m[ INFO] [1599714345.656173016]: unknown code![0m
[0m[ INFO] [1599714346.496431902]: unknown code![0m
[0m[ INFO] [1599714347.636727454]: unknown code![0m
[0m[ INFO] [1599714349.917442085]: unknown code![0m
[0m[ INFO] [1599714349.977379541]: unknown code![0m
[0m[ INFO] [1599714354.058663886]: unknown code![0m
[0m[ INFO] [1599714354.118520620]: unknown code![0m
[0m[ INFO] [1599714356.879139658]: unknown code![0m
[0m[ INFO] [1599714356.879355892]: unknown code![0m
[0m[ INFO] [1599714358.859671038]: unknown code![0m
[0m[ INFO] [1599714358.919600492]: unknown code![0m
[0m[ INFO] [1599714359.159637553]: unknown code![0m
[0m[ INFO] [1599714359.699794738]: unknown code![0m
[0m[ INFO] [1599714360.720019421]: unknown code![0m
[0m[ INFO] [1599714360.779971983]: unknown code![0m
[0m[ INFO] [1599714360.840008218]: unknown code![0m
[0m[ INFO] [1599714363.060371604]: unknown code![0m
[0m[ INFO] [1599714363.120485171]: unknown code![0m
[0m[ INFO] [1599714363.120615585]: unknown code![0m
[0m[ INFO] [1599714363.420443501]: unknown code![0m
[0m[ INFO] [1599714363.480473356]: unknown code![0m
[0m[ INFO] [1599714363.540504801]: unknown code![0m
[0m[ INFO] [1599714366.060967824]: unknown code![0m
[0m[ INFO] [1599714366.120986455]: unknown code![0m
[0m[ INFO] [1599714369.051610224]: LIM_CODE_HBACK[0m
[0m[ INFO] [1599714371.151758197]: unknown code![0m
[0m[ INFO] [1599714371.211869677]: unknown code![0m
[0m[ INFO] [1599714377.812751814]: unknown code![0m
[0m[ INFO] [1599714377.813071339]: unknown code![0m
[0m[ INFO] [1599714377.817860733]: unknown code![0m
[0m[ INFO] [1599714377.872738119]: unknown code![0m
[0m[ INFO] [1599714378.412752540]: unknown code![0m
[0m[ INFO] [1599714378.532842358]: unknown code![0m
[0m[ INFO] [1599714378.533065696]: unknown code![0m
[0m[ INFO] [1599714378.712841121]: unknown code![0m
[0m[ INFO] [1599714378.772793359]: unknown code![0m
[0m[ INFO] [1599714378.832866188]: unknown code![0m
[0m[ INFO] [1599714386.513828030]: unknown code![0m
[0m[ INFO] [1599714386.573656928]: unknown code![0m
[0m[ INFO] [1599714386.813657620]: unknown code![0m
[0m[ INFO] [1599714388.553765237]: unknown code![0m
[0m[ INFO] [1599714391.134169985]: unknown code![0m
[0m[ INFO] [1599714391.194106334]: unknown code![0m
[0m[ INFO] [1599714391.194387480]: unknown code![0m
[0m[ INFO] [1599714391.254038914]: unknown code![0m
[0m[ INFO] [1599714391.254312973]: unknown code![0m
[0m[ INFO] [1599714391.614065001]: unknown code![0m
[0m[ INFO] [1599714396.714347583]: unknown code![0m
[0m[ INFO] [1599714396.774344358]: unknown code![0m
[0m[ INFO] [1599714396.894419391]: unknown code![0m
[0m[ INFO] [1599714396.954443543]: unknown code![0m
[0m[ INFO] [1599714401.154499525]: unknown code![0m
[0m[ INFO] [1599714401.214550385]: unknown code![0m
[0m[ INFO] [1599714401.994566268]: unknown code![0m
[0m[ INFO] [1599714403.014907891]: unknown code![0m
[0m[ INFO] [1599714403.074676548]: unknown code![0m
[0m[ INFO] [1599714404.034656976]: unknown code![0m
[0m[ INFO] [1599714405.174718765]: unknown code![0m
[0m[ INFO] [1599714407.984903315]: LIM_CODE_HBACK[0m
[0m[ INFO] [1599714447.703851488]: unknown code![0m
[0m[ INFO] [1599714447.763904916]: unknown code![0m
[0m[ INFO] [1599714448.294073991]: LIM_CODE_HBACK[0m
[0m[ INFO] [1599714448.353812741]: unknown code![0m
[0m[ INFO] [1599714449.733803742]: unknown code![0m
[0m[ INFO] [1599714455.493520508]: unknown code![0m
[0m[ INFO] [1599714455.553384400]: unknown code![0m
[0m[ INFO] [1599714458.973138368]: unknown code![0m
[0m[ INFO] [1599714459.033125532]: unknown code![0m
[0m[ INFO] [1599714461.133006237]: unknown code![0m
[0m[ INFO] [1599714461.192988573]: unknown code![0m
[0m[ INFO] [1599714471.152203974]: unknown code![0m
[0m[ INFO] [1599714471.152400535]: unknown code![0m
[0m[ INFO] [1599714488.240754232]: LIM_CODE_HBACK[0m
[0m[ INFO] [1599714503.479049614]: unknown code![0m
[0m[ INFO] [1599714503.539058152]: unknown code![0m
[0m[ INFO] [1599714503.659028817]: unknown code![0m
[0m[ INFO] [1599714503.718970397]: unknown code![0m
[0m[ INFO] [1599714504.319091287]: unknown code![0m
[0m[ INFO] [1599714504.378957070]: unknown code![0m
[0m[ INFO] [1599714504.558923638]: unknown code![0m
[0m[ INFO] [1599714504.678892179]: unknown code![0m
[0m[ INFO] [1599714504.798885607]: unknown code![0m
[0m[ INFO] [1599714505.158881751]: unknown code![0m
[0m[ INFO] [1599714505.338824062]: unknown code![0m
[0m[ INFO] [1599714506.118760741]: unknown code![0m
[0m[ INFO] [1599714511.698136866]: unknown code![0m
[0m[ INFO] [1599714511.758126605]: unknown code![0m
[0m[ INFO] [1599714512.298151666]: unknown code![0m
[0m[ INFO] [1599714512.358065063]: unknown code![0m
[0m[ INFO] [1599714512.478067621]: unknown code![0m
[0m[ INFO] [1599714512.598050691]: unknown code![0m
[0m[ INFO] [1599714512.658023207]: unknown code![0m
[0m[ INFO] [1599714512.838064569]: unknown code![0m
[0m[ INFO] [1599714513.318093846]: unknown code![0m
[0m[ INFO] [1599714513.378025014]: unknown code![0m
[0m[ INFO] [1599714513.437891243]: unknown code![0m
[0m[ INFO] [1599714513.797904364]: unknown code![0m
[0m[ INFO] [1599714513.798248237]: unknown code![0m
[0m[ INFO] [1599714513.917859049]: unknown code![0m
[0m[ INFO] [1599714515.237755539]: unknown code![0m
[0m[ INFO] [1599714515.837666356]: unknown code![0m
[0m[ INFO] [1599714527.766387723]: LIM_CODE_HBACK[0m
[0m[ INFO] [1599714539.584891860]: unknown code![0m
[0m[ INFO] [1599714539.644944106]: unknown code![0m
[0m[ INFO] [1599714542.584412072]: unknown code![0m
[0m[ INFO] [1599714542.644426510]: unknown code![0m
[0m[ INFO] [1599714545.404024473]: unknown code![0m
[0m[ INFO] [1599714545.464091370]: unknown code![0m
[0m[ INFO] [1599714551.223349215]: unknown code![0m
[0m[ INFO] [1599714551.283447264]: unknown code![0m
[0m[ INFO] [1599714552.363224298]: unknown code![0m
[0m[ INFO] [1599714552.423180856]: unknown code![0m
[0m[ INFO] [1599714552.423548766]: unknown code![0m
[0m[ INFO] [1599714552.483177051]: unknown code![0m
[0m[ INFO] [1599714553.982988902]: unknown code![0m
[0m[ INFO] [1599714554.042936557]: unknown code![0m
[0m[ INFO] [1599714559.802243528]: unknown code![0m
[0m[ INFO] [1599714559.862383658]: unknown code![0m
[0m[ INFO] [1599714560.042216172]: unknown code![0m
[0m[ INFO] [1599714560.522190750]: unknown code![0m
[0m[ INFO] [1599714561.782010164]: unknown code![0m
[0m[ INFO] [1599714567.411375021]: LIM_CODE_HBACK[0m
[0m[ INFO] [1599714599.267771618]: unknown code![0m
[0m[ INFO] [1599714599.327910117]: unknown code![0m
[0m[ INFO] [1599714599.927962350]: unknown code![0m
[0m[ INFO] [1599714599.988080089]: unknown code![0m
[0m[ INFO] [1599714600.528080348]: unknown code![0m
[0m[ INFO] [1599714600.588165571]: unknown code![0m
[0m[ INFO] [1599714600.828165843]: unknown code![0m
[0m[ INFO] [1599714601.188282628]: unknown code![0m
[0m[ INFO] [1599714601.368382088]: unknown code![0m
[0m[ INFO] [1599714601.728453906]: unknown code![0m
[0m[ INFO] [1599714602.388597150]: unknown code![0m
[0m[ INFO] [1599714603.048696448]: unknown code![0m
[0m[ INFO] [1599714607.479829697]: LIM_CODE_HBACK[0m
[0m[ INFO] [1599714617.741935226]: unknown code![0m
[0m[ INFO] [1599714617.801887049]: unknown code![0m
[0m[ INFO] [1599714620.082441857]: unknown code![0m
[0m[ INFO] [1599714620.082732215]: unknown code![0m
[0m[ INFO] [1599714620.087602873]: unknown code![0m
[0m[ INFO] [1599714620.142469596]: unknown code![0m
[0m[ INFO] [1599714620.142966638]: unknown code![0m
[0m[ INFO] [1599714620.202409596]: unknown code![0m
[0m[ INFO] [1599714620.202594386]: unknown code![0m
[0m[ INFO] [1599714622.002802306]: unknown code![0m
[0m[ INFO] [1599714631.184436544]: unknown code![0m
[0m[ INFO] [1599714631.244448994]: unknown code![0m
[0m[ INFO] [1599714634.484925721]: unknown code![0m
[0m[ INFO] [1599714634.544995336]: unknown code![0m
[0m[ INFO] [1599714634.965044529]: unknown code![0m
[0m[ INFO] [1599714634.965351848]: unknown code![0m
[0m[ INFO] [1599714641.626090593]: unknown code![0m
[0m[ INFO] [1599714641.686154379]: unknown code![0m
[0m[ INFO] [1599714641.686482747]: unknown code![0m
[0m[ INFO] [1599714641.691326640]: unknown code![0m
[0m[ INFO] [1599714641.711267362]: unknown code![0m
[0m[ INFO] [1599714641.751849517]: Packetless[0m
[0m[ INFO] [1599714643.726332786]: unknown code![0m
[0m[ INFO] [1599714646.846808871]: unknown code![0m
[0m[ INFO] [1599714646.846981441]: unknown code![0m
[0m[ INFO] [1599714647.196968300]: LIM_CODE_HBACK[0m
[0m[ INFO] [1599714653.377683284]: unknown code![0m
[0m[ INFO] [1599714653.378026220]: unknown code![0m
[0m[ INFO] [1599714662.738835399]: unknown code![0m
[0m[ INFO] [1599714662.798747430]: unknown code![0m
[0m[ INFO] [1599714664.119026082]: unknown code![0m
[0m[ INFO] [1599714664.178885988]: unknown code![0m
[0m[ INFO] [1599714664.779000659]: unknown code![0m
[0m[ INFO] [1599714664.779309183]: unknown code![0m
[0m[ INFO] [1599714669.039384652]: unknown code![0m
[0m[ INFO] [1599714669.099467874]: unknown code![0m
[0m[ INFO] [1599714669.339423754]: unknown code![0m
[0m[ INFO] [1599714671.139615276]: unknown code![0m
[0m[ INFO] [1599714687.211043055]: LIM_CODE_HBACK[0m
[0m[ INFO] [1599714703.052021888]: unknown code![0m
[0m[ INFO] [1599714703.112047761]: unknown code![0m
[0m[ INFO] [1599714704.312095188]: unknown code![0m
[0m[ INFO] [1599714704.372016240]: unknown code![0m
[0m[ INFO] [1599714704.492079116]: unknown code![0m
[0m[ INFO] [1599714704.912069085]: unknown code![0m
[0m[ INFO] [1599714711.932493243]: unknown code![0m
[0m[ INFO] [1599714711.992389559]: unknown code![0m
[0m[ INFO] [1599714716.972637008]: unknown code![0m
[0m[ INFO] [1599714717.032554515]: unknown code![0m
[0m[ INFO] [1599714718.772712602]: unknown code![0m
[0m[ INFO] [1599714718.832687024]: unknown code![0m
[0m[ INFO] [1599714718.832969826]: unknown code![0m
[0m[ INFO] [1599714718.952661459]: unknown code![0m
[0m[ INFO] [1599714719.072627833]: unknown code![0m
[0m[ INFO] [1599714719.672732764]: unknown code![0m
[0m[ INFO] [1599714719.672899598]: unknown code![0m
[0m[ INFO] [1599714719.732703941]: unknown code![0m
[0m[ INFO] [1599714719.792748618]: unknown code![0m
[0m[ INFO] [1599714719.852676162]: unknown code![0m
[0m[ INFO] [1599714721.172757798]: unknown code![0m
[0m[ INFO] [1599714721.232833131]: unknown code![0m
[0m[ INFO] [1599714721.232997092]: unknown code![0m
[0m[ INFO] [1599714721.238004080]: unknown code![0m
[0m[ INFO] [1599714721.412779425]: unknown code![0m
[0m[ INFO] [1599714721.712778722]: unknown code![0m
[0m[ INFO] [1599714726.863023499]: LIM_CODE_HBACK[0m
[0m[ INFO] [1599714728.302933191]: unknown code![0m
[0m[ INFO] [1599714728.362970423]: unknown code![0m
[0m[ INFO] [1599714734.783090110]: unknown code![0m
[0m[ INFO] [1599714734.843103789]: unknown code![0m
[0m[ INFO] [1599714734.843283343]: unknown code![0m
[0m[ INFO] [1599714734.903152602]: unknown code![0m
[0m[ INFO] [1599714734.903353207]: unknown code![0m
[0m[ INFO] [1599714734.963140601]: unknown code![0m
[0m[ INFO] [1599714734.963326245]: unknown code![0m
[0m[ INFO] [1599714735.623075454]: unknown code![0m
[0m[ INFO] [1599714735.743138481]: unknown code![0m
[0m[ INFO] [1599714735.803137944]: unknown code![0m
[0m[ INFO] [1599714741.443204312]: unknown code![0m
[0m[ INFO] [1599714741.443529770]: unknown code![0m
[0m[ INFO] [1599714741.803210020]: unknown code![0m
[0m[ INFO] [1599714742.103232593]: unknown code![0m
[0m[ INFO] [1599714743.423193558]: unknown code![0m
[0m[ INFO] [1599714745.223490327]: unknown code![0m
[0m[ INFO] [1599714745.283238320]: unknown code![0m
[0m[ INFO] [1599714746.003242374]: unknown code![0m
[0m[ INFO] [1599714746.063283209]: unknown code![0m
[0m[ INFO] [1599714747.323308514]: unknown code![0m
[0m[ INFO] [1599714747.383243676]: unknown code![0m
[0m[ INFO] [1599714747.683204536]: unknown code![0m
[0m[ INFO] [1599714749.363312845]: unknown code![0m
[0m[ INFO] [1599714756.683310930]: unknown code![0m
[0m[ INFO] [1599714756.683455310]: unknown code![0m
[0m[ INFO] [1599714759.623293747]: unknown code![0m
[0m[ INFO] [1599714759.623472676]: unknown code![0m
[0m[ INFO] [1599714760.103253806]: unknown code![0m
[0m[ INFO] [1599714760.643239610]: unknown code![0m
[0m[ INFO] [1599714761.543242143]: unknown code![0m
[0m[ INFO] [1599714766.273316823]: LIM_CODE_HBACK[0m
[0m[ INFO] [1599714807.122599798]: LIM_CODE_HBACK[0m
[0m[ INFO] [1599714811.682232317]: unknown code![0m
[0m[ INFO] [1599714811.682416013]: unknown code![0m
[0m[ INFO] [1599714819.061926614]: unknown code![0m
[0m[ INFO] [1599714819.121900959]: unknown code![0m
[0m[ INFO] [1599714831.001451815]: unknown code![0m
[0m[ INFO] [1599714831.001609006]: unknown code![0m
[0m[ INFO] [1599714831.421389802]: unknown code![0m
[0m[ INFO] [1599714831.481434217]: unknown code![0m
[0m[ INFO] [1599714831.661377974]: unknown code![0m
[0m[ INFO] [1599714831.721618996]: unknown code![0m
[0m[ INFO] [1599714834.001322571]: unknown code![0m
[0m[ INFO] [1599714834.061287188]: unknown code![0m
[0m[ INFO] [1599714834.841273807]: unknown code![0m
[0m[ INFO] [1599714834.901279166]: unknown code![0m
[0m[ INFO] [1599714836.881181317]: unknown code![0m
[0m[ INFO] [1599714836.941195740]: unknown code![0m
[0m[ INFO] [1599714839.341114160]: unknown code![0m
[0m[ INFO] [1599714839.701011950]: unknown code![0m
[0m[ INFO] [1599714840.660991574]: unknown code![0m
[0m[ INFO] [1599714840.720997765]: unknown code![0m
[0m[ INFO] [1599714841.141130398]: unknown code![0m
[0m[ INFO] [1599714841.200979053]: unknown code![0m
[0m[ INFO] [1599714846.180687868]: unknown code![0m
[0m[ INFO] [1599714846.240735335]: unknown code![0m
[0m[ INFO] [1599714846.890831201]: LIM_CODE_HBACK[0m
[0m[ INFO] [1599714848.090641707]: unknown code![0m
[0m[ INFO] [1599714848.150595020]: unknown code![0m
[0m[ INFO] [1599714850.190566549]: unknown code![0m
[0m[ INFO] [1599714850.190696768]: unknown code![0m
[0m[ INFO] [1599714850.250662986]: unknown code![0m
[0m[ INFO] [1599714850.250804119]: unknown code![0m
[0m[ INFO] [1599714850.255842737]: unknown code![0m
[0m[ INFO] [1599714850.610488850]: unknown code![0m
[0m[ INFO] [1599714851.270491230]: unknown code![0m
[0m[ INFO] [1599714851.330602019]: unknown code![0m
[0m[ INFO] [1599714858.830054752]: unknown code![0m
[0m[ INFO] [1599714858.890190327]: unknown code![0m
[0m[ INFO] [1599714859.430010344]: unknown code![0m
[0m[ INFO] [1599714859.910080638]: unknown code![0m
[0m[ INFO] [1599714860.749917907]: unknown code![0m
[0m[ INFO] [1599714885.348463496]: unknown code![0m
[0m[ INFO] [1599714885.348607962]: unknown code![0m
[0m[ INFO] [1599714887.018426850]: LIM_CODE_HBACK[0m
[0m[ INFO] [1599714887.738318332]: unknown code![0m
[0m[ INFO] [1599714887.798245352]: unknown code![0m
[0m[ INFO] [1599714889.178254630]: unknown code![0m
[0m[ INFO] [1599714889.238184202]: unknown code![0m
[0m[ INFO] [1599714891.338056878]: unknown code![0m
[0m[ INFO] [1599714891.398024110]: unknown code![0m
[0m[ INFO] [1599714891.518220216]: unknown code![0m
[0m[ INFO] [1599714891.518560473]: unknown code![0m
[0m[ INFO] [1599714892.597994261]: unknown code![0m
[0m[ INFO] [1599714892.838093883]: unknown code![0m
[0m[ INFO] [1599714893.077929066]: unknown code![0m
[0m[ INFO] [1599714893.318014750]: unknown code![0m
[0m[ INFO] [1599714893.677896307]: unknown code![0m
[0m[ INFO] [1599714896.317747860]: unknown code![0m
[0m[ INFO] [1599714896.317894453]: unknown code![0m
[0m[ INFO] [1599714897.337619909]: unknown code![0m
[0m[ INFO] [1599714897.397685852]: unknown code![0m
[0m[ INFO] [1599714898.057554904]: unknown code![0m
[0m[ INFO] [1599714898.177567401]: unknown code![0m
[0m[ INFO] [1599714900.637427267]: unknown code![0m
[0m[ INFO] [1599714901.057391780]: unknown code![0m
[0m[ INFO] [1599714901.177343403]: unknown code![0m
[0m[ INFO] [1599714901.237394249]: unknown code![0m
[0m[ INFO] [1599714901.297358500]: unknown code![0m
[0m[ INFO] [1599714902.497261574]: unknown code![0m
[0m[ INFO] [1599714909.216862388]: unknown code![0m
[0m[ INFO] [1599714909.217026844]: unknown code![0m
[0m[ INFO] [1599714909.696890656]: unknown code![0m
[0m[ INFO] [1599714909.756747029]: unknown code![0m
[0m[ INFO] [1599714910.596780534]: unknown code![0m
[0m[ INFO] [1599714911.796657717]: unknown code![0m
[0m[ INFO] [1599714912.276593995]: unknown code![0m
[0m[ INFO] [1599714912.336690971]: unknown code![0m
[0m[ INFO] [1599714912.996538588]: unknown code![0m
[0m[ INFO] [1599714913.056554398]: unknown code![0m
[0m[ INFO] [1599714926.245692322]: LIM_CODE_HBACK[0m
[0m[ INFO] [1599714954.324034652]: LIM_CODE_ALARM[0m
[0m[ INFO] [1599714957.623163298]: LIM_CODE_DISALARM[0m
[0m[ INFO] [1599714966.792578384]: LIM_CODE_HBACK[0m
[0m[ INFO] [1599714971.172044038]: unknown code![0m
[0m[ INFO] [1599714971.231994146]: unknown code![0m
[0m[ INFO] [1599714972.551946048]: unknown code![0m
[0m[ INFO] [1599714973.151824418]: unknown code![0m
[0m[ INFO] [1599714973.631791157]: unknown code![0m
[0m[ INFO] [1599714975.311736692]: unknown code![0m
[0m[ INFO] [1599714981.671112945]: unknown code![0m
[0m[ INFO] [1599714981.731240377]: unknown code![0m
[0m[ INFO] [1599714982.151263000]: unknown code![0m
[0m[ INFO] [1599714982.211086026]: unknown code![0m
[0m[ INFO] [1599714985.390803146]: unknown code![0m
[0m[ INFO] [1599714985.451066750]: unknown code![0m
[0m[ INFO] [1599714985.451256284]: unknown code![0m
[0m[ INFO] [1599714985.510853870]: unknown code![0m
[0m[ INFO] [1599714985.630805455]: unknown code![0m
[0m[ INFO] [1599714985.690824482]: unknown code![0m
[0m[ INFO] [1599714985.750812784]: unknown code![0m
[0m[ INFO] [1599714985.870802070]: unknown code![0m
[0m[ INFO] [1599714986.890666906]: unknown code![0m
[0m[ INFO] [1599714987.010675615]: unknown code![0m
[0m[ INFO] [1599714987.070867757]: unknown code![0m
[0m[ INFO] [1599714987.130746649]: unknown code![0m
[0m[ INFO] [1599714988.030626974]: unknown code![0m
[0m[ INFO] [1599714988.030778704]: unknown code![0m
[0m[ INFO] [1599714990.310480381]: unknown code![0m
[0m[ INFO] [1599714990.310769750]: unknown code![0m
[0m[ INFO] [1599714990.315611058]: unknown code![0m
[0m[ INFO] [1599714990.370439344]: unknown code![0m
[0m[ INFO] [1599714990.910353548]: unknown code![0m
[0m[ INFO] [1599714991.150314006]: unknown code![0m
[0m[ INFO] [1599714991.390469637]: unknown code![0m
[0m[ INFO] [1599714991.450331986]: unknown code![0m
[0m[ INFO] [1599714992.110302535]: unknown code![0m
[0m[ INFO] [1599714992.890357464]: unknown code![0m
[0m[ INFO] [1599714993.010269335]: unknown code![0m
[0m[ INFO] [1599714993.070159675]: unknown code![0m
[0m[ INFO] [1599714994.270071325]: unknown code![0m
[0m[ INFO] [1599714995.050051357]: unknown code![0m
[0m[ INFO] [1599714995.170034030]: unknown code![0m
[0m[ INFO] [1599714997.209889718]: unknown code![0m
[0m[ INFO] [1599714997.749780263]: unknown code![0m
[0m[ INFO] [1599714997.809726778]: unknown code![0m
[0m[ INFO] [1599714998.589717402]: unknown code![0m
[0m[ INFO] [1599714998.649836458]: unknown code![0m
[0m[ INFO] [1599714999.669564479]: unknown code![0m
[0m[ INFO] [1599714999.729619171]: unknown code![0m
[0m[ INFO] [1599714999.789554335]: unknown code![0m
[0m[ INFO] [1599715000.509561103]: unknown code![0m
[0m[ INFO] [1599715001.409498610]: unknown code![0m
[0m[ INFO] [1599715001.469430752]: unknown code![0m
[0m[ INFO] [1599715003.809224083]: unknown code![0m
[0m[ INFO] [1599715003.869209632]: unknown code![0m
[0m[ INFO] [1599715005.239251772]: LIM_CODE_HBACK[0m
[0m[ INFO] [1599715005.779038604]: unknown code![0m
[0m[ INFO] [1599715005.839083795]: unknown code![0m
[0m[ INFO] [1599715009.319096424]: unknown code![0m
[0m[ INFO] [1599715009.378796839]: unknown code![0m
[0m[ INFO] [1599715010.038864754]: unknown code![0m
[0m[ INFO] [1599715010.158772973]: unknown code![0m
[0m[ INFO] [1599715011.838529294]: unknown code![0m
[0m[ INFO] [1599715012.918517955]: unknown code![0m
[0m[ INFO] [1599715014.898316841]: unknown code![0m
[0m[ INFO] [1599715015.318437597]: unknown code![0m
[0m[ INFO] [1599715016.758110278]: unknown code![0m
[0m[ INFO] [1599715016.818156248]: unknown code![0m
[0m[ INFO] [1599715038.536188122]: unknown code![0m
[0m[ INFO] [1599715038.596178219]: unknown code![0m
[0m[ INFO] [1599715038.656177686]: unknown code![0m
[0m[ INFO] [1599715038.656354233]: unknown code![0m
[0m[ INFO] [1599715038.716159144]: unknown code![0m
[0m[ INFO] [1599715038.956099138]: unknown code![0m
[0m[ INFO] [1599715045.185704447]: LIM_CODE_HBACK[0m
[0m[ INFO] [1599715085.731921155]: LIM_CODE_HBACK[0m
[0m[ INFO] [1599715122.704209000]: unknown code![0m
[0m[ INFO] [1599715122.764254659]: unknown code![0m
[0m[ INFO] [1599715122.884430125]: unknown code![0m
[0m[ INFO] [1599715122.944470662]: unknown code![0m
[0m[ INFO] [1599715126.118089382]: LIM_CODE_HBACK[0m
[0m[ INFO] [1599715160.049766371]: unknown code![0m
[0m[ INFO] [1599715160.109806556]: unknown code![0m
[0m[ INFO] [1599715160.110087620]: unknown code![0m
[0m[ INFO] [1599715161.070563921]: unknown code![0m
[0m[ INFO] [1599715164.973792221]: unknown code![0m
[0m[ INFO] [1599715165.033766604]: unknown code![0m
[0m[ INFO] [1599715165.574256217]: unknown code![0m
[0m[ INFO] [1599715165.634522062]: unknown code![0m
[0m[ INFO] [1599715165.634755711]: unknown code![0m
[0m[ INFO] [1599715165.694343781]: unknown code![0m
[0m[ INFO] [1599715165.754378148]: unknown code![0m
[0m[ INFO] [1599715165.814379788]: unknown code![0m
[0m[ INFO] [1599715165.934477216]: unknown code![0m
[0m[ INFO] [1599715166.044731701]: LIM_CODE_HBACK[0m
[0m[ INFO] [1599715166.164785421]: unknown code![0m
[0m[ INFO] [1599715166.224761649]: unknown code![0m
[0m[ INFO] [1599715166.284780735]: unknown code![0m
[0m[ INFO] [1599715166.705124841]: unknown code![0m
[0m[ INFO] [1599715166.765153311]: unknown code![0m
[0m[ INFO] [1599715166.885478048]: unknown code![0m
[0m[ INFO] [1599715166.945286081]: unknown code![0m
[0m[ INFO] [1599715167.065393848]: unknown code![0m
[0m[ INFO] [1599715168.926918894]: unknown code![0m
[0m[ INFO] [1599715170.007724951]: unknown code![0m
[0m[ INFO] [1599715170.008082557]: unknown code![0m
[0m[ INFO] [1599715170.012857032]: unknown code![0m
[0m[ INFO] [1599715170.127821681]: unknown code![0m
[0m[ INFO] [1599715170.188018991]: unknown code![0m
[0m[ INFO] [1599715170.848516500]: unknown code![0m
[0m[ INFO] [1599715170.848669156]: unknown code![0m
[0m[ INFO] [1599715170.908504016]: unknown code![0m
[0m[ INFO] [1599715170.968397424]: unknown code![0m
[0m[ INFO] [1599715171.028474260]: unknown code![0m
[0m[ INFO] [1599715171.568839704]: unknown code![0m
[0m[ INFO] [1599715171.628975963]: unknown code![0m
[0m[ INFO] [1599715171.689011580]: unknown code![0m
[0m[ INFO] [1599715171.749028365]: unknown code![0m
[0m[ INFO] [1599715171.809050840]: unknown code![0m
[0m[ INFO] [1599715172.889975954]: unknown code![0m
[0m[ INFO] [1599715174.991471388]: unknown code![0m
[0m[ INFO] [1599715174.991675551]: unknown code![0m
[0m[ INFO] [1599715175.051568226]: unknown code![0m
[0m[ INFO] [1599715175.111623610]: unknown code![0m
[0m[ INFO] [1599715175.111739877]: unknown code![0m
[0m[ INFO] [1599715175.952226324]: unknown code![0m
[0m[ INFO] [1599715176.012177068]: unknown code![0m
[0m[ INFO] [1599715176.612682067]: unknown code![0m
[0m[ INFO] [1599715177.032953528]: unknown code![0m
[0m[ INFO] [1599715177.093048715]: unknown code![0m
[0m[ INFO] [1599715177.093159187]: unknown code![0m
[0m[ INFO] [1599715177.393253835]: unknown code![0m
[0m[ INFO] [1599715177.453368161]: unknown code![0m
[0m[ INFO] [1599715177.573345247]: unknown code![0m
[0m[ INFO] [1599715177.573701393]: unknown code![0m
[0m[ INFO] [1599715178.473935472]: unknown code![0m
[0m[ INFO] [1599715178.534085551]: unknown code![0m
[0m[ INFO] [1599715178.594031833]: unknown code![0m
[0m[ INFO] [1599715178.654153220]: unknown code![0m
[0m[ INFO] [1599715178.714163128]: unknown code![0m
[0m[ INFO] [1599715178.834264622]: unknown code![0m
[0m[ INFO] [1599715178.834436479]: unknown code![0m
[0m[ INFO] [1599715179.074520079]: unknown code![0m
[0m[ INFO] [1599715179.074855330]: unknown code![0m
[0m[ INFO] [1599715179.134507283]: unknown code![0m
[0m[ INFO] [1599715179.194484273]: unknown code![0m
[0m[ INFO] [1599715179.254589588]: unknown code![0m
[0m[ INFO] [1599715179.434804724]: unknown code![0m
[0m[ INFO] [1599715179.494714257]: unknown code![0m
[0m[ INFO] [1599715179.614855384]: unknown code![0m
[0m[ INFO] [1599715179.674820229]: unknown code![0m
[0m[ INFO] [1599715179.794901121]: unknown code![0m
[0m[ INFO] [1599715179.975092577]: unknown code![0m
[0m[ INFO] [1599715180.035226256]: unknown code![0m
[0m[ INFO] [1599715180.035536650]: unknown code![0m
[0m[ INFO] [1599715180.815682708]: unknown code![0m
[0m[ INFO] [1599715190.002104416]: unknown code![0m
[0m[ INFO] [1599715190.062049268]: unknown code![0m
[0m[ INFO] [1599715193.664304430]: unknown code![0m
[0m[ INFO] [1599715193.724404084]: unknown code![0m
[0m[ INFO] [1599715194.144685729]: unknown code![0m
[0m[ INFO] [1599715194.264727272]: unknown code![0m
[0m[ INFO] [1599715194.444816132]: unknown code![0m
[0m[ INFO] [1599715195.465521533]: unknown code![0m
[0m[ INFO] [1599715195.825745423]: unknown code![0m
[0m[ INFO] [1599715195.885719985]: unknown code![0m
[0m[ INFO] [1599715196.606341468]: unknown code![0m
[0m[ INFO] [1599715196.666290648]: unknown code![0m
[0m[ INFO] [1599715196.726264728]: unknown code![0m
[0m[ INFO] [1599715197.206738537]: unknown code![0m
[0m[ INFO] [1599715197.386729430]: unknown code![0m
[0m[ INFO] [1599715197.446904502]: unknown code![0m
[0m[ INFO] [1599715197.447055145]: unknown code![0m
[0m[ INFO] [1599715197.506724786]: unknown code![0m
[0m[ INFO] [1599715199.427953104]: unknown code![0m
[0m[ INFO] [1599715203.080319539]: LIM_CODE_HBACK[0m
[0m[ INFO] [1599715204.100862047]: unknown code![0m
[0m[ INFO] [1599715204.101013947]: unknown code![0m
[0m[ INFO] [1599715205.661723235]: unknown code![0m
[0m[ INFO] [1599715205.901889293]: unknown code![0m
[0m[ INFO] [1599715206.502327606]: unknown code![0m
[0m[ INFO] [1599715206.742372328]: unknown code![0m
[0m[ INFO] [1599715209.684162591]: unknown code![0m
[0m[ INFO] [1599715210.104292742]: unknown code![0m
[33m[ WARN] [1599715210.455673005]: Shutdown request received.[0m
[33m[ WARN] [1599715210.455692314]: Reason given for shutdown: [user request][0m
