[rospy.client][INFO] 2020-09-10 14:01:22,406: init_node, name[/battery_monitor_node], pid[7531]
[xmlrpc][INFO] 2020-09-10 14:01:22,406: XML-RPC server binding to 0.0.0.0:0
[xmlrpc][INFO] 2020-09-10 14:01:22,406: Started XML-RPC server [http://cuboid0009:37013/]
[rospy.init][INFO] 2020-09-10 14:01:22,406: ROS Slave URI: [http://cuboid0009:37013/]
[rospy.impl.masterslave][INFO] 2020-09-10 14:01:22,406: _ready: http://cuboid0009:37013/
[rospy.registration][INFO] 2020-09-10 14:01:22,407: Registering with master node http://localhost:11311
[xmlrpc][INFO] 2020-09-10 14:01:22,407: xml rpc node: starting XML-RPC server
[rospy.init][INFO] 2020-09-10 14:01:22,507: registered with master
[rospy.rosout][INFO] 2020-09-10 14:01:22,507: initializing /rosout core topic
[rospy.rosout][INFO] 2020-09-10 14:01:22,509: connected to core topic /rosout
[rospy.simtime][INFO] 2020-09-10 14:01:22,510: /use_sim_time is not set, will not subscribe to simulated time [/clock] topic
[rospy.internal][INFO] 2020-09-10 14:01:22,529: topic[/battery_remaining] adding connection to [/rosbridge_websocket], count 0
[rospy.internal][INFO] 2020-09-10 14:01:22,529: topic[/charge_current] adding connection to [/rosbridge_websocket], count 0
[rosout][INFO] 2020-09-10 14:01:22,538: minimal-modbus : Port Found
[rosout][INFO] 2020-09-10 14:01:22,543: minimal-modbus : Port open
[rospy.internal][INFO] 2020-09-10 14:01:22,552: topic[/battery_remaining] adding connection to [/expression_operator], count 1
[rosout][INFO] 2020-09-10 14:01:22,554: minimal-modbus : start communication
[rosout][WARNING] 2020-09-10 14:01:22,606: minimal-modbus : serial connected, but no data was received
[rospy.internal][INFO] 2020-09-10 14:01:22,720: topic[/rosout] adding connection to [/rosout], count 0
[rospy.internal][INFO] 2020-09-10 14:01:23,730: topic[/battery_remaining] adding connection to [/diagnostic_battery], count 2
[rospy.impl.masterslave][INFO] 2020-09-10 14:20:10,702: external shutdown request from [/rosnode]: user request
[rospy.core][INFO] 2020-09-10 14:20:10,703: signal_shutdown [external shutdown request from [/rosnode]: [user request]]
[rospy.internal][INFO] 2020-09-10 14:20:10,706: topic[/rosout] removing connection to /rosout
[rospy.internal][INFO] 2020-09-10 14:20:10,706: topic[/battery_remaining] removing connection to /rosbridge_websocket
[rospy.internal][INFO] 2020-09-10 14:20:10,706: topic[/battery_remaining] removing connection to /expression_operator
[rospy.internal][INFO] 2020-09-10 14:20:10,706: topic[/battery_remaining] removing connection to /diagnostic_battery
[rospy.internal][INFO] 2020-09-10 14:20:10,707: topic[/charge_current] removing connection to /rosbridge_websocket
[rospy.core][INFO] 2020-09-10 14:20:10,823: signal_shutdown [atexit]
