[rospy.client][INFO] 2020-09-10 14:01:32,547: init_node, name[/diagnostic_rplidar_foot_topic], pid[10418]
[xmlrpc][INFO] 2020-09-10 14:01:32,547: XML-RPC server binding to 0.0.0.0:0
[xmlrpc][INFO] 2020-09-10 14:01:32,548: Started XML-RPC server [http://cuboid0009:34725/]
[rospy.init][INFO] 2020-09-10 14:01:32,548: ROS Slave URI: [http://cuboid0009:34725/]
[rospy.impl.masterslave][INFO] 2020-09-10 14:01:32,548: _ready: http://cuboid0009:34725/
[rospy.registration][INFO] 2020-09-10 14:01:32,548: Registering with master node http://localhost:11311
[xmlrpc][INFO] 2020-09-10 14:01:32,549: xml rpc node: starting XML-RPC server
[rospy.init][INFO] 2020-09-10 14:01:32,648: registered with master
[rospy.rosout][INFO] 2020-09-10 14:01:32,648: initializing /rosout core topic
[rospy.rosout][INFO] 2020-09-10 14:01:32,650: connected to core topic /rosout
[rospy.simtime][INFO] 2020-09-10 14:01:32,651: /use_sim_time is not set, will not subscribe to simulated time [/clock] topic
[rospy.internal][INFO] 2020-09-10 14:01:32,663: topic[/foot_scan] adding connection to [http://cuboid0009:39291/], count 0
[rospy.internal][INFO] 2020-09-10 14:01:32,763: topic[/rosout] adding connection to [/rosout], count 0
[rospy.internal][INFO] 2020-09-10 14:01:32,863: topic[/diagnostics] adding connection to [/diag_agg], count 0
[rospy.internal][INFO] 2020-09-10 14:20:11,015: topic[/diagnostics] removing connection to /diag_agg
[rospy.impl.masterslave][INFO] 2020-09-10 14:20:12,079: external shutdown request from [/rosnode]: user request
[rospy.core][INFO] 2020-09-10 14:20:12,079: signal_shutdown [external shutdown request from [/rosnode]: [user request]]
[rospy.internal][INFO] 2020-09-10 14:20:12,082: topic[/rosout] removing connection to /rosout
[rospy.internal][INFO] 2020-09-10 14:20:12,082: topic[/foot_scan] removing connection to http://cuboid0009:39291/
[rospy.core][INFO] 2020-09-10 14:20:12,183: signal_shutdown [atexit]
