[rospy.client][INFO] 2020-09-10 14:01:23,610: init_node, name[/diagnostic_battery], pid[7774]
[xmlrpc][INFO] 2020-09-10 14:01:23,610: XML-RPC server binding to 0.0.0.0:0
[xmlrpc][INFO] 2020-09-10 14:01:23,611: Started XML-RPC server [http://cuboid0009:41119/]
[rospy.init][INFO] 2020-09-10 14:01:23,611: ROS Slave URI: [http://cuboid0009:41119/]
[rospy.impl.masterslave][INFO] 2020-09-10 14:01:23,611: _ready: http://cuboid0009:41119/
[xmlrpc][INFO] 2020-09-10 14:01:23,612: xml rpc node: starting XML-RPC server
[rospy.registration][INFO] 2020-09-10 14:01:23,612: Registering with master node http://localhost:11311
[rospy.init][INFO] 2020-09-10 14:01:23,712: registered with master
[rospy.rosout][INFO] 2020-09-10 14:01:23,712: initializing /rosout core topic
[rospy.rosout][INFO] 2020-09-10 14:01:23,715: connected to core topic /rosout
[rospy.simtime][INFO] 2020-09-10 14:01:23,717: /use_sim_time is not set, will not subscribe to simulated time [/clock] topic
[rospy.internal][INFO] 2020-09-10 14:01:23,729: topic[/battery_remaining] adding connection to [http://cuboid0009:37013/], count 0
[rospy.internal][INFO] 2020-09-10 14:01:23,924: topic[/rosout] adding connection to [/rosout], count 0
[rospy.internal][INFO] 2020-09-10 14:01:23,931: topic[/diagnostics] adding connection to [/diag_agg], count 0
[rospy.internal][WARNING] 2020-09-10 14:20:10,707: Unknown error initiating TCP/IP socket to cuboid0009:39241 (http://cuboid0009:37013/): Traceback (most recent call last):
  File "/opt/ros/kinetic/lib/python2.7/dist-packages/rospy/impl/tcpros_base.py", line 557, in connect
    self.read_header()
  File "/opt/ros/kinetic/lib/python2.7/dist-packages/rospy/impl/tcpros_base.py", line 650, in read_header
    self._validate_header(read_ros_handshake_header(sock, self.read_buff, self.protocol.buff_size))
  File "/opt/ros/kinetic/lib/python2.7/dist-packages/rosgraph/network.py", line 362, in read_ros_handshake_header
    d = sock.recv(buff_size)
error: [Errno 104] Connection reset by peer

[rospy.internal][INFO] 2020-09-10 14:20:10,707: topic[/battery_remaining] removing connection to http://cuboid0009:37013/
[rospy.impl.masterslave][INFO] 2020-09-10 14:20:10,829: external shutdown request from [/rosnode]: user request
[rospy.core][INFO] 2020-09-10 14:20:10,829: signal_shutdown [external shutdown request from [/rosnode]: [user request]]
[rospy.internal][INFO] 2020-09-10 14:20:10,835: topic[/diagnostics] removing connection to /diag_agg
[rospy.internal][INFO] 2020-09-10 14:20:10,835: topic[/rosout] removing connection to /rosout
[rospy.core][INFO] 2020-09-10 14:20:10,939: signal_shutdown [atexit]
