[rospy.client][INFO] 2020-09-10 14:01:20,727: init_node, name[/diagnostic_imu_topic], pid[7208]
[xmlrpc][INFO] 2020-09-10 14:01:20,727: XML-RPC server binding to 0.0.0.0:0
[xmlrpc][INFO] 2020-09-10 14:01:20,727: Started XML-RPC server [http://cuboid0009:41401/]
[rospy.impl.masterslave][INFO] 2020-09-10 14:01:20,728: _ready: http://cuboid0009:41401/
[rospy.init][INFO] 2020-09-10 14:01:20,728: ROS Slave URI: [http://cuboid0009:41401/]
[rospy.registration][INFO] 2020-09-10 14:01:20,728: Registering with master node http://localhost:11311
[xmlrpc][INFO] 2020-09-10 14:01:20,728: xml rpc node: starting XML-RPC server
[rospy.init][INFO] 2020-09-10 14:01:20,829: registered with master
[rospy.rosout][INFO] 2020-09-10 14:01:20,829: initializing /rosout core topic
[rospy.rosout][INFO] 2020-09-10 14:01:20,830: connected to core topic /rosout
[rospy.simtime][INFO] 2020-09-10 14:01:20,831: /use_sim_time is not set, will not subscribe to simulated time [/clock] topic
[rospy.internal][INFO] 2020-09-10 14:01:20,843: topic[/gyro/imu] adding connection to [http://cuboid0009:38913/], count 0
[rospy.internal][INFO] 2020-09-10 14:01:21,113: topic[/diagnostics] adding connection to [/diag_agg], count 0
[rospy.internal][INFO] 2020-09-10 14:01:21,113: topic[/rosout] adding connection to [/rosout], count 0
[rospy.impl.masterslave][INFO] 2020-09-10 14:20:11,173: external shutdown request from [/rosnode]: user request
[rospy.core][INFO] 2020-09-10 14:20:11,173: signal_shutdown [external shutdown request from [/rosnode]: [user request]]
[rospy.internal][INFO] 2020-09-10 14:20:11,176: topic[/diagnostics] removing connection to /diag_agg
[rospy.internal][INFO] 2020-09-10 14:20:11,176: topic[/rosout] removing connection to /rosout
[rospy.internal][INFO] 2020-09-10 14:20:11,176: topic[/gyro/imu] removing connection to http://cuboid0009:38913/
[rospy.core][INFO] 2020-09-10 14:20:11,308: signal_shutdown [atexit]
