[rospy.client][INFO] 2020-09-10 14:01:14,053: init_node, name[/diagnostic_vesc_left_topic], pid[6166]
[xmlrpc][INFO] 2020-09-10 14:01:14,054: XML-RPC server binding to 0.0.0.0:0
[xmlrpc][INFO] 2020-09-10 14:01:14,054: Started XML-RPC server [http://cuboid0009:46233/]
[rospy.init][INFO] 2020-09-10 14:01:14,054: ROS Slave URI: [http://cuboid0009:46233/]
[rospy.impl.masterslave][INFO] 2020-09-10 14:01:14,054: _ready: http://cuboid0009:46233/
[rospy.registration][INFO] 2020-09-10 14:01:14,055: Registering with master node http://localhost:11311
[xmlrpc][INFO] 2020-09-10 14:01:14,055: xml rpc node: starting XML-RPC server
[rospy.init][INFO] 2020-09-10 14:01:14,155: registered with master
[rospy.rosout][INFO] 2020-09-10 14:01:14,155: initializing /rosout core topic
[rospy.rosout][INFO] 2020-09-10 14:01:14,157: connected to core topic /rosout
[rospy.simtime][INFO] 2020-09-10 14:01:14,157: /use_sim_time is not set, will not subscribe to simulated time [/clock] topic
[rospy.internal][INFO] 2020-09-10 14:01:14,384: topic[/rosout] adding connection to [/rosout], count 0
[rospy.internal][INFO] 2020-09-10 14:01:14,386: topic[/diagnostics] adding connection to [/diag_agg], count 0
[rospy.internal][INFO] 2020-09-10 14:01:15,036: topic[/base/wheel_left/sensors/core] adding connection to [http://cuboid0009:42823/], count 0
[rospy.internal][WARNING] 2020-09-10 14:20:10,819: Unknown error initiating TCP/IP socket to cuboid0009:32943 (http://cuboid0009:42823/): Traceback (most recent call last):
  File "/opt/ros/kinetic/lib/python2.7/dist-packages/rospy/impl/tcpros_base.py", line 557, in connect
    self.read_header()
  File "/opt/ros/kinetic/lib/python2.7/dist-packages/rospy/impl/tcpros_base.py", line 650, in read_header
    self._validate_header(read_ros_handshake_header(sock, self.read_buff, self.protocol.buff_size))
  File "/opt/ros/kinetic/lib/python2.7/dist-packages/rosgraph/network.py", line 362, in read_ros_handshake_header
    d = sock.recv(buff_size)
error: [Errno 104] Connection reset by peer

[rospy.internal][INFO] 2020-09-10 14:20:10,820: topic[/base/wheel_left/sensors/core] removing connection to http://cuboid0009:42823/
[rospy.internal][INFO] 2020-09-10 14:20:11,123: topic[/diagnostics] removing connection to /diag_agg
[rospy.impl.masterslave][INFO] 2020-09-10 14:20:12,594: external shutdown request from [/rosnode]: user request
[rospy.core][INFO] 2020-09-10 14:20:12,594: signal_shutdown [external shutdown request from [/rosnode]: [user request]]
[rospy.internal][INFO] 2020-09-10 14:20:12,604: topic[/rosout] removing connection to /rosout
[rospy.core][INFO] 2020-09-10 14:20:12,925: signal_shutdown [atexit]
