[INFO] [1599714161.373272]: api:report/robot/uploadMileage/
[INFO] [1599714161.373564]: robot_serial_no:Cuboid0009
[INFO] [1599714171.414265]: 0.0319838356977
[INFO] [1599714171.414582]: [start] obtain token
[INFO] [1599714171.414822]: username: 3ETmYh7UGzHDPhJP
[INFO] [1599714171.415052]: password: 1Fc**********
[INFO] [1599714171.876792]: [successed] obtain token
[INFO] [1599714181.438383]: 1.95471009265
[INFO] [1599714191.411453]: 2.97241732851
[INFO] [1599714201.414333]: 0.200571001467
[INFO] [1599714211.422331]: 1.63041094427
[INFO] [1599714221.447975]: 0.160320122432
[INFO] [1599714231.454505]: 2.85251105879
[INFO] [1599714241.438354]: 2.91183666815
[INFO] [1599714251.431790]: 2.96076276619
[INFO] [1599714261.454355]: 1.98750317688
[INFO] [1599714271.442316]: 1.71813596208
[INFO] [1599714281.438430]: 0.238289702131
[INFO] [1599714291.431786]: 1.38647577641
[INFO] [1599714301.431818]: 1.36749820529
[INFO] [1599714311.434341]: 0.00575912919635
[INFO] [1599714321.490813]: -0.287615786457
[INFO] [1599714331.478258]: 2.26913069495
[INFO] [1599714341.486289]: 2.73384588724
[INFO] [1599714351.454257]: 2.95723927533
[INFO] [1599714361.454336]: 2.95703754202
[INFO] [1599714371.482285]: 2.96072688233
[INFO] [1599714381.482377]: 2.5939344964
[INFO] [1599714391.470296]: 0.0660424964591
[INFO] [1599714401.482306]: 0.559170973414
[INFO] [1599714411.482299]: 2.97961862385
[INFO] [1599714421.474473]: 2.93608187838
[INFO] [1599714431.494691]: 2.96693643928
[INFO] [1599714441.486349]: 2.95271794265
[INFO] [1599714451.502406]: 2.45412986929
[INFO] [1599714461.471344]: 0.665073088956
[INFO] [1599714471.495181]: 0.721253505488
[INFO] [1599714471.496330]: [start] obtain token
[INFO] [1599714471.496888]: username: 3ETmYh7UGzHDPhJP
[INFO] [1599714471.497486]: password: 1Fc**********
[INFO] [1599714471.746237]: [successed] obtain token
[INFO] [1599714481.474293]: -0.000685873557803
[INFO] [1599714491.486390]: 1.23962216001
[INFO] [1599714501.474293]: 2.9596441621
[INFO] [1599714511.506395]: 2.5956369997
[INFO] [1599714521.498421]: 2.97475754749
[INFO] [1599714531.502379]: 0.799294815171
[INFO] [1599714541.523170]: 2.58665534229
[INFO] [1599714551.522584]: 2.87732598989
[INFO] [1599714561.514640]: 0.757303326259
[INFO] [1599714571.501406]: 0.000548079899215
[INFO] [1599714581.518505]: 2.56595144435
[INFO] [1599714591.538535]: 2.97001750348
[INFO] [1599714601.518969]: 2.94496174064
[INFO] [1599714611.526705]: 2.8040263193
[INFO] [1599714621.530944]: 2.95999623789
[INFO] [1599714631.570338]: 0.690617713866
[INFO] [1599714641.546272]: 0.82617957966
[INFO] [1599714651.582279]: 0.493518102794
[INFO] [1599714661.566261]: -0.00453735129564
[INFO] [1599714671.554445]: 0.956380532493
[INFO] [1599714681.541643]: 2.94858574495
[INFO] [1599714691.551363]: 2.94302348467
[INFO] [1599714701.542372]: 2.96767475409
[INFO] [1599714711.542339]: 0.356738307011
[INFO] [1599714721.590361]: 2.22667269758
[INFO] [1599714731.582262]: 2.97509483714
[INFO] [1599714741.551526]: 1.66961698642
[INFO] [1599714751.578362]: -0.00183851222434
[INFO] [1599714761.562336]: 1.37741691941
[INFO] [1599714771.558305]: 2.51562935236
[INFO] [1599714771.558628]: [start] obtain token
[INFO] [1599714771.558895]: username: 3ETmYh7UGzHDPhJP
[INFO] [1599714771.559133]: password: 1Fc**********
[INFO] [1599714771.796637]: [successed] obtain token
[INFO] [1599714781.578345]: 2.98703657696
[INFO] [1599714791.570266]: 2.88120726054
[INFO] [1599714801.541775]: 2.99431931786
[INFO] [1599714811.574380]: 2.88269007613
[INFO] [1599714821.574317]: 0.645523783517
[INFO] [1599714831.578321]: -0.00110021641589
[INFO] [1599714841.561360]: 2.05980962207
[INFO] [1599714851.606398]: 0.969801580696
[INFO] [1599714861.650305]: 2.7229372405
[INFO] [1599714871.601456]: 2.87905224646
[INFO] [1599714881.642310]: 2.95525226649
[INFO] [1599714891.614430]: 2.95101635531
[INFO] [1599714901.611541]: 1.44382667243
[INFO] [1599714911.634357]: 0.445651046669
[INFO] [1599714921.634373]: 0.324436822458
[INFO] [1599714931.654313]: 0.0153426292201
[INFO] [1599714941.634325]: -0.205199642249
shutdown request: user request
